mode: atomic
github.com/dorkusprime/wolfcastle/internal/tierfs/tierfs.go:47.27,49.2 1 20
github.com/dorkusprime/wolfcastle/internal/tierfs/tierfs.go:53.54,54.39 1 6
github.com/dorkusprime/wolfcastle/internal/tierfs/tierfs.go:54.39,57.17 3 11
github.com/dorkusprime/wolfcastle/internal/tierfs/tierfs.go:57.17,59.4 1 4
github.com/dorkusprime/wolfcastle/internal/tierfs/tierfs.go:60.3,60.26 1 7
github.com/dorkusprime/wolfcastle/internal/tierfs/tierfs.go:60.26,62.4 1 1
github.com/dorkusprime/wolfcastle/internal/tierfs/tierfs.go:64.2,64.75 1 1
github.com/dorkusprime/wolfcastle/internal/tierfs/tierfs.go:69.67,72.29 2 7
github.com/dorkusprime/wolfcastle/internal/tierfs/tierfs.go:72.29,75.17 3 17
github.com/dorkusprime/wolfcastle/internal/tierfs/tierfs.go:75.17,76.26 1 9
github.com/dorkusprime/wolfcastle/internal/tierfs/tierfs.go:76.26,77.13 1 8
github.com/dorkusprime/wolfcastle/internal/tierfs/tierfs.go:79.4,79.86 1 1
github.com/dorkusprime/wolfcastle/internal/tierfs/tierfs.go:81.3,81.29 1 8
github.com/dorkusprime/wolfcastle/internal/tierfs/tierfs.go:81.29,82.56 1 10
github.com/dorkusprime/wolfcastle/internal/tierfs/tierfs.go:82.56,83.13 1 2
github.com/dorkusprime/wolfcastle/internal/tierfs/tierfs.go:85.4,86.18 2 8
github.com/dorkusprime/wolfcastle/internal/tierfs/tierfs.go:86.18,88.5 1 1
github.com/dorkusprime/wolfcastle/internal/tierfs/tierfs.go:89.4,89.27 1 7
github.com/dorkusprime/wolfcastle/internal/tierfs/tierfs.go:93.2,93.20 1 5
github.com/dorkusprime/wolfcastle/internal/tierfs/tierfs.go:97.59,99.63 2 5
github.com/dorkusprime/wolfcastle/internal/tierfs/tierfs.go:99.63,101.3 1 1
github.com/dorkusprime/wolfcastle/internal/tierfs/tierfs.go:102.2,102.56 1 4
github.com/dorkusprime/wolfcastle/internal/tierfs/tierfs.go:102.56,104.3 1 1
github.com/dorkusprime/wolfcastle/internal/tierfs/tierfs.go:105.2,105.12 1 3
github.com/dorkusprime/wolfcastle/internal/tierfs/tierfs.go:109.45,111.2 1 1
github.com/dorkusprime/wolfcastle/internal/tierfs/tierfs.go:114.34,116.26 2 1
github.com/dorkusprime/wolfcastle/internal/tierfs/tierfs.go:116.26,118.3 1 3
github.com/dorkusprime/wolfcastle/internal/tierfs/tierfs.go:119.2,119.13 1 1
