mode: set
github.com/dorkusprime/wolfcastle/internal/state/audit_lifecycle.go:21.63,23.18 2 1
github.com/dorkusprime/wolfcastle/internal/state/audit_lifecycle.go:24.24,25.33 1 1
github.com/dorkusprime/wolfcastle/internal/state/audit_lifecycle.go:27.24,28.41 1 1
github.com/dorkusprime/wolfcastle/internal/state/audit_lifecycle.go:28.41,30.33 2 1
github.com/dorkusprime/wolfcastle/internal/state/audit_lifecycle.go:30.33,33.5 2 1
github.com/dorkusprime/wolfcastle/internal/state/audit_lifecycle.go:36.22,37.22 1 1
github.com/dorkusprime/wolfcastle/internal/state/audit_lifecycle.go:37.22,43.4 3 1
github.com/dorkusprime/wolfcastle/internal/state/audit_lifecycle.go:43.9,45.35 2 1
github.com/dorkusprime/wolfcastle/internal/state/audit_lifecycle.go:45.35,48.5 2 1
github.com/dorkusprime/wolfcastle/internal/state/audit_lifecycle.go:51.21,52.32 1 1
github.com/dorkusprime/wolfcastle/internal/state/audit_lifecycle.go:57.61,58.41 1 1
github.com/dorkusprime/wolfcastle/internal/state/audit_lifecycle.go:58.41,60.3 1 1
github.com/dorkusprime/wolfcastle/internal/state/audit_lifecycle.go:61.2,61.20 1 1
github.com/dorkusprime/wolfcastle/internal/state/audit_lifecycle.go:65.38,66.34 1 1
github.com/dorkusprime/wolfcastle/internal/state/audit_lifecycle.go:66.34,67.26 1 1
github.com/dorkusprime/wolfcastle/internal/state/audit_lifecycle.go:67.26,69.4 1 1
github.com/dorkusprime/wolfcastle/internal/state/audit_lifecycle.go:71.2,71.14 1 1
github.com/dorkusprime/wolfcastle/internal/state/audit_lifecycle.go:76.36,77.26 1 1
github.com/dorkusprime/wolfcastle/internal/state/audit_lifecycle.go:77.26,78.64 1 1
github.com/dorkusprime/wolfcastle/internal/state/audit_lifecycle.go:78.64,81.9 3 1
github.com/dorkusprime/wolfcastle/internal/state/filelock.go:32.72,37.2 1 1
github.com/dorkusprime/wolfcastle/internal/state/filelock.go:42.37,44.47 2 1
github.com/dorkusprime/wolfcastle/internal/state/filelock.go:44.47,46.3 1 0
github.com/dorkusprime/wolfcastle/internal/state/filelock.go:48.2,49.16 2 1
github.com/dorkusprime/wolfcastle/internal/state/filelock.go:49.16,51.3 1 0
github.com/dorkusprime/wolfcastle/internal/state/filelock.go:53.2,56.6 3 1
github.com/dorkusprime/wolfcastle/internal/state/filelock.go:56.6,58.17 2 1
github.com/dorkusprime/wolfcastle/internal/state/filelock.go:58.17,65.4 6 1
github.com/dorkusprime/wolfcastle/internal/state/filelock.go:67.3,67.30 1 1
github.com/dorkusprime/wolfcastle/internal/state/filelock.go:67.30,68.12 1 0
github.com/dorkusprime/wolfcastle/internal/state/filelock.go:71.3,71.33 1 1
github.com/dorkusprime/wolfcastle/internal/state/filelock.go:71.33,74.4 2 1
github.com/dorkusprime/wolfcastle/internal/state/filelock.go:75.3,75.27 1 1
github.com/dorkusprime/wolfcastle/internal/state/filelock.go:81.31,82.20 1 1
github.com/dorkusprime/wolfcastle/internal/state/filelock.go:82.20,84.3 1 1
github.com/dorkusprime/wolfcastle/internal/state/filelock.go:85.2,87.15 3 1
github.com/dorkusprime/wolfcastle/internal/state/filelock.go:93.56,97.26 4 1
github.com/dorkusprime/wolfcastle/internal/state/filelock.go:97.26,99.3 1 1
github.com/dorkusprime/wolfcastle/internal/state/filelock.go:100.2,102.16 3 1
github.com/dorkusprime/wolfcastle/internal/state/filelock.go:102.16,104.3 1 1
github.com/dorkusprime/wolfcastle/internal/state/filelock.go:106.2,107.16 2 1
github.com/dorkusprime/wolfcastle/internal/state/filelock.go:107.16,109.3 1 1
github.com/dorkusprime/wolfcastle/internal/state/filelock.go:111.2,112.13 2 1
github.com/dorkusprime/wolfcastle/internal/state/filelock.go:117.53,118.37 1 1
github.com/dorkusprime/wolfcastle/internal/state/filelock.go:118.37,120.3 1 1
github.com/dorkusprime/wolfcastle/internal/state/filelock.go:121.2,122.13 2 1
github.com/dorkusprime/wolfcastle/internal/state/filelock_unix.go:10.35,12.2 1 1
github.com/dorkusprime/wolfcastle/internal/state/filelock_unix.go:14.32,16.2 1 1
github.com/dorkusprime/wolfcastle/internal/state/filelock_unix.go:18.35,20.16 2 1
github.com/dorkusprime/wolfcastle/internal/state/filelock_unix.go:20.16,22.3 1 0
github.com/dorkusprime/wolfcastle/internal/state/filelock_unix.go:23.2,23.39 1 1
github.com/dorkusprime/wolfcastle/internal/state/inbox_io.go:13.49,15.16 2 1
github.com/dorkusprime/wolfcastle/internal/state/inbox_io.go:15.16,16.25 1 1
github.com/dorkusprime/wolfcastle/internal/state/inbox_io.go:16.25,18.4 1 1
github.com/dorkusprime/wolfcastle/internal/state/inbox_io.go:19.3,19.51 1 1
github.com/dorkusprime/wolfcastle/internal/state/inbox_io.go:21.2,22.49 2 1
github.com/dorkusprime/wolfcastle/internal/state/inbox_io.go:22.49,24.3 1 1
github.com/dorkusprime/wolfcastle/internal/state/inbox_io.go:25.2,25.16 1 1
github.com/dorkusprime/wolfcastle/internal/state/inbox_io.go:29.49,31.2 1 1
github.com/dorkusprime/wolfcastle/internal/state/inbox_io.go:36.58,38.36 2 1
github.com/dorkusprime/wolfcastle/internal/state/inbox_io.go:38.36,40.17 2 1
github.com/dorkusprime/wolfcastle/internal/state/inbox_io.go:40.17,42.4 1 0
github.com/dorkusprime/wolfcastle/internal/state/inbox_io.go:43.3,44.33 2 1
github.com/dorkusprime/wolfcastle/internal/state/inbox_io.go:51.69,53.36 2 1
github.com/dorkusprime/wolfcastle/internal/state/inbox_io.go:53.36,55.17 2 1
github.com/dorkusprime/wolfcastle/internal/state/inbox_io.go:55.17,57.4 1 0
github.com/dorkusprime/wolfcastle/internal/state/inbox_io.go:58.3,58.31 1 1
github.com/dorkusprime/wolfcastle/internal/state/inbox_io.go:58.31,60.4 1 0
github.com/dorkusprime/wolfcastle/internal/state/inbox_io.go:61.3,61.33 1 1
github.com/dorkusprime/wolfcastle/internal/state/io.go:11.53,13.16 2 1
github.com/dorkusprime/wolfcastle/internal/state/io.go:13.16,15.3 1 1
github.com/dorkusprime/wolfcastle/internal/state/io.go:16.2,17.51 2 1
github.com/dorkusprime/wolfcastle/internal/state/io.go:17.51,19.3 1 1
github.com/dorkusprime/wolfcastle/internal/state/io.go:20.2,20.22 1 1
github.com/dorkusprime/wolfcastle/internal/state/io.go:20.22,22.3 1 1
github.com/dorkusprime/wolfcastle/internal/state/io.go:23.2,23.18 1 1
github.com/dorkusprime/wolfcastle/internal/state/io.go:27.55,29.2 1 1
github.com/dorkusprime/wolfcastle/internal/state/io.go:32.53,34.16 2 1
github.com/dorkusprime/wolfcastle/internal/state/io.go:34.16,36.3 1 1
github.com/dorkusprime/wolfcastle/internal/state/io.go:37.2,38.50 2 1
github.com/dorkusprime/wolfcastle/internal/state/io.go:38.50,40.3 1 1
github.com/dorkusprime/wolfcastle/internal/state/io.go:41.2,42.17 2 1
github.com/dorkusprime/wolfcastle/internal/state/io.go:47.41,49.33 1 1
github.com/dorkusprime/wolfcastle/internal/state/io.go:49.33,51.3 1 1
github.com/dorkusprime/wolfcastle/internal/state/io.go:52.2,52.26 1 1
github.com/dorkusprime/wolfcastle/internal/state/io.go:52.26,54.3 1 1
github.com/dorkusprime/wolfcastle/internal/state/io.go:55.2,55.33 1 1
github.com/dorkusprime/wolfcastle/internal/state/io.go:55.33,57.3 1 1
github.com/dorkusprime/wolfcastle/internal/state/io.go:60.2,60.27 1 1
github.com/dorkusprime/wolfcastle/internal/state/io.go:60.27,62.3 1 1
github.com/dorkusprime/wolfcastle/internal/state/io.go:66.54,68.2 1 1
github.com/dorkusprime/wolfcastle/internal/state/io.go:71.48,73.16 2 1
github.com/dorkusprime/wolfcastle/internal/state/io.go:73.16,75.3 1 1
github.com/dorkusprime/wolfcastle/internal/state/io.go:76.2,79.47 3 1
github.com/dorkusprime/wolfcastle/internal/state/io.go:79.47,81.3 1 1
github.com/dorkusprime/wolfcastle/internal/state/io.go:83.2,84.16 2 1
github.com/dorkusprime/wolfcastle/internal/state/io.go:84.16,86.3 1 1
github.com/dorkusprime/wolfcastle/internal/state/io.go:87.2,89.43 2 1
github.com/dorkusprime/wolfcastle/internal/state/io.go:89.43,93.3 3 0
github.com/dorkusprime/wolfcastle/internal/state/io.go:94.2,94.35 1 1
github.com/dorkusprime/wolfcastle/internal/state/io.go:94.35,98.3 3 0
github.com/dorkusprime/wolfcastle/internal/state/io.go:99.2,99.36 1 1
github.com/dorkusprime/wolfcastle/internal/state/io.go:99.36,102.3 2 0
github.com/dorkusprime/wolfcastle/internal/state/io.go:103.2,103.49 1 1
github.com/dorkusprime/wolfcastle/internal/state/io.go:103.49,105.3 1 1
github.com/dorkusprime/wolfcastle/internal/state/io.go:106.2,106.12 1 1
github.com/dorkusprime/wolfcastle/internal/state/mutations.go:12.64,13.25 1 1
github.com/dorkusprime/wolfcastle/internal/state/mutations.go:13.25,15.3 1 1
github.com/dorkusprime/wolfcastle/internal/state/mutations.go:18.2,19.29 2 1
github.com/dorkusprime/wolfcastle/internal/state/mutations.go:19.29,20.39 1 1
github.com/dorkusprime/wolfcastle/internal/state/mutations.go:20.39,21.66 1 1
github.com/dorkusprime/wolfcastle/internal/state/mutations.go:21.66,23.5 1 1
github.com/dorkusprime/wolfcastle/internal/state/mutations.go:26.2,36.29 4 1
github.com/dorkusprime/wolfcastle/internal/state/mutations.go:36.29,37.16 1 1
github.com/dorkusprime/wolfcastle/internal/state/mutations.go:37.16,39.9 2 1
github.com/dorkusprime/wolfcastle/internal/state/mutations.go:42.2,47.19 3 1
github.com/dorkusprime/wolfcastle/internal/state/mutations.go:53.79,56.29 2 1
github.com/dorkusprime/wolfcastle/internal/state/mutations.go:56.29,57.23 1 1
github.com/dorkusprime/wolfcastle/internal/state/mutations.go:57.23,59.9 2 1
github.com/dorkusprime/wolfcastle/internal/state/mutations.go:62.2,62.18 1 1
github.com/dorkusprime/wolfcastle/internal/state/mutations.go:62.18,64.3 1 1
github.com/dorkusprime/wolfcastle/internal/state/mutations.go:67.2,69.29 3 1
github.com/dorkusprime/wolfcastle/internal/state/mutations.go:69.29,70.38 1 1
github.com/dorkusprime/wolfcastle/internal/state/mutations.go:70.38,73.49 2 1
github.com/dorkusprime/wolfcastle/internal/state/mutations.go:73.49,75.5 1 0
github.com/dorkusprime/wolfcastle/internal/state/mutations.go:76.4,76.64 1 1
github.com/dorkusprime/wolfcastle/internal/state/mutations.go:76.64,78.5 1 1
github.com/dorkusprime/wolfcastle/internal/state/mutations.go:81.2,92.29 5 1
github.com/dorkusprime/wolfcastle/internal/state/mutations.go:92.29,93.23 1 1
github.com/dorkusprime/wolfcastle/internal/state/mutations.go:93.23,95.12 2 1
github.com/dorkusprime/wolfcastle/internal/state/mutations.go:97.3,97.53 1 1
github.com/dorkusprime/wolfcastle/internal/state/mutations.go:97.53,99.9 2 1
github.com/dorkusprime/wolfcastle/internal/state/mutations.go:102.2,104.19 2 1
github.com/dorkusprime/wolfcastle/internal/state/mutations.go:108.54,110.29 2 1
github.com/dorkusprime/wolfcastle/internal/state/mutations.go:110.29,111.38 1 1
github.com/dorkusprime/wolfcastle/internal/state/mutations.go:111.38,113.4 1 1
github.com/dorkusprime/wolfcastle/internal/state/mutations.go:115.2,115.14 1 1
github.com/dorkusprime/wolfcastle/internal/state/mutations.go:121.74,128.29 6 1
github.com/dorkusprime/wolfcastle/internal/state/mutations.go:128.29,129.39 1 1
github.com/dorkusprime/wolfcastle/internal/state/mutations.go:129.39,130.12 1 1
github.com/dorkusprime/wolfcastle/internal/state/mutations.go:133.3,134.34 2 1
github.com/dorkusprime/wolfcastle/internal/state/mutations.go:134.34,135.12 1 1
github.com/dorkusprime/wolfcastle/internal/state/mutations.go:137.3,138.18 2 1
github.com/dorkusprime/wolfcastle/internal/state/mutations.go:139.23,139.23 0 1
github.com/dorkusprime/wolfcastle/internal/state/mutations.go:141.25,143.23 2 1
github.com/dorkusprime/wolfcastle/internal/state/mutations.go:144.22,146.23 2 1
github.com/dorkusprime/wolfcastle/internal/state/mutations.go:147.11,148.23 1 1
github.com/dorkusprime/wolfcastle/internal/state/mutations.go:152.2,152.18 1 1
github.com/dorkusprime/wolfcastle/internal/state/mutations.go:152.18,153.30 1 1
github.com/dorkusprime/wolfcastle/internal/state/mutations.go:153.30,154.22 1 1
github.com/dorkusprime/wolfcastle/internal/state/mutations.go:154.22,156.5 1 1
github.com/dorkusprime/wolfcastle/internal/state/mutations.go:158.3,158.33 1 0
github.com/dorkusprime/wolfcastle/internal/state/mutations.go:161.2,161.17 1 1
github.com/dorkusprime/wolfcastle/internal/state/mutations.go:161.17,166.30 1 1
github.com/dorkusprime/wolfcastle/internal/state/mutations.go:166.30,167.64 1 1
github.com/dorkusprime/wolfcastle/internal/state/mutations.go:167.64,169.5 1 1
github.com/dorkusprime/wolfcastle/internal/state/mutations.go:171.3,171.30 1 1
github.com/dorkusprime/wolfcastle/internal/state/mutations.go:173.2,173.19 1 1
github.com/dorkusprime/wolfcastle/internal/state/mutations.go:173.19,175.3 1 1
github.com/dorkusprime/wolfcastle/internal/state/mutations.go:176.2,176.16 1 1
github.com/dorkusprime/wolfcastle/internal/state/mutations.go:176.16,178.3 1 1
github.com/dorkusprime/wolfcastle/internal/state/mutations.go:179.2,179.31 1 1
github.com/dorkusprime/wolfcastle/internal/state/mutations.go:183.52,185.14 2 1
github.com/dorkusprime/wolfcastle/internal/state/mutations.go:185.14,187.3 1 1
github.com/dorkusprime/wolfcastle/internal/state/mutations.go:188.2,188.33 1 1
github.com/dorkusprime/wolfcastle/internal/state/mutations.go:188.33,190.3 1 1
github.com/dorkusprime/wolfcastle/internal/state/mutations.go:191.2,196.12 4 1
github.com/dorkusprime/wolfcastle/internal/state/mutations.go:203.55,205.14 2 1
github.com/dorkusprime/wolfcastle/internal/state/mutations.go:205.14,207.3 1 1
github.com/dorkusprime/wolfcastle/internal/state/mutations.go:208.2,208.59 1 1
github.com/dorkusprime/wolfcastle/internal/state/mutations.go:208.59,212.3 1 1
github.com/dorkusprime/wolfcastle/internal/state/mutations.go:213.2,213.33 1 1
github.com/dorkusprime/wolfcastle/internal/state/mutations.go:213.33,215.3 1 1
github.com/dorkusprime/wolfcastle/internal/state/mutations.go:216.2,220.25 2 1
github.com/dorkusprime/wolfcastle/internal/state/mutations.go:220.25,222.54 2 0
github.com/dorkusprime/wolfcastle/internal/state/mutations.go:222.54,223.106 1 0
github.com/dorkusprime/wolfcastle/internal/state/mutations.go:223.106,225.5 1 0
github.com/dorkusprime/wolfcastle/internal/state/mutations.go:230.2,232.32 3 1
github.com/dorkusprime/wolfcastle/internal/state/mutations.go:232.32,234.75 2 1
github.com/dorkusprime/wolfcastle/internal/state/mutations.go:234.75,236.4 1 0
github.com/dorkusprime/wolfcastle/internal/state/mutations.go:237.3,237.31 1 1
github.com/dorkusprime/wolfcastle/internal/state/mutations.go:237.31,239.4 1 1
github.com/dorkusprime/wolfcastle/internal/state/mutations.go:240.3,240.58 1 1
github.com/dorkusprime/wolfcastle/internal/state/mutations.go:240.58,242.4 1 1
github.com/dorkusprime/wolfcastle/internal/state/mutations.go:244.2,244.17 1 1
github.com/dorkusprime/wolfcastle/internal/state/mutations.go:244.17,246.3 1 1
github.com/dorkusprime/wolfcastle/internal/state/mutations.go:246.8,246.33 1 1
github.com/dorkusprime/wolfcastle/internal/state/mutations.go:246.33,248.3 1 1
github.com/dorkusprime/wolfcastle/internal/state/mutations.go:249.2,250.12 2 1
github.com/dorkusprime/wolfcastle/internal/state/mutations.go:256.67,258.14 2 1
github.com/dorkusprime/wolfcastle/internal/state/mutations.go:258.14,260.3 1 1
github.com/dorkusprime/wolfcastle/internal/state/mutations.go:261.2,261.30 1 1
github.com/dorkusprime/wolfcastle/internal/state/mutations.go:261.30,264.19 1 0
github.com/dorkusprime/wolfcastle/internal/state/mutations.go:264.19,266.4 1 0
github.com/dorkusprime/wolfcastle/internal/state/mutations.go:268.8,268.71 1 1
github.com/dorkusprime/wolfcastle/internal/state/mutations.go:268.71,270.3 1 1
github.com/dorkusprime/wolfcastle/internal/state/mutations.go:270.8,273.3 2 1
github.com/dorkusprime/wolfcastle/internal/state/mutations.go:277.2,279.32 3 1
github.com/dorkusprime/wolfcastle/internal/state/mutations.go:279.32,280.19 1 1
github.com/dorkusprime/wolfcastle/internal/state/mutations.go:280.19,281.12 1 0
github.com/dorkusprime/wolfcastle/internal/state/mutations.go:283.3,283.35 1 1
github.com/dorkusprime/wolfcastle/internal/state/mutations.go:283.35,285.4 1 1
github.com/dorkusprime/wolfcastle/internal/state/mutations.go:286.3,286.34 1 1
github.com/dorkusprime/wolfcastle/internal/state/mutations.go:286.34,288.4 1 1
github.com/dorkusprime/wolfcastle/internal/state/mutations.go:290.2,290.48 1 1
github.com/dorkusprime/wolfcastle/internal/state/mutations.go:290.48,291.33 1 1
github.com/dorkusprime/wolfcastle/internal/state/mutations.go:291.33,292.54 1 1
github.com/dorkusprime/wolfcastle/internal/state/mutations.go:292.54,295.5 2 0
github.com/dorkusprime/wolfcastle/internal/state/mutations.go:300.2,301.32 2 1
github.com/dorkusprime/wolfcastle/internal/state/mutations.go:301.32,302.66 1 1
github.com/dorkusprime/wolfcastle/internal/state/mutations.go:302.66,304.9 2 1
github.com/dorkusprime/wolfcastle/internal/state/mutations.go:307.2,307.26 1 1
github.com/dorkusprime/wolfcastle/internal/state/mutations.go:307.26,309.3 1 1
github.com/dorkusprime/wolfcastle/internal/state/mutations.go:310.2,311.12 2 1
github.com/dorkusprime/wolfcastle/internal/state/mutations.go:315.54,317.14 2 1
github.com/dorkusprime/wolfcastle/internal/state/mutations.go:317.14,319.3 1 1
github.com/dorkusprime/wolfcastle/internal/state/mutations.go:320.2,320.30 1 1
github.com/dorkusprime/wolfcastle/internal/state/mutations.go:320.30,322.3 1 1
github.com/dorkusprime/wolfcastle/internal/state/mutations.go:323.2,330.12 6 1
github.com/dorkusprime/wolfcastle/internal/state/mutations.go:334.82,340.2 1 1
github.com/dorkusprime/wolfcastle/internal/state/mutations.go:344.115,347.44 2 1
github.com/dorkusprime/wolfcastle/internal/state/mutations.go:347.44,348.27 1 1
github.com/dorkusprime/wolfcastle/internal/state/mutations.go:348.27,350.9 2 1
github.com/dorkusprime/wolfcastle/internal/state/mutations.go:353.2,361.4 2 1
github.com/dorkusprime/wolfcastle/internal/state/mutations.go:365.66,367.14 2 1
github.com/dorkusprime/wolfcastle/internal/state/mutations.go:367.14,369.3 1 1
github.com/dorkusprime/wolfcastle/internal/state/mutations.go:370.2,371.28 2 1
github.com/dorkusprime/wolfcastle/internal/state/mutations.go:376.35,378.29 2 1
github.com/dorkusprime/wolfcastle/internal/state/mutations.go:378.29,379.16 1 1
github.com/dorkusprime/wolfcastle/internal/state/mutations.go:379.16,381.9 2 1
github.com/dorkusprime/wolfcastle/internal/state/mutations.go:384.2,384.49 1 1
github.com/dorkusprime/wolfcastle/internal/state/mutations.go:384.49,386.3 1 1
github.com/dorkusprime/wolfcastle/internal/state/mutations.go:387.2,389.36 3 1
github.com/dorkusprime/wolfcastle/internal/state/mutations.go:393.70,395.14 2 1
github.com/dorkusprime/wolfcastle/internal/state/mutations.go:395.14,397.3 1 1
github.com/dorkusprime/wolfcastle/internal/state/mutations.go:400.51,401.26 1 1
github.com/dorkusprime/wolfcastle/internal/state/mutations.go:401.26,402.31 1 1
github.com/dorkusprime/wolfcastle/internal/state/mutations.go:402.31,404.4 1 1
github.com/dorkusprime/wolfcastle/internal/state/mutations.go:406.2,406.12 1 1
github.com/dorkusprime/wolfcastle/internal/state/navigation.go:20.128,23.21 2 1
github.com/dorkusprime/wolfcastle/internal/state/navigation.go:23.21,25.10 2 1
github.com/dorkusprime/wolfcastle/internal/state/navigation.go:25.10,27.4 1 1
github.com/dorkusprime/wolfcastle/internal/state/navigation.go:28.3,28.36 1 1
github.com/dorkusprime/wolfcastle/internal/state/navigation.go:28.36,30.4 1 1
github.com/dorkusprime/wolfcastle/internal/state/navigation.go:31.3,31.35 1 1
github.com/dorkusprime/wolfcastle/internal/state/navigation.go:31.35,33.4 1 1
github.com/dorkusprime/wolfcastle/internal/state/navigation.go:34.3,34.30 1 1
github.com/dorkusprime/wolfcastle/internal/state/navigation.go:35.8,37.24 1 1
github.com/dorkusprime/wolfcastle/internal/state/navigation.go:37.24,39.4 1 1
github.com/dorkusprime/wolfcastle/internal/state/navigation.go:39.9,41.39 1 1
github.com/dorkusprime/wolfcastle/internal/state/navigation.go:41.39,42.27 1 1
github.com/dorkusprime/wolfcastle/internal/state/navigation.go:42.27,44.6 1 1
github.com/dorkusprime/wolfcastle/internal/state/navigation.go:46.4,46.23 1 1
github.com/dorkusprime/wolfcastle/internal/state/navigation.go:51.2,51.29 1 1
github.com/dorkusprime/wolfcastle/internal/state/navigation.go:51.29,53.17 2 1
github.com/dorkusprime/wolfcastle/internal/state/navigation.go:53.17,55.4 1 1
github.com/dorkusprime/wolfcastle/internal/state/navigation.go:56.3,56.36 1 1
github.com/dorkusprime/wolfcastle/internal/state/navigation.go:56.36,58.4 1 1
github.com/dorkusprime/wolfcastle/internal/state/navigation.go:62.2,62.25 1 1
github.com/dorkusprime/wolfcastle/internal/state/navigation.go:62.25,64.3 1 1
github.com/dorkusprime/wolfcastle/internal/state/navigation.go:65.2,66.34 2 1
github.com/dorkusprime/wolfcastle/internal/state/navigation.go:66.34,67.35 1 1
github.com/dorkusprime/wolfcastle/internal/state/navigation.go:67.35,69.9 2 1
github.com/dorkusprime/wolfcastle/internal/state/navigation.go:72.2,72.47 1 1
github.com/dorkusprime/wolfcastle/internal/state/navigation.go:75.114,77.9 2 1
github.com/dorkusprime/wolfcastle/internal/state/navigation.go:77.9,79.3 1 1
github.com/dorkusprime/wolfcastle/internal/state/navigation.go:82.2,82.67 1 1
github.com/dorkusprime/wolfcastle/internal/state/navigation.go:82.67,84.3 1 1
github.com/dorkusprime/wolfcastle/internal/state/navigation.go:86.2,86.36 1 1
github.com/dorkusprime/wolfcastle/internal/state/navigation.go:86.36,88.44 1 1
github.com/dorkusprime/wolfcastle/internal/state/navigation.go:88.44,90.18 2 1
github.com/dorkusprime/wolfcastle/internal/state/navigation.go:90.18,92.5 1 1
github.com/dorkusprime/wolfcastle/internal/state/navigation.go:93.4,93.37 1 1
github.com/dorkusprime/wolfcastle/internal/state/navigation.go:93.37,95.5 1 1
github.com/dorkusprime/wolfcastle/internal/state/navigation.go:98.3,98.44 1 1
github.com/dorkusprime/wolfcastle/internal/state/navigation.go:102.2,102.43 1 1
github.com/dorkusprime/wolfcastle/internal/state/navigation.go:110.113,112.16 2 1
github.com/dorkusprime/wolfcastle/internal/state/navigation.go:112.16,114.3 1 1
github.com/dorkusprime/wolfcastle/internal/state/navigation.go:118.2,120.41 3 1
github.com/dorkusprime/wolfcastle/internal/state/navigation.go:120.41,122.3 1 1
github.com/dorkusprime/wolfcastle/internal/state/navigation.go:126.2,129.30 4 1
github.com/dorkusprime/wolfcastle/internal/state/navigation.go:129.30,130.19 1 1
github.com/dorkusprime/wolfcastle/internal/state/navigation.go:130.19,131.12 1 1
github.com/dorkusprime/wolfcastle/internal/state/navigation.go:134.3,134.60 1 1
github.com/dorkusprime/wolfcastle/internal/state/navigation.go:134.60,135.12 1 1
github.com/dorkusprime/wolfcastle/internal/state/navigation.go:137.3,139.75 3 1
github.com/dorkusprime/wolfcastle/internal/state/navigation.go:139.75,141.4 1 1
github.com/dorkusprime/wolfcastle/internal/state/navigation.go:142.3,142.17 1 1
github.com/dorkusprime/wolfcastle/internal/state/navigation.go:143.23,144.18 1 1
github.com/dorkusprime/wolfcastle/internal/state/navigation.go:145.22,147.18 2 1
github.com/dorkusprime/wolfcastle/internal/state/navigation.go:150.2,151.47 2 1
github.com/dorkusprime/wolfcastle/internal/state/navigation.go:151.47,154.3 1 1
github.com/dorkusprime/wolfcastle/internal/state/navigation.go:155.2,155.33 1 1
github.com/dorkusprime/wolfcastle/internal/state/navigation.go:155.33,160.37 2 1
github.com/dorkusprime/wolfcastle/internal/state/navigation.go:160.37,161.37 1 1
github.com/dorkusprime/wolfcastle/internal/state/navigation.go:161.37,163.10 2 0
github.com/dorkusprime/wolfcastle/internal/state/navigation.go:166.3,166.40 1 1
github.com/dorkusprime/wolfcastle/internal/state/navigation.go:168.2,171.30 2 1
github.com/dorkusprime/wolfcastle/internal/state/navigation.go:171.30,172.37 1 1
github.com/dorkusprime/wolfcastle/internal/state/navigation.go:172.37,174.33 1 1
github.com/dorkusprime/wolfcastle/internal/state/navigation.go:174.33,175.13 1 1
github.com/dorkusprime/wolfcastle/internal/state/navigation.go:177.4,182.10 1 1
github.com/dorkusprime/wolfcastle/internal/state/navigation.go:187.2,187.30 1 1
github.com/dorkusprime/wolfcastle/internal/state/navigation.go:187.30,188.37 1 1
github.com/dorkusprime/wolfcastle/internal/state/navigation.go:188.37,189.12 1 1
github.com/dorkusprime/wolfcastle/internal/state/navigation.go:194.3,194.32 1 1
github.com/dorkusprime/wolfcastle/internal/state/navigation.go:194.32,195.58 1 1
github.com/dorkusprime/wolfcastle/internal/state/navigation.go:195.58,196.13 1 1
github.com/dorkusprime/wolfcastle/internal/state/navigation.go:200.3,200.41 1 1
github.com/dorkusprime/wolfcastle/internal/state/navigation.go:200.41,201.12 1 1
github.com/dorkusprime/wolfcastle/internal/state/navigation.go:203.3,203.19 1 1
github.com/dorkusprime/wolfcastle/internal/state/navigation.go:203.19,204.24 1 1
github.com/dorkusprime/wolfcastle/internal/state/navigation.go:204.24,205.13 1 1
github.com/dorkusprime/wolfcastle/internal/state/navigation.go:207.4,207.26 1 1
github.com/dorkusprime/wolfcastle/internal/state/navigation.go:207.26,208.13 1 0
github.com/dorkusprime/wolfcastle/internal/state/navigation.go:211.3,216.9 1 1
github.com/dorkusprime/wolfcastle/internal/state/navigation.go:219.2,219.17 1 1
github.com/dorkusprime/wolfcastle/internal/state/navigation.go:223.34,225.2 1 1
github.com/dorkusprime/wolfcastle/internal/state/navigation.go:229.42,231.13 2 0
github.com/dorkusprime/wolfcastle/internal/state/navigation.go:231.13,233.3 1 0
github.com/dorkusprime/wolfcastle/internal/state/navigation.go:234.2,234.22 1 0
github.com/dorkusprime/wolfcastle/internal/state/navigation.go:238.54,240.13 2 1
github.com/dorkusprime/wolfcastle/internal/state/navigation.go:240.13,242.3 1 0
github.com/dorkusprime/wolfcastle/internal/state/navigation.go:243.2,244.26 2 1
github.com/dorkusprime/wolfcastle/internal/state/navigation.go:244.26,245.23 1 1
github.com/dorkusprime/wolfcastle/internal/state/navigation.go:245.23,247.4 1 1
github.com/dorkusprime/wolfcastle/internal/state/navigation.go:249.2,249.14 1 0
github.com/dorkusprime/wolfcastle/internal/state/navigation.go:256.63,259.6 2 1
github.com/dorkusprime/wolfcastle/internal/state/navigation.go:259.6,261.14 2 1
github.com/dorkusprime/wolfcastle/internal/state/navigation.go:261.14,262.9 1 1
github.com/dorkusprime/wolfcastle/internal/state/navigation.go:264.3,265.30 2 1
github.com/dorkusprime/wolfcastle/internal/state/navigation.go:265.30,266.69 1 1
github.com/dorkusprime/wolfcastle/internal/state/navigation.go:266.69,268.5 1 1
github.com/dorkusprime/wolfcastle/internal/state/navigation.go:270.3,270.16 1 1
github.com/dorkusprime/wolfcastle/internal/state/navigation.go:272.2,272.14 1 1
github.com/dorkusprime/wolfcastle/internal/state/navigation.go:277.61,280.29 3 1
github.com/dorkusprime/wolfcastle/internal/state/navigation.go:280.29,281.39 1 1
github.com/dorkusprime/wolfcastle/internal/state/navigation.go:281.39,282.12 1 1
github.com/dorkusprime/wolfcastle/internal/state/navigation.go:284.3,285.34 2 1
github.com/dorkusprime/wolfcastle/internal/state/navigation.go:285.34,286.12 1 0
github.com/dorkusprime/wolfcastle/internal/state/navigation.go:288.3,289.32 2 1
github.com/dorkusprime/wolfcastle/internal/state/navigation.go:289.32,291.4 1 1
github.com/dorkusprime/wolfcastle/internal/state/navigation.go:293.2,293.14 1 1
github.com/dorkusprime/wolfcastle/internal/state/propagate.go:14.9,16.42 1 1
github.com/dorkusprime/wolfcastle/internal/state/propagate.go:16.42,19.3 2 1
github.com/dorkusprime/wolfcastle/internal/state/propagate.go:22.2,22.44 1 1
github.com/dorkusprime/wolfcastle/internal/state/propagate.go:22.44,23.39 1 1
github.com/dorkusprime/wolfcastle/internal/state/propagate.go:23.39,25.4 1 1
github.com/dorkusprime/wolfcastle/internal/state/propagate.go:26.3,26.12 1 1
github.com/dorkusprime/wolfcastle/internal/state/propagate.go:29.2,36.16 2 1
github.com/dorkusprime/wolfcastle/internal/state/propagate.go:36.16,38.3 1 1
github.com/dorkusprime/wolfcastle/internal/state/propagate.go:41.2,42.6 2 1
github.com/dorkusprime/wolfcastle/internal/state/propagate.go:42.6,44.10 2 1
github.com/dorkusprime/wolfcastle/internal/state/propagate.go:44.10,45.9 1 1
github.com/dorkusprime/wolfcastle/internal/state/propagate.go:47.3,48.23 2 1
github.com/dorkusprime/wolfcastle/internal/state/propagate.go:48.23,49.9 1 1
github.com/dorkusprime/wolfcastle/internal/state/propagate.go:51.3,52.17 2 1
github.com/dorkusprime/wolfcastle/internal/state/propagate.go:52.17,54.4 1 1
github.com/dorkusprime/wolfcastle/internal/state/propagate.go:55.3,55.51 1 1
github.com/dorkusprime/wolfcastle/internal/state/propagate.go:55.51,58.4 2 1
github.com/dorkusprime/wolfcastle/internal/state/propagate.go:59.3,59.23 1 1
github.com/dorkusprime/wolfcastle/internal/state/propagate.go:63.2,63.23 1 1
github.com/dorkusprime/wolfcastle/internal/state/propagate.go:63.23,64.50 1 1
github.com/dorkusprime/wolfcastle/internal/state/propagate.go:64.50,66.4 1 1
github.com/dorkusprime/wolfcastle/internal/state/propagate.go:69.2,69.12 1 1
github.com/dorkusprime/wolfcastle/internal/state/propagation.go:8.70,9.24 1 1
github.com/dorkusprime/wolfcastle/internal/state/propagation.go:9.24,11.3 1 1
github.com/dorkusprime/wolfcastle/internal/state/propagation.go:13.2,17.29 4 1
github.com/dorkusprime/wolfcastle/internal/state/propagation.go:17.29,18.34 1 1
github.com/dorkusprime/wolfcastle/internal/state/propagation.go:18.34,20.4 1 1
github.com/dorkusprime/wolfcastle/internal/state/propagation.go:21.3,21.32 1 1
github.com/dorkusprime/wolfcastle/internal/state/propagation.go:21.32,23.4 1 1
github.com/dorkusprime/wolfcastle/internal/state/propagation.go:24.3,24.31 1 1
github.com/dorkusprime/wolfcastle/internal/state/propagation.go:24.31,26.4 1 1
github.com/dorkusprime/wolfcastle/internal/state/propagation.go:32.2,32.20 1 1
github.com/dorkusprime/wolfcastle/internal/state/propagation.go:32.20,33.30 1 1
github.com/dorkusprime/wolfcastle/internal/state/propagation.go:33.30,34.33 1 0
github.com/dorkusprime/wolfcastle/internal/state/propagation.go:34.33,36.5 1 0
github.com/dorkusprime/wolfcastle/internal/state/propagation.go:37.4,37.35 1 0
github.com/dorkusprime/wolfcastle/internal/state/propagation.go:37.35,39.5 1 0
github.com/dorkusprime/wolfcastle/internal/state/propagation.go:43.2,43.19 1 1
github.com/dorkusprime/wolfcastle/internal/state/propagation.go:43.19,45.3 1 1
github.com/dorkusprime/wolfcastle/internal/state/propagation.go:46.2,46.17 1 1
github.com/dorkusprime/wolfcastle/internal/state/propagation.go:46.17,48.3 1 1
github.com/dorkusprime/wolfcastle/internal/state/propagation.go:51.2,51.16 1 1
github.com/dorkusprime/wolfcastle/internal/state/propagation.go:51.16,53.30 2 1
github.com/dorkusprime/wolfcastle/internal/state/propagation.go:53.30,54.61 1 1
github.com/dorkusprime/wolfcastle/internal/state/propagation.go:54.61,56.10 2 1
github.com/dorkusprime/wolfcastle/internal/state/propagation.go:59.3,59.28 1 1
github.com/dorkusprime/wolfcastle/internal/state/propagation.go:59.28,61.4 1 1
github.com/dorkusprime/wolfcastle/internal/state/propagation.go:64.2,64.25 1 1
github.com/dorkusprime/wolfcastle/internal/state/propagation.go:79.21,85.6 5 1
github.com/dorkusprime/wolfcastle/internal/state/propagation.go:85.6,87.23 2 1
github.com/dorkusprime/wolfcastle/internal/state/propagation.go:87.23,88.9 1 1
github.com/dorkusprime/wolfcastle/internal/state/propagation.go:91.3,91.26 1 1
github.com/dorkusprime/wolfcastle/internal/state/propagation.go:91.26,93.4 1 1
github.com/dorkusprime/wolfcastle/internal/state/propagation.go:94.3,96.41 2 1
github.com/dorkusprime/wolfcastle/internal/state/propagation.go:96.41,98.4 1 1
github.com/dorkusprime/wolfcastle/internal/state/propagation.go:100.3,101.17 2 1
github.com/dorkusprime/wolfcastle/internal/state/propagation.go:101.17,103.4 1 1
github.com/dorkusprime/wolfcastle/internal/state/propagation.go:106.3,106.34 1 1
github.com/dorkusprime/wolfcastle/internal/state/propagation.go:106.34,107.45 1 1
github.com/dorkusprime/wolfcastle/internal/state/propagation.go:107.45,109.10 2 1
github.com/dorkusprime/wolfcastle/internal/state/propagation.go:113.3,116.56 3 1
github.com/dorkusprime/wolfcastle/internal/state/propagation.go:116.56,118.4 1 1
github.com/dorkusprime/wolfcastle/internal/state/propagation.go:119.3,122.26 3 1
github.com/dorkusprime/wolfcastle/internal/state/propagation.go:125.2,125.21 1 1
github.com/dorkusprime/wolfcastle/internal/state/render.go:20.39,26.22 4 1
github.com/dorkusprime/wolfcastle/internal/state/render.go:26.22,28.3 1 1
github.com/dorkusprime/wolfcastle/internal/state/render.go:29.2,29.18 1 1
github.com/dorkusprime/wolfcastle/internal/state/render.go:29.18,32.3 2 1
github.com/dorkusprime/wolfcastle/internal/state/render.go:33.2,33.25 1 1
github.com/dorkusprime/wolfcastle/internal/state/render.go:33.25,36.3 2 1
github.com/dorkusprime/wolfcastle/internal/state/render.go:37.2,37.29 1 1
github.com/dorkusprime/wolfcastle/internal/state/render.go:37.29,39.36 2 1
github.com/dorkusprime/wolfcastle/internal/state/render.go:39.36,41.4 1 1
github.com/dorkusprime/wolfcastle/internal/state/render.go:43.2,43.35 1 1
github.com/dorkusprime/wolfcastle/internal/state/render.go:43.35,45.43 2 1
github.com/dorkusprime/wolfcastle/internal/state/render.go:45.43,47.4 1 1
github.com/dorkusprime/wolfcastle/internal/state/render.go:49.2,49.28 1 1
github.com/dorkusprime/wolfcastle/internal/state/render.go:49.28,51.35 2 1
github.com/dorkusprime/wolfcastle/internal/state/render.go:51.35,53.4 1 1
github.com/dorkusprime/wolfcastle/internal/state/render.go:55.2,55.27 1 1
github.com/dorkusprime/wolfcastle/internal/state/render.go:55.27,57.34 2 1
github.com/dorkusprime/wolfcastle/internal/state/render.go:57.34,59.4 1 1
github.com/dorkusprime/wolfcastle/internal/state/render.go:61.3,61.34 1 1
github.com/dorkusprime/wolfcastle/internal/state/render.go:61.34,62.35 1 1
github.com/dorkusprime/wolfcastle/internal/state/render.go:62.35,63.51 1 1
github.com/dorkusprime/wolfcastle/internal/state/render.go:63.51,65.49 2 1
github.com/dorkusprime/wolfcastle/internal/state/render.go:65.49,67.7 1 1
github.com/dorkusprime/wolfcastle/internal/state/render.go:72.2,73.24 2 1
github.com/dorkusprime/wolfcastle/internal/state/render.go:73.24,75.30 2 1
github.com/dorkusprime/wolfcastle/internal/state/render.go:75.30,77.29 2 1
github.com/dorkusprime/wolfcastle/internal/state/render.go:78.30,79.215 1 1
github.com/dorkusprime/wolfcastle/internal/state/render.go:80.23,81.166 1 1
github.com/dorkusprime/wolfcastle/internal/state/render.go:82.12,83.88 1 1
github.com/dorkusprime/wolfcastle/internal/state/render.go:88.2,88.19 1 1
github.com/dorkusprime/wolfcastle/internal/state/render.go:97.58,103.23 4 1
github.com/dorkusprime/wolfcastle/internal/state/render.go:103.23,105.30 2 1
github.com/dorkusprime/wolfcastle/internal/state/render.go:105.30,107.4 1 1
github.com/dorkusprime/wolfcastle/internal/state/render.go:110.2,110.19 1 1
github.com/dorkusprime/wolfcastle/internal/state/render.go:116.45,120.34 3 1
github.com/dorkusprime/wolfcastle/internal/state/render.go:120.34,122.3 1 1
github.com/dorkusprime/wolfcastle/internal/state/render.go:124.2,126.20 2 1
github.com/dorkusprime/wolfcastle/internal/state/render.go:126.20,129.30 3 1
github.com/dorkusprime/wolfcastle/internal/state/render.go:129.30,131.4 1 1
github.com/dorkusprime/wolfcastle/internal/state/render.go:132.3,132.44 1 1
github.com/dorkusprime/wolfcastle/internal/state/render.go:132.44,134.4 1 1
github.com/dorkusprime/wolfcastle/internal/state/render.go:137.2,137.14 1 1
github.com/dorkusprime/wolfcastle/internal/state/render.go:137.14,140.3 2 1
github.com/dorkusprime/wolfcastle/internal/state/render.go:142.2,142.19 1 1
github.com/dorkusprime/wolfcastle/internal/state/review_io.go:14.45,16.16 2 1
github.com/dorkusprime/wolfcastle/internal/state/review_io.go:16.16,17.25 1 1
github.com/dorkusprime/wolfcastle/internal/state/review_io.go:17.25,19.4 1 1
github.com/dorkusprime/wolfcastle/internal/state/review_io.go:20.3,20.58 1 1
github.com/dorkusprime/wolfcastle/internal/state/review_io.go:22.2,23.49 2 1
github.com/dorkusprime/wolfcastle/internal/state/review_io.go:23.49,25.3 1 1
github.com/dorkusprime/wolfcastle/internal/state/review_io.go:26.2,26.16 1 1
github.com/dorkusprime/wolfcastle/internal/state/review_io.go:30.45,32.2 1 1
github.com/dorkusprime/wolfcastle/internal/state/review_io.go:35.37,37.39 2 1
github.com/dorkusprime/wolfcastle/internal/state/review_io.go:37.39,39.3 1 1
github.com/dorkusprime/wolfcastle/internal/state/review_io.go:40.2,40.12 1 1
github.com/dorkusprime/wolfcastle/internal/state/review_io.go:45.49,47.16 2 1
github.com/dorkusprime/wolfcastle/internal/state/review_io.go:47.16,48.25 1 1
github.com/dorkusprime/wolfcastle/internal/state/review_io.go:48.25,50.4 1 1
github.com/dorkusprime/wolfcastle/internal/state/review_io.go:51.3,51.60 1 1
github.com/dorkusprime/wolfcastle/internal/state/review_io.go:53.2,54.49 2 1
github.com/dorkusprime/wolfcastle/internal/state/review_io.go:54.49,56.3 1 1
github.com/dorkusprime/wolfcastle/internal/state/review_io.go:57.2,57.16 1 1
github.com/dorkusprime/wolfcastle/internal/state/review_io.go:61.49,63.2 1 1
github.com/dorkusprime/wolfcastle/internal/state/review_io.go:68.90,69.20 1 1
github.com/dorkusprime/wolfcastle/internal/state/review_io.go:69.20,73.31 4 1
github.com/dorkusprime/wolfcastle/internal/state/review_io.go:73.31,74.35 1 1
github.com/dorkusprime/wolfcastle/internal/state/review_io.go:74.35,76.5 1 1
github.com/dorkusprime/wolfcastle/internal/state/review_io.go:78.3,78.19 1 1
github.com/dorkusprime/wolfcastle/internal/state/review_io.go:81.2,81.51 1 1
github.com/dorkusprime/wolfcastle/internal/state/review_io.go:81.51,83.45 1 1
github.com/dorkusprime/wolfcastle/internal/state/review_io.go:83.45,85.4 1 1
github.com/dorkusprime/wolfcastle/internal/state/review_io.go:86.3,86.37 1 1
github.com/dorkusprime/wolfcastle/internal/state/store.go:25.76,30.2 1 1
github.com/dorkusprime/wolfcastle/internal/state/store.go:33.35,35.2 1 1
github.com/dorkusprime/wolfcastle/internal/state/store.go:38.46,40.2 1 1
github.com/dorkusprime/wolfcastle/internal/state/store.go:47.64,49.16 2 1
github.com/dorkusprime/wolfcastle/internal/state/store.go:49.16,51.3 1 1
github.com/dorkusprime/wolfcastle/internal/state/store.go:52.2,53.16 2 1
github.com/dorkusprime/wolfcastle/internal/state/store.go:53.16,54.37 1 1
github.com/dorkusprime/wolfcastle/internal/state/store.go:54.37,56.4 1 1
github.com/dorkusprime/wolfcastle/internal/state/store.go:57.3,57.18 1 0
github.com/dorkusprime/wolfcastle/internal/state/store.go:59.2,59.16 1 1
github.com/dorkusprime/wolfcastle/internal/state/store.go:62.39,69.2 1 1
github.com/dorkusprime/wolfcastle/internal/state/store.go:73.54,75.16 2 1
github.com/dorkusprime/wolfcastle/internal/state/store.go:75.16,76.37 1 1
github.com/dorkusprime/wolfcastle/internal/state/store.go:76.37,78.4 1 1
github.com/dorkusprime/wolfcastle/internal/state/store.go:79.3,79.18 1 0
github.com/dorkusprime/wolfcastle/internal/state/store.go:81.2,81.17 1 1
github.com/dorkusprime/wolfcastle/internal/state/store.go:86.54,88.2 1 1
github.com/dorkusprime/wolfcastle/internal/state/store.go:99.79,101.16 2 1
github.com/dorkusprime/wolfcastle/internal/state/store.go:101.16,103.3 1 0
github.com/dorkusprime/wolfcastle/internal/state/store.go:104.2,105.36 2 1
github.com/dorkusprime/wolfcastle/internal/state/store.go:105.36,107.17 2 1
github.com/dorkusprime/wolfcastle/internal/state/store.go:107.17,109.4 1 1
github.com/dorkusprime/wolfcastle/internal/state/store.go:110.3,110.32 1 1
github.com/dorkusprime/wolfcastle/internal/state/store.go:110.32,112.4 1 1
github.com/dorkusprime/wolfcastle/internal/state/store.go:113.3,113.46 1 1
github.com/dorkusprime/wolfcastle/internal/state/store.go:113.46,115.4 1 0
github.com/dorkusprime/wolfcastle/internal/state/store.go:118.3,119.20 2 1
github.com/dorkusprime/wolfcastle/internal/state/store.go:119.20,122.4 1 1
github.com/dorkusprime/wolfcastle/internal/state/store.go:124.3,124.50 1 0
github.com/dorkusprime/wolfcastle/internal/state/store.go:124.50,126.18 2 0
github.com/dorkusprime/wolfcastle/internal/state/store.go:126.18,128.5 1 0
github.com/dorkusprime/wolfcastle/internal/state/store.go:129.4,129.28 1 0
github.com/dorkusprime/wolfcastle/internal/state/store.go:131.3,131.50 1 0
github.com/dorkusprime/wolfcastle/internal/state/store.go:131.50,133.18 2 0
github.com/dorkusprime/wolfcastle/internal/state/store.go:133.18,135.5 1 0
github.com/dorkusprime/wolfcastle/internal/state/store.go:136.4,136.31 1 0
github.com/dorkusprime/wolfcastle/internal/state/store.go:139.3,139.76 1 0
github.com/dorkusprime/wolfcastle/internal/state/store.go:139.76,142.4 1 0
github.com/dorkusprime/wolfcastle/internal/state/store.go:143.3,143.43 1 0
github.com/dorkusprime/wolfcastle/internal/state/store.go:149.67,151.36 2 1
github.com/dorkusprime/wolfcastle/internal/state/store.go:151.36,153.17 2 1
github.com/dorkusprime/wolfcastle/internal/state/store.go:153.17,154.38 1 1
github.com/dorkusprime/wolfcastle/internal/state/store.go:154.38,156.5 1 1
github.com/dorkusprime/wolfcastle/internal/state/store.go:156.10,158.5 1 0
github.com/dorkusprime/wolfcastle/internal/state/store.go:160.3,160.33 1 1
github.com/dorkusprime/wolfcastle/internal/state/store.go:160.33,162.4 1 1
github.com/dorkusprime/wolfcastle/internal/state/store.go:163.3,163.43 1 1
github.com/dorkusprime/wolfcastle/internal/state/store.go:169.67,171.36 2 1
github.com/dorkusprime/wolfcastle/internal/state/store.go:171.36,173.17 2 1
github.com/dorkusprime/wolfcastle/internal/state/store.go:173.17,175.4 1 0
github.com/dorkusprime/wolfcastle/internal/state/store.go:176.3,176.31 1 1
github.com/dorkusprime/wolfcastle/internal/state/store.go:176.31,178.4 1 1
github.com/dorkusprime/wolfcastle/internal/state/store.go:179.3,179.37 1 1
github.com/dorkusprime/wolfcastle/internal/state/store.go:186.54,189.2 2 1
github.com/dorkusprime/wolfcastle/internal/state/store.go:193.60,194.16 1 1
github.com/dorkusprime/wolfcastle/internal/state/store.go:194.16,196.3 1 0
github.com/dorkusprime/wolfcastle/internal/state/store.go:197.2,198.26 2 1
github.com/dorkusprime/wolfcastle/internal/state/store.go:198.26,199.74 1 1
github.com/dorkusprime/wolfcastle/internal/state/store.go:199.74,201.4 1 1
github.com/dorkusprime/wolfcastle/internal/state/store.go:203.2,203.73 1 1
github.com/dorkusprime/wolfcastle/internal/state/store.go:206.41,208.2 1 1
github.com/dorkusprime/wolfcastle/internal/state/store.go:210.41,212.2 1 1
github.com/dorkusprime/wolfcastle/internal/state/types.go:203.32,208.2 1 1
github.com/dorkusprime/wolfcastle/internal/state/types.go:211.66,230.2 1 1
