mode: set
github.com/dorkusprime/wolfcastle/internal/project/migration_service.go:22.59,24.46 2 1
github.com/dorkusprime/wolfcastle/internal/project/migration_service.go:24.46,26.3 1 1
github.com/dorkusprime/wolfcastle/internal/project/migration_service.go:29.2,30.52 2 1
github.com/dorkusprime/wolfcastle/internal/project/migration_service.go:30.52,33.3 1 1
github.com/dorkusprime/wolfcastle/internal/project/migration_service.go:35.2,35.53 1 1
github.com/dorkusprime/wolfcastle/internal/project/migration_service.go:35.53,37.3 1 1
github.com/dorkusprime/wolfcastle/internal/project/migration_service.go:39.2,40.31 2 1
github.com/dorkusprime/wolfcastle/internal/project/migration_service.go:40.31,42.49 2 1
github.com/dorkusprime/wolfcastle/internal/project/migration_service.go:42.49,43.12 1 1
github.com/dorkusprime/wolfcastle/internal/project/migration_service.go:45.3,46.45 2 1
github.com/dorkusprime/wolfcastle/internal/project/migration_service.go:46.45,48.4 1 0
github.com/dorkusprime/wolfcastle/internal/project/migration_service.go:51.2,52.32 2 1
github.com/dorkusprime/wolfcastle/internal/project/migration_service.go:52.32,54.49 2 1
github.com/dorkusprime/wolfcastle/internal/project/migration_service.go:54.49,55.12 1 1
github.com/dorkusprime/wolfcastle/internal/project/migration_service.go:57.3,58.45 2 1
github.com/dorkusprime/wolfcastle/internal/project/migration_service.go:58.45,60.4 1 0
github.com/dorkusprime/wolfcastle/internal/project/migration_service.go:63.2,63.12 1 1
github.com/dorkusprime/wolfcastle/internal/project/migration_service.go:70.53,73.47 2 1
github.com/dorkusprime/wolfcastle/internal/project/migration_service.go:73.47,77.59 4 1
github.com/dorkusprime/wolfcastle/internal/project/migration_service.go:77.59,79.18 2 1
github.com/dorkusprime/wolfcastle/internal/project/migration_service.go:79.18,81.5 1 1
github.com/dorkusprime/wolfcastle/internal/project/migration_service.go:82.4,82.66 1 1
github.com/dorkusprime/wolfcastle/internal/project/migration_service.go:82.66,84.5 1 1
github.com/dorkusprime/wolfcastle/internal/project/migration_service.go:86.3,86.28 1 1
github.com/dorkusprime/wolfcastle/internal/project/migration_service.go:90.2,91.49 2 1
github.com/dorkusprime/wolfcastle/internal/project/migration_service.go:91.49,97.17 5 1
github.com/dorkusprime/wolfcastle/internal/project/migration_service.go:97.17,99.4 1 1
github.com/dorkusprime/wolfcastle/internal/project/migration_service.go:100.3,101.60 2 1
github.com/dorkusprime/wolfcastle/internal/project/migration_service.go:101.60,103.4 1 1
github.com/dorkusprime/wolfcastle/internal/project/migration_service.go:105.3,106.65 2 1
github.com/dorkusprime/wolfcastle/internal/project/migration_service.go:106.65,108.4 1 1
github.com/dorkusprime/wolfcastle/internal/project/migration_service.go:110.3,112.17 3 1
github.com/dorkusprime/wolfcastle/internal/project/migration_service.go:112.17,114.4 1 0
github.com/dorkusprime/wolfcastle/internal/project/migration_service.go:115.3,116.70 2 1
github.com/dorkusprime/wolfcastle/internal/project/migration_service.go:116.70,118.4 1 1
github.com/dorkusprime/wolfcastle/internal/project/migration_service.go:120.3,120.30 1 1
github.com/dorkusprime/wolfcastle/internal/project/migration_service.go:123.2,123.12 1 1
github.com/dorkusprime/wolfcastle/internal/project/scaffold.go:20.43,34.25 2 1
github.com/dorkusprime/wolfcastle/internal/project/scaffold.go:34.25,35.76 1 1
github.com/dorkusprime/wolfcastle/internal/project/scaffold.go:35.76,37.4 1 1
github.com/dorkusprime/wolfcastle/internal/project/scaffold.go:41.2,67.106 2 1
github.com/dorkusprime/wolfcastle/internal/project/scaffold.go:67.106,69.3 1 1
github.com/dorkusprime/wolfcastle/internal/project/scaffold.go:72.2,75.16 4 1
github.com/dorkusprime/wolfcastle/internal/project/scaffold.go:75.16,77.3 1 0
github.com/dorkusprime/wolfcastle/internal/project/scaffold.go:78.2,79.115 2 1
github.com/dorkusprime/wolfcastle/internal/project/scaffold.go:79.115,81.3 1 1
github.com/dorkusprime/wolfcastle/internal/project/scaffold.go:84.2,84.124 1 1
github.com/dorkusprime/wolfcastle/internal/project/scaffold.go:84.124,86.3 1 1
github.com/dorkusprime/wolfcastle/internal/project/scaffold.go:89.2,94.16 4 1
github.com/dorkusprime/wolfcastle/internal/project/scaffold.go:94.16,96.3 1 0
github.com/dorkusprime/wolfcastle/internal/project/scaffold.go:97.2,98.118 2 1
github.com/dorkusprime/wolfcastle/internal/project/scaffold.go:98.118,100.3 1 1
github.com/dorkusprime/wolfcastle/internal/project/scaffold.go:103.2,105.49 3 1
github.com/dorkusprime/wolfcastle/internal/project/scaffold.go:105.49,107.3 1 1
github.com/dorkusprime/wolfcastle/internal/project/scaffold.go:109.2,111.16 3 1
github.com/dorkusprime/wolfcastle/internal/project/scaffold.go:111.16,113.3 1 0
github.com/dorkusprime/wolfcastle/internal/project/scaffold.go:114.2,115.88 2 1
github.com/dorkusprime/wolfcastle/internal/project/scaffold.go:115.88,117.3 1 1
github.com/dorkusprime/wolfcastle/internal/project/scaffold.go:120.2,120.56 1 1
github.com/dorkusprime/wolfcastle/internal/project/scaffold.go:120.56,122.3 1 1
github.com/dorkusprime/wolfcastle/internal/project/scaffold.go:124.2,124.12 1 1
github.com/dorkusprime/wolfcastle/internal/project/scaffold.go:128.38,132.59 3 1
github.com/dorkusprime/wolfcastle/internal/project/scaffold.go:132.59,134.3 1 1
github.com/dorkusprime/wolfcastle/internal/project/scaffold.go:135.2,135.41 1 1
github.com/dorkusprime/wolfcastle/internal/project/scaffold.go:135.41,137.48 1 1
github.com/dorkusprime/wolfcastle/internal/project/scaffold.go:137.48,139.4 1 1
github.com/dorkusprime/wolfcastle/internal/project/scaffold.go:140.3,140.31 1 1
github.com/dorkusprime/wolfcastle/internal/project/scaffold.go:143.2,146.3 1 1
github.com/dorkusprime/wolfcastle/internal/project/scaffold.go:151.51,152.94 1 1
github.com/dorkusprime/wolfcastle/internal/project/scaffold.go:152.94,153.30 1 1
github.com/dorkusprime/wolfcastle/internal/project/scaffold.go:153.30,155.4 1 1
github.com/dorkusprime/wolfcastle/internal/project/scaffold.go:156.3,158.67 3 1
github.com/dorkusprime/wolfcastle/internal/project/scaffold.go:158.67,160.4 1 1
github.com/dorkusprime/wolfcastle/internal/project/scaffold.go:161.3,162.17 2 1
github.com/dorkusprime/wolfcastle/internal/project/scaffold.go:162.17,164.4 1 0
github.com/dorkusprime/wolfcastle/internal/project/scaffold.go:165.3,165.44 1 1
github.com/dorkusprime/wolfcastle/internal/project/scaffold.go:174.45,177.61 1 1
github.com/dorkusprime/wolfcastle/internal/project/scaffold.go:177.61,179.3 1 1
github.com/dorkusprime/wolfcastle/internal/project/scaffold.go:182.2,182.56 1 1
github.com/dorkusprime/wolfcastle/internal/project/scaffold.go:182.56,184.3 1 1
github.com/dorkusprime/wolfcastle/internal/project/scaffold.go:187.2,188.46 2 1
github.com/dorkusprime/wolfcastle/internal/project/scaffold.go:188.46,190.3 1 1
github.com/dorkusprime/wolfcastle/internal/project/scaffold.go:191.2,196.29 2 1
github.com/dorkusprime/wolfcastle/internal/project/scaffold.go:196.29,197.76 1 1
github.com/dorkusprime/wolfcastle/internal/project/scaffold.go:197.76,199.4 1 1
github.com/dorkusprime/wolfcastle/internal/project/scaffold.go:201.2,201.56 1 1
github.com/dorkusprime/wolfcastle/internal/project/scaffold.go:201.56,203.3 1 0
github.com/dorkusprime/wolfcastle/internal/project/scaffold.go:206.2,209.16 4 1
github.com/dorkusprime/wolfcastle/internal/project/scaffold.go:209.16,211.3 1 0
github.com/dorkusprime/wolfcastle/internal/project/scaffold.go:212.2,213.115 2 1
github.com/dorkusprime/wolfcastle/internal/project/scaffold.go:213.115,215.3 1 0
github.com/dorkusprime/wolfcastle/internal/project/scaffold.go:218.2,219.58 2 1
github.com/dorkusprime/wolfcastle/internal/project/scaffold.go:219.58,222.3 2 1
github.com/dorkusprime/wolfcastle/internal/project/scaffold.go:225.2,228.53 3 1
github.com/dorkusprime/wolfcastle/internal/project/scaffold.go:228.53,229.57 1 1
github.com/dorkusprime/wolfcastle/internal/project/scaffold.go:229.57,231.4 1 1
github.com/dorkusprime/wolfcastle/internal/project/scaffold.go:234.2,236.16 3 1
github.com/dorkusprime/wolfcastle/internal/project/scaffold.go:236.16,238.3 1 0
github.com/dorkusprime/wolfcastle/internal/project/scaffold.go:239.2,241.65 3 1
github.com/dorkusprime/wolfcastle/internal/project/scaffold.go:241.65,243.3 1 1
github.com/dorkusprime/wolfcastle/internal/project/scaffold.go:245.2,245.12 1 1
github.com/dorkusprime/wolfcastle/internal/project/scaffold.go:251.56,254.46 2 1
github.com/dorkusprime/wolfcastle/internal/project/scaffold.go:254.46,256.3 1 1
github.com/dorkusprime/wolfcastle/internal/project/scaffold.go:259.2,260.52 2 1
github.com/dorkusprime/wolfcastle/internal/project/scaffold.go:260.52,263.3 1 1
github.com/dorkusprime/wolfcastle/internal/project/scaffold.go:266.2,266.53 1 1
github.com/dorkusprime/wolfcastle/internal/project/scaffold.go:266.53,268.3 1 1
github.com/dorkusprime/wolfcastle/internal/project/scaffold.go:270.2,271.31 2 1
github.com/dorkusprime/wolfcastle/internal/project/scaffold.go:271.31,273.49 2 1
github.com/dorkusprime/wolfcastle/internal/project/scaffold.go:273.49,274.12 1 1
github.com/dorkusprime/wolfcastle/internal/project/scaffold.go:276.3,277.45 2 1
github.com/dorkusprime/wolfcastle/internal/project/scaffold.go:277.45,279.4 1 0
github.com/dorkusprime/wolfcastle/internal/project/scaffold.go:283.2,284.32 2 1
github.com/dorkusprime/wolfcastle/internal/project/scaffold.go:284.32,286.49 2 1
github.com/dorkusprime/wolfcastle/internal/project/scaffold.go:286.49,287.12 1 1
github.com/dorkusprime/wolfcastle/internal/project/scaffold.go:289.3,290.45 2 1
github.com/dorkusprime/wolfcastle/internal/project/scaffold.go:290.45,292.4 1 0
github.com/dorkusprime/wolfcastle/internal/project/scaffold.go:295.2,295.12 1 1
github.com/dorkusprime/wolfcastle/internal/project/scaffold.go:301.51,304.47 2 1
github.com/dorkusprime/wolfcastle/internal/project/scaffold.go:304.47,309.59 4 1
github.com/dorkusprime/wolfcastle/internal/project/scaffold.go:309.59,311.18 2 1
github.com/dorkusprime/wolfcastle/internal/project/scaffold.go:311.18,313.5 1 1
github.com/dorkusprime/wolfcastle/internal/project/scaffold.go:314.4,314.66 1 1
github.com/dorkusprime/wolfcastle/internal/project/scaffold.go:314.66,316.5 1 1
github.com/dorkusprime/wolfcastle/internal/project/scaffold.go:318.3,318.28 1 1
github.com/dorkusprime/wolfcastle/internal/project/scaffold.go:322.2,323.49 2 1
github.com/dorkusprime/wolfcastle/internal/project/scaffold.go:323.49,329.17 5 1
github.com/dorkusprime/wolfcastle/internal/project/scaffold.go:329.17,331.4 1 1
github.com/dorkusprime/wolfcastle/internal/project/scaffold.go:332.3,333.60 2 1
github.com/dorkusprime/wolfcastle/internal/project/scaffold.go:333.60,335.4 1 1
github.com/dorkusprime/wolfcastle/internal/project/scaffold.go:338.3,339.65 2 1
github.com/dorkusprime/wolfcastle/internal/project/scaffold.go:339.65,341.4 1 1
github.com/dorkusprime/wolfcastle/internal/project/scaffold.go:343.3,345.17 3 1
github.com/dorkusprime/wolfcastle/internal/project/scaffold.go:345.17,347.4 1 0
github.com/dorkusprime/wolfcastle/internal/project/scaffold.go:348.3,349.70 2 1
github.com/dorkusprime/wolfcastle/internal/project/scaffold.go:349.70,351.4 1 1
github.com/dorkusprime/wolfcastle/internal/project/scaffold.go:353.3,353.30 1 1
github.com/dorkusprime/wolfcastle/internal/project/scaffold.go:356.2,356.12 1 1
github.com/dorkusprime/wolfcastle/internal/project/scaffold.go:360.39,362.16 2 1
github.com/dorkusprime/wolfcastle/internal/project/scaffold.go:362.16,364.3 1 0
github.com/dorkusprime/wolfcastle/internal/project/scaffold.go:365.2,365.66 1 1
github.com/dorkusprime/wolfcastle/internal/project/scaffold.go:375.37,378.22 2 1
github.com/dorkusprime/wolfcastle/internal/project/scaffold.go:378.22,380.3 1 1
github.com/dorkusprime/wolfcastle/internal/project/scaffold.go:380.8,382.3 1 1
github.com/dorkusprime/wolfcastle/internal/project/scaffold.go:385.2,385.42 1 1
github.com/dorkusprime/wolfcastle/internal/project/scaffold.go:385.42,387.3 1 1
github.com/dorkusprime/wolfcastle/internal/project/scaffold.go:390.2,418.22 5 1
github.com/dorkusprime/wolfcastle/internal/project/scaffold.go:418.22,419.46 1 1
github.com/dorkusprime/wolfcastle/internal/project/scaffold.go:419.46,422.4 2 1
github.com/dorkusprime/wolfcastle/internal/project/scaffold.go:423.8,426.3 1 1
github.com/dorkusprime/wolfcastle/internal/project/scaffold.go:428.2,428.22 1 1
github.com/dorkusprime/wolfcastle/internal/project/scaffold_service.go:38.20,45.2 1 1
github.com/dorkusprime/wolfcastle/internal/project/scaffold_service.go:50.65,64.25 2 1
github.com/dorkusprime/wolfcastle/internal/project/scaffold_service.go:64.25,65.69 1 1
github.com/dorkusprime/wolfcastle/internal/project/scaffold_service.go:65.69,67.4 1 1
github.com/dorkusprime/wolfcastle/internal/project/scaffold_service.go:71.2,97.99 2 1
github.com/dorkusprime/wolfcastle/internal/project/scaffold_service.go:97.99,99.3 1 1
github.com/dorkusprime/wolfcastle/internal/project/scaffold_service.go:102.2,104.53 3 1
github.com/dorkusprime/wolfcastle/internal/project/scaffold_service.go:104.53,106.3 1 1
github.com/dorkusprime/wolfcastle/internal/project/scaffold_service.go:109.2,109.63 1 1
github.com/dorkusprime/wolfcastle/internal/project/scaffold_service.go:109.63,111.3 1 1
github.com/dorkusprime/wolfcastle/internal/project/scaffold_service.go:114.2,120.58 2 1
github.com/dorkusprime/wolfcastle/internal/project/scaffold_service.go:120.58,122.3 1 1
github.com/dorkusprime/wolfcastle/internal/project/scaffold_service.go:125.2,126.49 2 1
github.com/dorkusprime/wolfcastle/internal/project/scaffold_service.go:126.49,128.3 1 1
github.com/dorkusprime/wolfcastle/internal/project/scaffold_service.go:131.2,133.16 3 1
github.com/dorkusprime/wolfcastle/internal/project/scaffold_service.go:133.16,135.3 1 0
github.com/dorkusprime/wolfcastle/internal/project/scaffold_service.go:136.2,137.88 2 1
github.com/dorkusprime/wolfcastle/internal/project/scaffold_service.go:137.88,139.3 1 1
github.com/dorkusprime/wolfcastle/internal/project/scaffold_service.go:142.2,142.45 1 1
github.com/dorkusprime/wolfcastle/internal/project/scaffold_service.go:142.45,144.3 1 1
github.com/dorkusprime/wolfcastle/internal/project/scaffold_service.go:146.2,146.12 1 1
github.com/dorkusprime/wolfcastle/internal/project/scaffold_service.go:152.42,160.46 5 1
github.com/dorkusprime/wolfcastle/internal/project/scaffold_service.go:160.46,162.3 1 1
github.com/dorkusprime/wolfcastle/internal/project/scaffold_service.go:163.2,168.29 2 1
github.com/dorkusprime/wolfcastle/internal/project/scaffold_service.go:168.29,169.69 1 1
github.com/dorkusprime/wolfcastle/internal/project/scaffold_service.go:169.69,171.4 1 1
github.com/dorkusprime/wolfcastle/internal/project/scaffold_service.go:175.2,177.53 3 1
github.com/dorkusprime/wolfcastle/internal/project/scaffold_service.go:177.53,179.3 1 1
github.com/dorkusprime/wolfcastle/internal/project/scaffold_service.go:182.2,182.45 1 1
github.com/dorkusprime/wolfcastle/internal/project/scaffold_service.go:182.45,184.3 1 1
github.com/dorkusprime/wolfcastle/internal/project/scaffold_service.go:187.2,188.58 2 1
github.com/dorkusprime/wolfcastle/internal/project/scaffold_service.go:188.58,189.64 1 1
github.com/dorkusprime/wolfcastle/internal/project/scaffold_service.go:189.64,191.4 1 1
github.com/dorkusprime/wolfcastle/internal/project/scaffold_service.go:195.2,197.53 3 1
github.com/dorkusprime/wolfcastle/internal/project/scaffold_service.go:197.53,198.57 1 1
github.com/dorkusprime/wolfcastle/internal/project/scaffold_service.go:198.57,200.4 1 1
github.com/dorkusprime/wolfcastle/internal/project/scaffold_service.go:203.2,208.54 3 1
github.com/dorkusprime/wolfcastle/internal/project/scaffold_service.go:208.54,210.3 1 1
github.com/dorkusprime/wolfcastle/internal/project/scaffold_service.go:212.2,212.12 1 1
github.com/dorkusprime/wolfcastle/internal/project/scaffold_service.go:218.52,220.16 2 1
github.com/dorkusprime/wolfcastle/internal/project/scaffold_service.go:220.16,222.3 1 0
github.com/dorkusprime/wolfcastle/internal/project/scaffold_service.go:223.2,223.36 1 1
