mode: set
github.com/dorkusprime/wolfcastle/internal/pipeline/class_repository.go:28.69,33.2 1 1
github.com/dorkusprime/wolfcastle/internal/pipeline/class_repository.go:38.70,42.2 3 1
github.com/dorkusprime/wolfcastle/internal/pipeline/class_repository.go:48.63,52.34 3 1
github.com/dorkusprime/wolfcastle/internal/pipeline/class_repository.go:52.34,54.3 1 1
github.com/dorkusprime/wolfcastle/internal/pipeline/class_repository.go:56.2,57.16 2 1
github.com/dorkusprime/wolfcastle/internal/pipeline/class_repository.go:57.16,59.3 1 1
github.com/dorkusprime/wolfcastle/internal/pipeline/class_repository.go:60.2,60.37 1 1
github.com/dorkusprime/wolfcastle/internal/pipeline/class_repository.go:60.37,62.3 1 1
github.com/dorkusprime/wolfcastle/internal/pipeline/class_repository.go:64.2,65.18 2 1
github.com/dorkusprime/wolfcastle/internal/pipeline/class_repository.go:65.18,67.3 1 1
github.com/dorkusprime/wolfcastle/internal/pipeline/class_repository.go:69.2,70.16 2 1
github.com/dorkusprime/wolfcastle/internal/pipeline/class_repository.go:70.16,72.3 1 1
github.com/dorkusprime/wolfcastle/internal/pipeline/class_repository.go:73.2,73.37 1 1
github.com/dorkusprime/wolfcastle/internal/pipeline/class_repository.go:73.37,75.3 1 1
github.com/dorkusprime/wolfcastle/internal/pipeline/class_repository.go:77.2,77.85 1 1
github.com/dorkusprime/wolfcastle/internal/pipeline/class_repository.go:82.43,87.27 4 1
github.com/dorkusprime/wolfcastle/internal/pipeline/class_repository.go:87.27,89.3 1 1
github.com/dorkusprime/wolfcastle/internal/pipeline/class_repository.go:90.2,91.13 2 1
github.com/dorkusprime/wolfcastle/internal/pipeline/class_repository.go:97.47,102.29 4 1
github.com/dorkusprime/wolfcastle/internal/pipeline/class_repository.go:102.29,103.25 1 1
github.com/dorkusprime/wolfcastle/internal/pipeline/class_repository.go:103.25,105.4 1 1
github.com/dorkusprime/wolfcastle/internal/pipeline/class_repository.go:107.2,108.20 2 1
github.com/dorkusprime/wolfcastle/internal/pipeline/class_repository.go:108.20,110.3 1 1
github.com/dorkusprime/wolfcastle/internal/pipeline/class_repository.go:111.2,111.16 1 1
github.com/dorkusprime/wolfcastle/internal/pipeline/class_repository.go:116.55,118.16 2 1
github.com/dorkusprime/wolfcastle/internal/pipeline/class_repository.go:118.16,120.3 1 1
github.com/dorkusprime/wolfcastle/internal/pipeline/class_repository.go:121.2,122.18 2 1
github.com/dorkusprime/wolfcastle/internal/pipeline/class_repository.go:122.18,124.3 1 1
github.com/dorkusprime/wolfcastle/internal/pipeline/class_repository.go:125.2,126.19 2 1
github.com/dorkusprime/wolfcastle/internal/pipeline/class_repository.go:132.35,133.45 1 1
github.com/dorkusprime/wolfcastle/internal/pipeline/class_repository.go:133.45,135.3 1 1
github.com/dorkusprime/wolfcastle/internal/pipeline/class_repository.go:136.2,136.45 1 1
github.com/dorkusprime/wolfcastle/internal/pipeline/class_repository.go:136.45,138.3 1 1
github.com/dorkusprime/wolfcastle/internal/pipeline/class_repository.go:139.2,139.11 1 1
github.com/dorkusprime/wolfcastle/internal/pipeline/context_builder.go:24.93,25.20 1 1
github.com/dorkusprime/wolfcastle/internal/pipeline/context_builder.go:25.20,26.75 1 1
github.com/dorkusprime/wolfcastle/internal/pipeline/context_builder.go:28.2,28.20 1 1
github.com/dorkusprime/wolfcastle/internal/pipeline/context_builder.go:28.20,29.74 1 1
github.com/dorkusprime/wolfcastle/internal/pipeline/context_builder.go:31.2,31.60 1 1
github.com/dorkusprime/wolfcastle/internal/pipeline/context_builder.go:38.129,49.17 5 1
github.com/dorkusprime/wolfcastle/internal/pipeline/context_builder.go:49.17,55.76 3 1
github.com/dorkusprime/wolfcastle/internal/pipeline/context_builder.go:55.76,57.4 1 1
github.com/dorkusprime/wolfcastle/internal/pipeline/context_builder.go:60.3,60.20 1 1
github.com/dorkusprime/wolfcastle/internal/pipeline/context_builder.go:60.20,62.57 2 1
github.com/dorkusprime/wolfcastle/internal/pipeline/context_builder.go:62.57,64.22 2 1
github.com/dorkusprime/wolfcastle/internal/pipeline/context_builder.go:64.22,68.59 2 1
github.com/dorkusprime/wolfcastle/internal/pipeline/context_builder.go:68.59,73.7 4 1
github.com/dorkusprime/wolfcastle/internal/pipeline/context_builder.go:77.3,80.23 2 1
github.com/dorkusprime/wolfcastle/internal/pipeline/context_builder.go:80.23,81.67 1 1
github.com/dorkusprime/wolfcastle/internal/pipeline/context_builder.go:81.67,84.43 3 1
github.com/dorkusprime/wolfcastle/internal/pipeline/context_builder.go:84.43,86.6 1 1
github.com/dorkusprime/wolfcastle/internal/pipeline/context_builder.go:92.2,95.56 2 1
github.com/dorkusprime/wolfcastle/internal/pipeline/context_builder.go:95.56,99.3 3 1
github.com/dorkusprime/wolfcastle/internal/pipeline/context_builder.go:102.2,102.56 1 1
github.com/dorkusprime/wolfcastle/internal/pipeline/context_builder.go:102.56,105.3 2 1
github.com/dorkusprime/wolfcastle/internal/pipeline/context_builder.go:107.2,107.19 1 1
github.com/dorkusprime/wolfcastle/internal/pipeline/context_builder.go:111.63,112.26 1 1
github.com/dorkusprime/wolfcastle/internal/pipeline/context_builder.go:112.26,113.31 1 1
github.com/dorkusprime/wolfcastle/internal/pipeline/context_builder.go:113.31,115.4 1 1
github.com/dorkusprime/wolfcastle/internal/pipeline/context_builder.go:117.2,117.12 1 1
github.com/dorkusprime/wolfcastle/internal/pipeline/context_builder.go:122.89,124.29 2 1
github.com/dorkusprime/wolfcastle/internal/pipeline/context_builder.go:124.29,125.21 1 1
github.com/dorkusprime/wolfcastle/internal/pipeline/context_builder.go:125.21,127.12 2 1
github.com/dorkusprime/wolfcastle/internal/pipeline/context_builder.go:129.3,129.38 1 1
github.com/dorkusprime/wolfcastle/internal/pipeline/context_builder.go:129.38,131.4 1 1
github.com/dorkusprime/wolfcastle/internal/pipeline/context_builder.go:133.2,133.14 1 1
github.com/dorkusprime/wolfcastle/internal/pipeline/context_builder.go:138.58,140.16 2 1
github.com/dorkusprime/wolfcastle/internal/pipeline/context_builder.go:140.16,142.3 1 1
github.com/dorkusprime/wolfcastle/internal/pipeline/context_builder.go:143.2,148.19 6 1
github.com/dorkusprime/wolfcastle/internal/pipeline/context_builder.go:153.128,165.16 4 1
github.com/dorkusprime/wolfcastle/internal/pipeline/context_builder.go:165.16,167.3 1 1
github.com/dorkusprime/wolfcastle/internal/pipeline/context_builder.go:167.8,173.3 5 1
github.com/dorkusprime/wolfcastle/internal/pipeline/context_builder.go:176.2,176.29 1 1
github.com/dorkusprime/wolfcastle/internal/pipeline/context_builder.go:176.29,179.17 3 1
github.com/dorkusprime/wolfcastle/internal/pipeline/context_builder.go:179.17,181.4 1 1
github.com/dorkusprime/wolfcastle/internal/pipeline/context_builder.go:181.9,188.4 6 1
github.com/dorkusprime/wolfcastle/internal/pipeline/context_builder.go:191.2,191.19 1 1
github.com/dorkusprime/wolfcastle/internal/pipeline/filter.go:15.69,16.23 1 1
github.com/dorkusprime/wolfcastle/internal/pipeline/filter.go:16.23,18.3 1 1
github.com/dorkusprime/wolfcastle/internal/pipeline/filter.go:20.2,21.30 2 1
github.com/dorkusprime/wolfcastle/internal/pipeline/filter.go:21.30,23.3 1 1
github.com/dorkusprime/wolfcastle/internal/pipeline/filter.go:25.2,41.29 6 1
github.com/dorkusprime/wolfcastle/internal/pipeline/filter.go:41.29,44.52 2 1
github.com/dorkusprime/wolfcastle/internal/pipeline/filter.go:44.52,46.60 1 1
github.com/dorkusprime/wolfcastle/internal/pipeline/filter.go:46.60,48.5 1 1
github.com/dorkusprime/wolfcastle/internal/pipeline/filter.go:50.4,52.12 3 1
github.com/dorkusprime/wolfcastle/internal/pipeline/filter.go:55.3,55.40 1 1
github.com/dorkusprime/wolfcastle/internal/pipeline/filter.go:55.40,57.60 1 1
github.com/dorkusprime/wolfcastle/internal/pipeline/filter.go:57.60,59.5 1 1
github.com/dorkusprime/wolfcastle/internal/pipeline/filter.go:60.4,61.12 2 1
github.com/dorkusprime/wolfcastle/internal/pipeline/filter.go:64.3,64.46 1 1
github.com/dorkusprime/wolfcastle/internal/pipeline/filter.go:67.2,67.58 1 1
github.com/dorkusprime/wolfcastle/internal/pipeline/filter.go:67.58,69.3 1 1
github.com/dorkusprime/wolfcastle/internal/pipeline/filter.go:73.2,75.27 2 1
github.com/dorkusprime/wolfcastle/internal/pipeline/filter.go:75.27,76.17 1 1
github.com/dorkusprime/wolfcastle/internal/pipeline/filter.go:77.19,78.50 1 1
github.com/dorkusprime/wolfcastle/internal/pipeline/filter.go:80.18,81.29 1 1
github.com/dorkusprime/wolfcastle/internal/pipeline/filter.go:81.29,83.5 1 1
github.com/dorkusprime/wolfcastle/internal/pipeline/filter.go:85.18,89.41 2 1
github.com/dorkusprime/wolfcastle/internal/pipeline/filter.go:89.41,90.36 1 1
github.com/dorkusprime/wolfcastle/internal/pipeline/filter.go:90.36,91.11 1 1
github.com/dorkusprime/wolfcastle/internal/pipeline/filter.go:93.5,93.69 1 1
github.com/dorkusprime/wolfcastle/internal/pipeline/filter.go:93.69,95.11 2 1
github.com/dorkusprime/wolfcastle/internal/pipeline/filter.go:98.4,98.16 1 1
github.com/dorkusprime/wolfcastle/internal/pipeline/filter.go:98.16,100.5 1 1
github.com/dorkusprime/wolfcastle/internal/pipeline/filter.go:104.2,104.32 1 1
github.com/dorkusprime/wolfcastle/internal/pipeline/fragments.go:20.70,22.39 1 1
github.com/dorkusprime/wolfcastle/internal/pipeline/fragments.go:22.39,25.17 3 1
github.com/dorkusprime/wolfcastle/internal/pipeline/fragments.go:25.17,27.4 1 1
github.com/dorkusprime/wolfcastle/internal/pipeline/fragments.go:28.3,28.26 1 1
github.com/dorkusprime/wolfcastle/internal/pipeline/fragments.go:28.26,30.4 1 1
github.com/dorkusprime/wolfcastle/internal/pipeline/fragments.go:32.2,32.70 1 1
github.com/dorkusprime/wolfcastle/internal/pipeline/fragments.go:37.108,42.29 2 1
github.com/dorkusprime/wolfcastle/internal/pipeline/fragments.go:42.29,45.17 3 1
github.com/dorkusprime/wolfcastle/internal/pipeline/fragments.go:45.17,46.12 1 1
github.com/dorkusprime/wolfcastle/internal/pipeline/fragments.go:48.3,48.29 1 1
github.com/dorkusprime/wolfcastle/internal/pipeline/fragments.go:48.29,49.56 1 1
github.com/dorkusprime/wolfcastle/internal/pipeline/fragments.go:49.56,50.13 1 0
github.com/dorkusprime/wolfcastle/internal/pipeline/fragments.go:52.4,52.50 1 1
github.com/dorkusprime/wolfcastle/internal/pipeline/fragments.go:57.2,58.28 2 1
github.com/dorkusprime/wolfcastle/internal/pipeline/fragments.go:58.28,60.3 1 1
github.com/dorkusprime/wolfcastle/internal/pipeline/fragments.go:62.2,63.22 2 1
github.com/dorkusprime/wolfcastle/internal/pipeline/fragments.go:63.22,65.3 1 1
github.com/dorkusprime/wolfcastle/internal/pipeline/fragments.go:65.8,66.27 1 1
github.com/dorkusprime/wolfcastle/internal/pipeline/fragments.go:66.27,68.4 1 1
github.com/dorkusprime/wolfcastle/internal/pipeline/fragments.go:69.3,69.22 1 1
github.com/dorkusprime/wolfcastle/internal/pipeline/fragments.go:72.2,73.29 2 1
github.com/dorkusprime/wolfcastle/internal/pipeline/fragments.go:73.29,74.23 1 1
github.com/dorkusprime/wolfcastle/internal/pipeline/fragments.go:74.23,75.12 1 1
github.com/dorkusprime/wolfcastle/internal/pipeline/fragments.go:77.3,78.10 2 1
github.com/dorkusprime/wolfcastle/internal/pipeline/fragments.go:78.10,79.24 1 1
github.com/dorkusprime/wolfcastle/internal/pipeline/fragments.go:79.24,81.5 1 1
github.com/dorkusprime/wolfcastle/internal/pipeline/fragments.go:82.4,82.12 1 0
github.com/dorkusprime/wolfcastle/internal/pipeline/fragments.go:84.3,85.17 2 1
github.com/dorkusprime/wolfcastle/internal/pipeline/fragments.go:85.17,87.4 1 1
github.com/dorkusprime/wolfcastle/internal/pipeline/fragments.go:88.3,88.44 1 1
github.com/dorkusprime/wolfcastle/internal/pipeline/fragments.go:91.2,91.22 1 1
github.com/dorkusprime/wolfcastle/internal/pipeline/fragments.go:97.87,99.16 2 1
github.com/dorkusprime/wolfcastle/internal/pipeline/fragments.go:99.16,101.3 1 1
github.com/dorkusprime/wolfcastle/internal/pipeline/fragments.go:102.2,102.16 1 1
github.com/dorkusprime/wolfcastle/internal/pipeline/fragments.go:102.16,104.3 1 1
github.com/dorkusprime/wolfcastle/internal/pipeline/fragments.go:105.2,106.16 2 1
github.com/dorkusprime/wolfcastle/internal/pipeline/fragments.go:106.16,108.3 1 1
github.com/dorkusprime/wolfcastle/internal/pipeline/fragments.go:109.2,110.48 2 1
github.com/dorkusprime/wolfcastle/internal/pipeline/fragments.go:110.48,112.3 1 1
github.com/dorkusprime/wolfcastle/internal/pipeline/fragments.go:113.2,113.26 1 1
github.com/dorkusprime/wolfcastle/internal/pipeline/planning_context.go:19.88,26.21 5 1
github.com/dorkusprime/wolfcastle/internal/pipeline/planning_context.go:26.21,28.3 1 1
github.com/dorkusprime/wolfcastle/internal/pipeline/planning_context.go:29.2,29.25 1 1
github.com/dorkusprime/wolfcastle/internal/pipeline/planning_context.go:29.25,31.3 1 0
github.com/dorkusprime/wolfcastle/internal/pipeline/planning_context.go:32.2,35.20 2 1
github.com/dorkusprime/wolfcastle/internal/pipeline/planning_context.go:35.20,38.3 2 1
github.com/dorkusprime/wolfcastle/internal/pipeline/planning_context.go:41.2,41.30 1 1
github.com/dorkusprime/wolfcastle/internal/pipeline/planning_context.go:41.30,45.16 4 1
github.com/dorkusprime/wolfcastle/internal/pipeline/planning_context.go:45.16,47.4 1 1
github.com/dorkusprime/wolfcastle/internal/pipeline/planning_context.go:48.3,48.30 1 1
github.com/dorkusprime/wolfcastle/internal/pipeline/planning_context.go:48.30,50.4 1 1
github.com/dorkusprime/wolfcastle/internal/pipeline/planning_context.go:51.3,51.31 1 1
github.com/dorkusprime/wolfcastle/internal/pipeline/planning_context.go:51.31,53.4 1 1
github.com/dorkusprime/wolfcastle/internal/pipeline/planning_context.go:54.3,54.22 1 1
github.com/dorkusprime/wolfcastle/internal/pipeline/planning_context.go:58.2,58.33 1 1
github.com/dorkusprime/wolfcastle/internal/pipeline/planning_context.go:58.33,60.40 2 1
github.com/dorkusprime/wolfcastle/internal/pipeline/planning_context.go:60.40,62.4 1 1
github.com/dorkusprime/wolfcastle/internal/pipeline/planning_context.go:63.3,63.22 1 1
github.com/dorkusprime/wolfcastle/internal/pipeline/planning_context.go:67.2,67.26 1 1
github.com/dorkusprime/wolfcastle/internal/pipeline/planning_context.go:67.26,69.37 2 1
github.com/dorkusprime/wolfcastle/internal/pipeline/planning_context.go:69.37,71.4 1 1
github.com/dorkusprime/wolfcastle/internal/pipeline/planning_context.go:72.3,72.22 1 1
github.com/dorkusprime/wolfcastle/internal/pipeline/planning_context.go:76.2,76.23 1 1
github.com/dorkusprime/wolfcastle/internal/pipeline/planning_context.go:76.23,78.30 2 1
github.com/dorkusprime/wolfcastle/internal/pipeline/planning_context.go:78.30,80.19 2 1
github.com/dorkusprime/wolfcastle/internal/pipeline/planning_context.go:81.30,82.19 1 1
github.com/dorkusprime/wolfcastle/internal/pipeline/planning_context.go:83.32,84.19 1 1
github.com/dorkusprime/wolfcastle/internal/pipeline/planning_context.go:85.29,86.19 1 1
github.com/dorkusprime/wolfcastle/internal/pipeline/planning_context.go:87.12,88.19 1 1
github.com/dorkusprime/wolfcastle/internal/pipeline/planning_context.go:90.4,91.63 2 1
github.com/dorkusprime/wolfcastle/internal/pipeline/planning_context.go:91.63,93.5 1 1
github.com/dorkusprime/wolfcastle/internal/pipeline/planning_context.go:94.4,94.23 1 1
github.com/dorkusprime/wolfcastle/internal/pipeline/planning_context.go:96.3,96.22 1 1
github.com/dorkusprime/wolfcastle/internal/pipeline/planning_context.go:100.2,100.33 1 1
github.com/dorkusprime/wolfcastle/internal/pipeline/planning_context.go:100.33,103.34 3 1
github.com/dorkusprime/wolfcastle/internal/pipeline/planning_context.go:103.34,105.4 1 1
github.com/dorkusprime/wolfcastle/internal/pipeline/planning_context.go:106.3,106.51 1 1
github.com/dorkusprime/wolfcastle/internal/pipeline/planning_context.go:106.51,111.4 1 1
github.com/dorkusprime/wolfcastle/internal/pipeline/planning_context.go:112.3,112.22 1 1
github.com/dorkusprime/wolfcastle/internal/pipeline/planning_context.go:116.2,116.28 1 1
github.com/dorkusprime/wolfcastle/internal/pipeline/planning_context.go:116.28,118.35 2 1
github.com/dorkusprime/wolfcastle/internal/pipeline/planning_context.go:118.35,119.33 1 1
github.com/dorkusprime/wolfcastle/internal/pipeline/planning_context.go:119.33,121.5 1 1
github.com/dorkusprime/wolfcastle/internal/pipeline/planning_context.go:123.3,123.19 1 1
github.com/dorkusprime/wolfcastle/internal/pipeline/planning_context.go:123.19,125.36 2 1
github.com/dorkusprime/wolfcastle/internal/pipeline/planning_context.go:125.36,126.34 1 1
github.com/dorkusprime/wolfcastle/internal/pipeline/planning_context.go:126.34,128.6 1 1
github.com/dorkusprime/wolfcastle/internal/pipeline/planning_context.go:130.4,130.23 1 1
github.com/dorkusprime/wolfcastle/internal/pipeline/planning_context.go:135.2,135.23 1 1
github.com/dorkusprime/wolfcastle/internal/pipeline/planning_context.go:135.23,137.30 2 0
github.com/dorkusprime/wolfcastle/internal/pipeline/planning_context.go:137.30,139.4 1 0
github.com/dorkusprime/wolfcastle/internal/pipeline/planning_context.go:140.3,140.22 1 0
github.com/dorkusprime/wolfcastle/internal/pipeline/planning_context.go:143.2,143.19 1 1
github.com/dorkusprime/wolfcastle/internal/pipeline/prompt.go:17.127,18.38 1 1
github.com/dorkusprime/wolfcastle/internal/pipeline/prompt.go:18.38,21.17 2 1
github.com/dorkusprime/wolfcastle/internal/pipeline/prompt.go:21.17,23.4 1 1
github.com/dorkusprime/wolfcastle/internal/pipeline/prompt.go:24.3,26.24 3 1
github.com/dorkusprime/wolfcastle/internal/pipeline/prompt.go:26.24,28.4 1 1
github.com/dorkusprime/wolfcastle/internal/pipeline/prompt.go:29.3,29.52 1 1
github.com/dorkusprime/wolfcastle/internal/pipeline/prompt.go:32.2,36.16 3 1
github.com/dorkusprime/wolfcastle/internal/pipeline/prompt.go:36.16,38.3 1 1
github.com/dorkusprime/wolfcastle/internal/pipeline/prompt.go:39.2,39.24 1 1
github.com/dorkusprime/wolfcastle/internal/pipeline/prompt.go:39.24,41.3 1 1
github.com/dorkusprime/wolfcastle/internal/pipeline/prompt.go:44.2,45.16 2 1
github.com/dorkusprime/wolfcastle/internal/pipeline/prompt.go:45.16,46.37 1 1
github.com/dorkusprime/wolfcastle/internal/pipeline/prompt.go:46.37,48.4 1 1
github.com/dorkusprime/wolfcastle/internal/pipeline/prompt.go:49.3,49.22 1 1
github.com/dorkusprime/wolfcastle/internal/pipeline/prompt.go:49.22,51.4 1 1
github.com/dorkusprime/wolfcastle/internal/pipeline/prompt.go:55.2,56.16 2 1
github.com/dorkusprime/wolfcastle/internal/pipeline/prompt.go:56.16,58.3 1 1
github.com/dorkusprime/wolfcastle/internal/pipeline/prompt.go:59.2,62.23 2 1
github.com/dorkusprime/wolfcastle/internal/pipeline/prompt.go:62.23,64.3 1 1
github.com/dorkusprime/wolfcastle/internal/pipeline/prompt.go:66.2,66.51 1 1
github.com/dorkusprime/wolfcastle/internal/pipeline/repository.go:24.67,28.2 1 1
github.com/dorkusprime/wolfcastle/internal/pipeline/repository.go:32.76,34.2 1 1
github.com/dorkusprime/wolfcastle/internal/pipeline/repository.go:39.74,42.16 3 1
github.com/dorkusprime/wolfcastle/internal/pipeline/repository.go:42.16,44.3 1 1
github.com/dorkusprime/wolfcastle/internal/pipeline/repository.go:45.2,46.16 2 1
github.com/dorkusprime/wolfcastle/internal/pipeline/repository.go:46.16,48.3 1 1
github.com/dorkusprime/wolfcastle/internal/pipeline/repository.go:49.2,50.16 2 1
github.com/dorkusprime/wolfcastle/internal/pipeline/repository.go:50.16,52.3 1 1
github.com/dorkusprime/wolfcastle/internal/pipeline/repository.go:53.2,54.48 2 1
github.com/dorkusprime/wolfcastle/internal/pipeline/repository.go:54.48,56.3 1 1
github.com/dorkusprime/wolfcastle/internal/pipeline/repository.go:57.2,57.26 1 1
github.com/dorkusprime/wolfcastle/internal/pipeline/repository.go:62.78,65.16 3 1
github.com/dorkusprime/wolfcastle/internal/pipeline/repository.go:65.16,67.3 1 1
github.com/dorkusprime/wolfcastle/internal/pipeline/repository.go:68.2,68.26 1 1
github.com/dorkusprime/wolfcastle/internal/pipeline/repository.go:74.104,76.16 2 1
github.com/dorkusprime/wolfcastle/internal/pipeline/repository.go:76.16,78.3 1 1
github.com/dorkusprime/wolfcastle/internal/pipeline/repository.go:80.2,81.28 2 1
github.com/dorkusprime/wolfcastle/internal/pipeline/repository.go:81.28,83.3 1 1
github.com/dorkusprime/wolfcastle/internal/pipeline/repository.go:85.2,86.22 2 1
github.com/dorkusprime/wolfcastle/internal/pipeline/repository.go:86.22,88.3 1 1
github.com/dorkusprime/wolfcastle/internal/pipeline/repository.go:88.8,90.27 2 1
github.com/dorkusprime/wolfcastle/internal/pipeline/repository.go:90.27,92.4 1 1
github.com/dorkusprime/wolfcastle/internal/pipeline/repository.go:93.3,93.22 1 1
github.com/dorkusprime/wolfcastle/internal/pipeline/repository.go:96.2,97.29 2 1
github.com/dorkusprime/wolfcastle/internal/pipeline/repository.go:97.29,98.23 1 1
github.com/dorkusprime/wolfcastle/internal/pipeline/repository.go:98.23,99.12 1 1
github.com/dorkusprime/wolfcastle/internal/pipeline/repository.go:101.3,102.10 2 1
github.com/dorkusprime/wolfcastle/internal/pipeline/repository.go:102.10,103.24 1 1
github.com/dorkusprime/wolfcastle/internal/pipeline/repository.go:103.24,105.5 1 1
github.com/dorkusprime/wolfcastle/internal/pipeline/repository.go:106.4,106.12 1 0
github.com/dorkusprime/wolfcastle/internal/pipeline/repository.go:108.3,108.44 1 1
github.com/dorkusprime/wolfcastle/internal/pipeline/repository.go:111.2,111.22 1 1
github.com/dorkusprime/wolfcastle/internal/pipeline/repository.go:116.73,117.57 1 1
github.com/dorkusprime/wolfcastle/internal/pipeline/repository.go:117.57,119.3 1 1
github.com/dorkusprime/wolfcastle/internal/pipeline/repository.go:120.2,120.12 1 1
github.com/dorkusprime/wolfcastle/internal/pipeline/repository.go:125.64,126.86 1 1
github.com/dorkusprime/wolfcastle/internal/pipeline/repository.go:126.86,127.17 1 1
github.com/dorkusprime/wolfcastle/internal/pipeline/repository.go:127.17,129.4 1 1
github.com/dorkusprime/wolfcastle/internal/pipeline/repository.go:130.3,130.16 1 1
github.com/dorkusprime/wolfcastle/internal/pipeline/repository.go:130.16,132.4 1 1
github.com/dorkusprime/wolfcastle/internal/pipeline/repository.go:133.3,134.17 2 1
github.com/dorkusprime/wolfcastle/internal/pipeline/repository.go:134.17,136.4 1 1
github.com/dorkusprime/wolfcastle/internal/pipeline/repository.go:137.3,137.55 1 1
github.com/dorkusprime/wolfcastle/internal/pipeline/repository.go:137.55,139.4 1 1
github.com/dorkusprime/wolfcastle/internal/pipeline/repository.go:140.3,140.13 1 1
github.com/dorkusprime/wolfcastle/internal/pipeline/scriptref.go:12.39,14.2 1 1
