mode: set
github.com/dorkusprime/wolfcastle/internal/testutil/environment.go:27.52,33.2 1 1
github.com/dorkusprime/wolfcastle/internal/testutil/environment.go:36.63,42.2 1 1
github.com/dorkusprime/wolfcastle/internal/testutil/environment.go:103.48,116.40 8 1
github.com/dorkusprime/wolfcastle/internal/testutil/environment.go:116.40,117.35 1 1
github.com/dorkusprime/wolfcastle/internal/testutil/environment.go:117.35,118.71 1 1
github.com/dorkusprime/wolfcastle/internal/testutil/environment.go:118.71,120.5 1 0
github.com/dorkusprime/wolfcastle/internal/testutil/environment.go:125.2,133.32 2 1
github.com/dorkusprime/wolfcastle/internal/testutil/environment.go:133.32,134.49 1 1
github.com/dorkusprime/wolfcastle/internal/testutil/environment.go:134.49,136.4 1 0
github.com/dorkusprime/wolfcastle/internal/testutil/environment.go:140.2,143.16 4 1
github.com/dorkusprime/wolfcastle/internal/testutil/environment.go:143.16,145.3 1 0
github.com/dorkusprime/wolfcastle/internal/testutil/environment.go:146.2,146.64 1 1
github.com/dorkusprime/wolfcastle/internal/testutil/environment.go:146.64,148.3 1 0
github.com/dorkusprime/wolfcastle/internal/testutil/environment.go:151.2,151.103 1 1
github.com/dorkusprime/wolfcastle/internal/testutil/environment.go:151.103,153.3 1 0
github.com/dorkusprime/wolfcastle/internal/testutil/environment.go:156.2,162.94 2 1
github.com/dorkusprime/wolfcastle/internal/testutil/environment.go:162.94,164.3 1 0
github.com/dorkusprime/wolfcastle/internal/testutil/environment.go:167.2,169.81 3 1
github.com/dorkusprime/wolfcastle/internal/testutil/environment.go:169.81,171.3 1 0
github.com/dorkusprime/wolfcastle/internal/testutil/environment.go:173.2,182.16 5 1
github.com/dorkusprime/wolfcastle/internal/testutil/environment.go:182.16,184.3 1 0
github.com/dorkusprime/wolfcastle/internal/testutil/environment.go:185.2,186.16 2 1
github.com/dorkusprime/wolfcastle/internal/testutil/environment.go:186.16,188.3 1 0
github.com/dorkusprime/wolfcastle/internal/testutil/environment.go:190.2,201.3 1 1
github.com/dorkusprime/wolfcastle/internal/testutil/environment.go:205.42,207.2 1 1
github.com/dorkusprime/wolfcastle/internal/testutil/environment.go:211.42,213.2 1 1
github.com/dorkusprime/wolfcastle/internal/testutil/environment.go:218.47,220.16 2 1
github.com/dorkusprime/wolfcastle/internal/testutil/environment.go:220.16,222.3 1 1
github.com/dorkusprime/wolfcastle/internal/testutil/environment.go:223.2,233.3 1 1
github.com/dorkusprime/wolfcastle/internal/testutil/environment.go:238.44,240.2 1 1
github.com/dorkusprime/wolfcastle/internal/testutil/environment.go:244.73,251.16 4 1
github.com/dorkusprime/wolfcastle/internal/testutil/environment.go:251.16,253.3 1 1
github.com/dorkusprime/wolfcastle/internal/testutil/environment.go:254.2,255.56 2 1
github.com/dorkusprime/wolfcastle/internal/testutil/environment.go:255.56,257.3 1 1
github.com/dorkusprime/wolfcastle/internal/testutil/environment.go:259.2,260.54 2 1
github.com/dorkusprime/wolfcastle/internal/testutil/environment.go:260.54,262.3 1 1
github.com/dorkusprime/wolfcastle/internal/testutil/environment.go:263.2,263.10 1 1
github.com/dorkusprime/wolfcastle/internal/testutil/environment.go:269.67,272.2 2 1
github.com/dorkusprime/wolfcastle/internal/testutil/environment.go:279.76,284.16 4 1
github.com/dorkusprime/wolfcastle/internal/testutil/environment.go:284.16,286.3 1 1
github.com/dorkusprime/wolfcastle/internal/testutil/environment.go:289.2,299.81 7 1
github.com/dorkusprime/wolfcastle/internal/testutil/environment.go:299.81,301.3 1 0
github.com/dorkusprime/wolfcastle/internal/testutil/environment.go:302.2,302.10 1 1
github.com/dorkusprime/wolfcastle/internal/testutil/environment.go:307.128,311.52 3 1
github.com/dorkusprime/wolfcastle/internal/testutil/environment.go:311.52,313.3 1 1
github.com/dorkusprime/wolfcastle/internal/testutil/environment.go:315.2,327.41 3 1
github.com/dorkusprime/wolfcastle/internal/testutil/environment.go:327.41,329.39 1 1
github.com/dorkusprime/wolfcastle/internal/testutil/environment.go:329.39,339.4 5 1
github.com/dorkusprime/wolfcastle/internal/testutil/environment.go:340.8,342.37 1 1
github.com/dorkusprime/wolfcastle/internal/testutil/environment.go:342.37,348.4 1 1
github.com/dorkusprime/wolfcastle/internal/testutil/environment.go:350.3,355.5 1 1
github.com/dorkusprime/wolfcastle/internal/testutil/environment.go:358.2,360.76 2 1
github.com/dorkusprime/wolfcastle/internal/testutil/environment.go:360.76,362.3 1 1
github.com/dorkusprime/wolfcastle/internal/testutil/environment.go:367.84,371.2 3 1
github.com/dorkusprime/wolfcastle/internal/testutil/environment.go:375.79,377.94 2 1
github.com/dorkusprime/wolfcastle/internal/testutil/environment.go:377.94,379.3 1 1
github.com/dorkusprime/wolfcastle/internal/testutil/environment.go:380.2,380.10 1 1
github.com/dorkusprime/wolfcastle/internal/testutil/environment.go:385.74,387.89 2 1
github.com/dorkusprime/wolfcastle/internal/testutil/environment.go:387.89,389.3 1 1
github.com/dorkusprime/wolfcastle/internal/testutil/environment.go:390.2,390.10 1 1
github.com/dorkusprime/wolfcastle/internal/testutil/environment.go:395.42,396.63 1 1
github.com/dorkusprime/wolfcastle/internal/testutil/environment.go:396.63,398.3 1 1
github.com/dorkusprime/wolfcastle/internal/testutil/environment.go:399.2,400.16 2 1
github.com/dorkusprime/wolfcastle/internal/testutil/environment.go:400.16,402.3 1 1
github.com/dorkusprime/wolfcastle/internal/testutil/environment.go:403.2,403.40 1 1
github.com/dorkusprime/wolfcastle/internal/testutil/helpers.go:19.50,21.62 2 1
github.com/dorkusprime/wolfcastle/internal/testutil/helpers.go:21.62,23.3 1 1
github.com/dorkusprime/wolfcastle/internal/testutil/helpers.go:24.2,25.16 2 1
github.com/dorkusprime/wolfcastle/internal/testutil/helpers.go:25.16,27.3 1 1
github.com/dorkusprime/wolfcastle/internal/testutil/helpers.go:28.2,28.55 1 1
github.com/dorkusprime/wolfcastle/internal/testutil/helpers.go:28.55,30.3 1 1
github.com/dorkusprime/wolfcastle/internal/testutil/helpers.go:34.49,37.16 3 1
github.com/dorkusprime/wolfcastle/internal/testutil/helpers.go:37.16,39.3 1 1
github.com/dorkusprime/wolfcastle/internal/testutil/helpers.go:40.2,40.48 1 1
github.com/dorkusprime/wolfcastle/internal/testutil/helpers.go:40.48,42.3 1 1
github.com/dorkusprime/wolfcastle/internal/testutil/helpers.go:48.70,66.25 6 1
github.com/dorkusprime/wolfcastle/internal/testutil/helpers.go:66.25,67.76 1 1
github.com/dorkusprime/wolfcastle/internal/testutil/helpers.go:67.76,69.4 1 0
github.com/dorkusprime/wolfcastle/internal/testutil/helpers.go:73.2,93.33 9 1
github.com/dorkusprime/wolfcastle/internal/testutil/helpers.go:104.86,175.2 28 1
github.com/dorkusprime/wolfcastle/internal/testutil/helpers.go:178.84,183.2 4 1
github.com/dorkusprime/wolfcastle/internal/testutil/helpers.go:186.85,191.2 4 1
github.com/dorkusprime/wolfcastle/internal/testutil/helpers.go:194.89,197.2 2 1
