mode: set
github.com/dorkusprime/wolfcastle/main.go:14.13,16.2 1 0
github.com/dorkusprime/wolfcastle/cmd/inbox/add.go:14.49,24.55 1 1
github.com/dorkusprime/wolfcastle/cmd/inbox/add.go:24.55,25.48 1 1
github.com/dorkusprime/wolfcastle/cmd/inbox/add.go:25.48,27.5 1 1
github.com/dorkusprime/wolfcastle/cmd/inbox/add.go:28.4,29.37 2 1
github.com/dorkusprime/wolfcastle/cmd/inbox/add.go:29.37,31.5 1 1
github.com/dorkusprime/wolfcastle/cmd/inbox/add.go:33.4,41.61 3 1
github.com/dorkusprime/wolfcastle/cmd/inbox/add.go:41.61,43.5 1 1
github.com/dorkusprime/wolfcastle/cmd/inbox/add.go:45.4,45.22 1 1
github.com/dorkusprime/wolfcastle/cmd/inbox/add.go:45.22,50.5 1 1
github.com/dorkusprime/wolfcastle/cmd/inbox/add.go:50.10,52.5 1 1
github.com/dorkusprime/wolfcastle/cmd/inbox/add.go:53.4,53.14 1 1
github.com/dorkusprime/wolfcastle/cmd/inbox/clear.go:13.51,23.55 1 1
github.com/dorkusprime/wolfcastle/cmd/inbox/clear.go:23.55,24.48 1 1
github.com/dorkusprime/wolfcastle/cmd/inbox/clear.go:24.48,26.5 1 1
github.com/dorkusprime/wolfcastle/cmd/inbox/clear.go:27.4,31.18 4 1
github.com/dorkusprime/wolfcastle/cmd/inbox/clear.go:31.18,33.5 1 1
github.com/dorkusprime/wolfcastle/cmd/inbox/clear.go:35.4,37.16 2 1
github.com/dorkusprime/wolfcastle/cmd/inbox/clear.go:37.16,39.5 1 1
github.com/dorkusprime/wolfcastle/cmd/inbox/clear.go:39.10,41.42 2 1
github.com/dorkusprime/wolfcastle/cmd/inbox/clear.go:41.42,42.30 1 1
github.com/dorkusprime/wolfcastle/cmd/inbox/clear.go:42.30,44.7 1 1
github.com/dorkusprime/wolfcastle/cmd/inbox/clear.go:46.5,46.27 1 1
github.com/dorkusprime/wolfcastle/cmd/inbox/clear.go:49.4,51.64 2 1
github.com/dorkusprime/wolfcastle/cmd/inbox/clear.go:51.64,53.5 1 1
github.com/dorkusprime/wolfcastle/cmd/inbox/clear.go:55.4,55.22 1 1
github.com/dorkusprime/wolfcastle/cmd/inbox/clear.go:55.22,60.5 1 1
github.com/dorkusprime/wolfcastle/cmd/inbox/clear.go:60.10,62.5 1 1
github.com/dorkusprime/wolfcastle/cmd/inbox/clear.go:63.4,63.14 1 1
github.com/dorkusprime/wolfcastle/cmd/inbox/clear.go:67.2,68.12 2 1
github.com/dorkusprime/wolfcastle/cmd/inbox/list.go:13.50,22.55 1 1
github.com/dorkusprime/wolfcastle/cmd/inbox/list.go:22.55,23.48 1 1
github.com/dorkusprime/wolfcastle/cmd/inbox/list.go:23.48,25.5 1 1
github.com/dorkusprime/wolfcastle/cmd/inbox/list.go:26.4,29.18 3 1
github.com/dorkusprime/wolfcastle/cmd/inbox/list.go:29.18,31.5 1 1
github.com/dorkusprime/wolfcastle/cmd/inbox/list.go:33.4,33.22 1 1
github.com/dorkusprime/wolfcastle/cmd/inbox/list.go:33.22,38.5 1 1
github.com/dorkusprime/wolfcastle/cmd/inbox/list.go:38.10,39.34 1 1
github.com/dorkusprime/wolfcastle/cmd/inbox/list.go:39.34,41.6 1 1
github.com/dorkusprime/wolfcastle/cmd/inbox/list.go:41.11,42.43 1 1
github.com/dorkusprime/wolfcastle/cmd/inbox/list.go:42.43,44.7 1 1
github.com/dorkusprime/wolfcastle/cmd/inbox/list.go:47.4,47.14 1 1
github.com/dorkusprime/wolfcastle/cmd/inbox/register.go:12.57,32.2 6 1
github.com/dorkusprime/wolfcastle/cmd/orchestrator/criteria.go:13.54,24.55 1 1
github.com/dorkusprime/wolfcastle/cmd/orchestrator/criteria.go:24.55,25.48 1 1
github.com/dorkusprime/wolfcastle/cmd/orchestrator/criteria.go:25.48,27.5 1 1
github.com/dorkusprime/wolfcastle/cmd/orchestrator/criteria.go:28.4,29.22 2 1
github.com/dorkusprime/wolfcastle/cmd/orchestrator/criteria.go:29.22,31.5 1 0
github.com/dorkusprime/wolfcastle/cmd/orchestrator/criteria.go:32.4,34.16 2 1
github.com/dorkusprime/wolfcastle/cmd/orchestrator/criteria.go:34.16,36.19 2 1
github.com/dorkusprime/wolfcastle/cmd/orchestrator/criteria.go:36.19,38.6 1 0
github.com/dorkusprime/wolfcastle/cmd/orchestrator/criteria.go:39.5,39.23 1 1
github.com/dorkusprime/wolfcastle/cmd/orchestrator/criteria.go:39.23,44.6 1 0
github.com/dorkusprime/wolfcastle/cmd/orchestrator/criteria.go:44.11,45.38 1 1
github.com/dorkusprime/wolfcastle/cmd/orchestrator/criteria.go:45.38,47.7 1 1
github.com/dorkusprime/wolfcastle/cmd/orchestrator/criteria.go:47.12,49.44 2 1
github.com/dorkusprime/wolfcastle/cmd/orchestrator/criteria.go:49.44,51.8 1 1
github.com/dorkusprime/wolfcastle/cmd/orchestrator/criteria.go:54.5,54.15 1 1
github.com/dorkusprime/wolfcastle/cmd/orchestrator/criteria.go:57.4,57.22 1 1
github.com/dorkusprime/wolfcastle/cmd/orchestrator/criteria.go:57.22,59.5 1 1
github.com/dorkusprime/wolfcastle/cmd/orchestrator/criteria.go:60.4,61.42 2 1
github.com/dorkusprime/wolfcastle/cmd/orchestrator/criteria.go:61.42,63.5 1 1
github.com/dorkusprime/wolfcastle/cmd/orchestrator/criteria.go:65.4,65.77 1 1
github.com/dorkusprime/wolfcastle/cmd/orchestrator/criteria.go:65.77,66.49 1 1
github.com/dorkusprime/wolfcastle/cmd/orchestrator/criteria.go:66.49,67.31 1 1
github.com/dorkusprime/wolfcastle/cmd/orchestrator/criteria.go:67.31,69.7 1 1
github.com/dorkusprime/wolfcastle/cmd/orchestrator/criteria.go:71.5,72.15 2 1
github.com/dorkusprime/wolfcastle/cmd/orchestrator/criteria.go:73.19,75.5 1 1
github.com/dorkusprime/wolfcastle/cmd/orchestrator/criteria.go:77.4,77.22 1 1
github.com/dorkusprime/wolfcastle/cmd/orchestrator/criteria.go:77.22,82.5 1 0
github.com/dorkusprime/wolfcastle/cmd/orchestrator/criteria.go:82.10,84.5 1 1
github.com/dorkusprime/wolfcastle/cmd/orchestrator/criteria.go:85.4,85.14 1 1
github.com/dorkusprime/wolfcastle/cmd/orchestrator/criteria.go:89.2,92.12 4 1
github.com/dorkusprime/wolfcastle/cmd/orchestrator/register.go:12.57,32.2 7 1
github.com/dorkusprime/wolfcastle/internal/config/config.go:15.25,119.2 1 1
github.com/dorkusprime/wolfcastle/internal/config/config.go:131.50,134.16 2 1
github.com/dorkusprime/wolfcastle/internal/config/config.go:134.16,136.3 1 0
github.com/dorkusprime/wolfcastle/internal/config/config.go:139.2,139.35 1 1
github.com/dorkusprime/wolfcastle/internal/config/config.go:139.35,142.40 3 1
github.com/dorkusprime/wolfcastle/internal/config/config.go:142.40,144.4 1 1
github.com/dorkusprime/wolfcastle/internal/config/config.go:145.3,145.17 1 1
github.com/dorkusprime/wolfcastle/internal/config/config.go:145.17,147.4 1 1
github.com/dorkusprime/wolfcastle/internal/config/config.go:151.2,152.16 2 1
github.com/dorkusprime/wolfcastle/internal/config/config.go:152.16,154.3 1 0
github.com/dorkusprime/wolfcastle/internal/config/config.go:155.2,156.53 2 1
github.com/dorkusprime/wolfcastle/internal/config/config.go:156.53,158.3 1 0
github.com/dorkusprime/wolfcastle/internal/config/config.go:161.2,161.48 1 1
github.com/dorkusprime/wolfcastle/internal/config/config.go:161.48,163.3 1 1
github.com/dorkusprime/wolfcastle/internal/config/config.go:165.2,165.18 1 1
github.com/dorkusprime/wolfcastle/internal/config/config.go:170.56,172.16 2 1
github.com/dorkusprime/wolfcastle/internal/config/config.go:172.16,174.3 1 1
github.com/dorkusprime/wolfcastle/internal/config/config.go:175.2,176.49 2 1
github.com/dorkusprime/wolfcastle/internal/config/config.go:176.49,178.3 1 1
github.com/dorkusprime/wolfcastle/internal/config/config.go:179.2,179.15 1 1
github.com/dorkusprime/wolfcastle/internal/config/config.go:183.49,185.16 2 1
github.com/dorkusprime/wolfcastle/internal/config/config.go:185.16,187.3 1 1
github.com/dorkusprime/wolfcastle/internal/config/config.go:188.2,189.49 2 1
github.com/dorkusprime/wolfcastle/internal/config/config.go:189.49,191.3 1 0
github.com/dorkusprime/wolfcastle/internal/config/config.go:192.2,192.15 1 1
github.com/dorkusprime/wolfcastle/internal/config/merge.go:7.56,9.25 2 1
github.com/dorkusprime/wolfcastle/internal/config/merge.go:9.25,11.16 1 1
github.com/dorkusprime/wolfcastle/internal/config/merge.go:11.16,13.12 2 1
github.com/dorkusprime/wolfcastle/internal/config/merge.go:15.3,16.14 2 1
github.com/dorkusprime/wolfcastle/internal/config/merge.go:16.14,18.12 2 1
github.com/dorkusprime/wolfcastle/internal/config/merge.go:21.3,23.23 3 1
github.com/dorkusprime/wolfcastle/internal/config/merge.go:23.23,25.12 2 1
github.com/dorkusprime/wolfcastle/internal/config/merge.go:28.3,28.29 1 1
github.com/dorkusprime/wolfcastle/internal/config/merge.go:30.2,30.15 1 1
github.com/dorkusprime/wolfcastle/internal/config/merge.go:35.49,36.15 1 1
github.com/dorkusprime/wolfcastle/internal/config/merge.go:36.15,38.3 1 1
github.com/dorkusprime/wolfcastle/internal/config/merge.go:39.2,40.23 2 1
github.com/dorkusprime/wolfcastle/internal/config/merge.go:40.23,42.3 1 1
github.com/dorkusprime/wolfcastle/internal/config/merge.go:43.2,43.12 1 1
github.com/dorkusprime/wolfcastle/internal/config/merge.go:47.28,48.27 1 1
github.com/dorkusprime/wolfcastle/internal/config/merge.go:49.22,50.25 1 1
github.com/dorkusprime/wolfcastle/internal/config/merge.go:51.13,53.30 2 1
github.com/dorkusprime/wolfcastle/internal/config/merge.go:53.30,55.4 1 1
github.com/dorkusprime/wolfcastle/internal/config/merge.go:56.3,56.13 1 1
github.com/dorkusprime/wolfcastle/internal/config/merge.go:57.10,58.15 1 1
github.com/dorkusprime/wolfcastle/internal/config/types.go:57.41,58.22 1 1
github.com/dorkusprime/wolfcastle/internal/config/types.go:58.22,60.3 1 1
github.com/dorkusprime/wolfcastle/internal/config/types.go:61.2,61.19 1 1
github.com/dorkusprime/wolfcastle/internal/config/types.go:65.56,66.33 1 1
github.com/dorkusprime/wolfcastle/internal/config/types.go:66.33,68.3 1 1
github.com/dorkusprime/wolfcastle/internal/config/types.go:69.2,69.30 1 1
github.com/dorkusprime/wolfcastle/internal/config/validate.go:11.43,15.35 2 1
github.com/dorkusprime/wolfcastle/internal/config/validate.go:15.35,17.3 1 1
github.com/dorkusprime/wolfcastle/internal/config/validate.go:20.2,20.44 1 1
github.com/dorkusprime/wolfcastle/internal/config/validate.go:20.44,21.44 1 1
github.com/dorkusprime/wolfcastle/internal/config/validate.go:21.44,23.4 1 1
github.com/dorkusprime/wolfcastle/internal/config/validate.go:27.2,28.44 2 1
github.com/dorkusprime/wolfcastle/internal/config/validate.go:28.44,29.23 1 1
github.com/dorkusprime/wolfcastle/internal/config/validate.go:29.23,31.4 1 1
github.com/dorkusprime/wolfcastle/internal/config/validate.go:31.9,31.31 1 1
github.com/dorkusprime/wolfcastle/internal/config/validate.go:31.31,33.4 1 1
github.com/dorkusprime/wolfcastle/internal/config/validate.go:34.3,34.27 1 1
github.com/dorkusprime/wolfcastle/internal/config/validate.go:38.2,38.44 1 1
github.com/dorkusprime/wolfcastle/internal/config/validate.go:38.44,39.29 1 1
github.com/dorkusprime/wolfcastle/internal/config/validate.go:39.29,41.4 1 1
github.com/dorkusprime/wolfcastle/internal/config/validate.go:45.2,45.44 1 1
github.com/dorkusprime/wolfcastle/internal/config/validate.go:45.44,47.3 1 1
github.com/dorkusprime/wolfcastle/internal/config/validate.go:48.2,48.43 1 1
github.com/dorkusprime/wolfcastle/internal/config/validate.go:48.43,50.3 1 1
github.com/dorkusprime/wolfcastle/internal/config/validate.go:51.2,51.29 1 1
github.com/dorkusprime/wolfcastle/internal/config/validate.go:51.29,53.3 1 1
github.com/dorkusprime/wolfcastle/internal/config/validate.go:54.2,54.89 1 1
github.com/dorkusprime/wolfcastle/internal/config/validate.go:54.89,57.3 1 1
github.com/dorkusprime/wolfcastle/internal/config/validate.go:60.2,60.41 1 1
github.com/dorkusprime/wolfcastle/internal/config/validate.go:60.41,62.3 1 1
github.com/dorkusprime/wolfcastle/internal/config/validate.go:63.2,63.48 1 1
github.com/dorkusprime/wolfcastle/internal/config/validate.go:63.48,65.3 1 1
github.com/dorkusprime/wolfcastle/internal/config/validate.go:66.2,66.46 1 1
github.com/dorkusprime/wolfcastle/internal/config/validate.go:66.46,68.3 1 1
github.com/dorkusprime/wolfcastle/internal/config/validate.go:69.2,69.43 1 1
github.com/dorkusprime/wolfcastle/internal/config/validate.go:69.43,71.3 1 1
github.com/dorkusprime/wolfcastle/internal/config/validate.go:72.2,72.32 1 1
github.com/dorkusprime/wolfcastle/internal/config/validate.go:72.32,74.3 1 1
github.com/dorkusprime/wolfcastle/internal/config/validate.go:75.2,75.40 1 1
github.com/dorkusprime/wolfcastle/internal/config/validate.go:75.40,77.3 1 1
github.com/dorkusprime/wolfcastle/internal/config/validate.go:78.2,79.71 2 1
github.com/dorkusprime/wolfcastle/internal/config/validate.go:79.71,81.3 1 1
github.com/dorkusprime/wolfcastle/internal/config/validate.go:84.2,84.28 1 1
github.com/dorkusprime/wolfcastle/internal/config/validate.go:84.28,86.3 1 1
github.com/dorkusprime/wolfcastle/internal/config/validate.go:87.2,87.30 1 1
github.com/dorkusprime/wolfcastle/internal/config/validate.go:87.30,89.3 1 1
github.com/dorkusprime/wolfcastle/internal/config/validate.go:92.2,92.41 1 1
github.com/dorkusprime/wolfcastle/internal/config/validate.go:92.41,94.3 1 1
github.com/dorkusprime/wolfcastle/internal/config/validate.go:95.2,95.37 1 1
github.com/dorkusprime/wolfcastle/internal/config/validate.go:95.37,97.3 1 1
github.com/dorkusprime/wolfcastle/internal/config/validate.go:98.2,98.33 1 1
github.com/dorkusprime/wolfcastle/internal/config/validate.go:98.33,100.3 1 1
github.com/dorkusprime/wolfcastle/internal/config/validate.go:103.2,104.46 2 1
github.com/dorkusprime/wolfcastle/internal/config/validate.go:104.46,105.21 1 1
github.com/dorkusprime/wolfcastle/internal/config/validate.go:105.21,107.4 1 1
github.com/dorkusprime/wolfcastle/internal/config/validate.go:107.9,107.32 1 1
github.com/dorkusprime/wolfcastle/internal/config/validate.go:107.32,109.4 1 1
github.com/dorkusprime/wolfcastle/internal/config/validate.go:110.3,111.20 2 1
github.com/dorkusprime/wolfcastle/internal/config/validate.go:111.20,113.4 1 1
github.com/dorkusprime/wolfcastle/internal/config/validate.go:114.3,114.29 1 1
github.com/dorkusprime/wolfcastle/internal/config/validate.go:114.29,116.4 1 1
github.com/dorkusprime/wolfcastle/internal/config/validate.go:120.2,120.39 1 1
github.com/dorkusprime/wolfcastle/internal/config/validate.go:120.39,122.3 1 1
github.com/dorkusprime/wolfcastle/internal/config/validate.go:125.2,125.76 1 1
github.com/dorkusprime/wolfcastle/internal/config/validate.go:125.76,127.3 1 1
github.com/dorkusprime/wolfcastle/internal/config/validate.go:130.2,130.38 1 1
github.com/dorkusprime/wolfcastle/internal/config/validate.go:130.38,131.26 1 1
github.com/dorkusprime/wolfcastle/internal/config/validate.go:131.26,133.4 1 1
github.com/dorkusprime/wolfcastle/internal/config/validate.go:136.2,136.19 1 1
github.com/dorkusprime/wolfcastle/internal/config/validate.go:136.19,138.3 1 1
github.com/dorkusprime/wolfcastle/internal/config/validate.go:139.2,139.12 1 1
github.com/dorkusprime/wolfcastle/internal/config/validate.go:143.34,145.47 1 1
github.com/dorkusprime/wolfcastle/internal/config/validate.go:145.47,147.3 1 1
github.com/dorkusprime/wolfcastle/internal/config/validate.go:149.2,152.25 2 1
github.com/dorkusprime/wolfcastle/internal/config/validate.go:152.25,153.50 1 1
github.com/dorkusprime/wolfcastle/internal/config/validate.go:153.50,155.4 1 1
github.com/dorkusprime/wolfcastle/internal/config/validate.go:156.3,156.35 1 1
github.com/dorkusprime/wolfcastle/internal/config/validate.go:156.35,158.4 1 1
github.com/dorkusprime/wolfcastle/internal/config/validate.go:162.2,162.48 1 1
github.com/dorkusprime/wolfcastle/internal/config/validate.go:162.48,164.3 1 1
github.com/dorkusprime/wolfcastle/internal/config/validate.go:165.2,165.33 1 1
github.com/dorkusprime/wolfcastle/internal/config/validate.go:165.33,167.3 1 1
github.com/dorkusprime/wolfcastle/internal/config/validate.go:170.2,170.49 1 1
github.com/dorkusprime/wolfcastle/internal/config/validate.go:170.49,172.3 1 1
github.com/dorkusprime/wolfcastle/internal/config/validate.go:173.2,173.34 1 1
github.com/dorkusprime/wolfcastle/internal/config/validate.go:173.34,175.3 1 1
github.com/dorkusprime/wolfcastle/internal/config/validate.go:182.2,182.47 1 1
github.com/dorkusprime/wolfcastle/internal/config/validate.go:182.47,184.3 1 1
github.com/dorkusprime/wolfcastle/internal/config/validate.go:185.2,185.32 1 1
github.com/dorkusprime/wolfcastle/internal/config/validate.go:185.32,187.3 1 1
github.com/dorkusprime/wolfcastle/internal/config/validate.go:190.2,190.25 1 1
github.com/dorkusprime/wolfcastle/internal/config/validate.go:190.25,192.3 1 1
github.com/dorkusprime/wolfcastle/internal/config/validate.go:194.2,194.19 1 1
github.com/dorkusprime/wolfcastle/internal/config/validate.go:194.19,196.3 1 1
github.com/dorkusprime/wolfcastle/internal/config/validate.go:197.2,197.12 1 1
github.com/dorkusprime/wolfcastle/internal/clock/clock.go:19.34,19.61 1 1
github.com/dorkusprime/wolfcastle/internal/clock/clock.go:22.18,22.40 1 1
github.com/dorkusprime/wolfcastle/internal/clock/clock.go:30.37,30.51 1 1
github.com/dorkusprime/wolfcastle/internal/clock/clock.go:33.39,33.66 1 1
github.com/dorkusprime/wolfcastle/internal/clock/clock.go:43.38,43.65 1 1
github.com/dorkusprime/wolfcastle/internal/clock/clock.go:46.37,50.2 3 1
github.com/dorkusprime/wolfcastle/internal/clock/clock.go:53.46,57.2 3 1
github.com/dorkusprime/wolfcastle/internal/clock/clock.go:60.38,64.2 3 1
github.com/dorkusprime/wolfcastle/cmd/daemon/follow.go:21.49,35.55 1 1
github.com/dorkusprime/wolfcastle/cmd/daemon/follow.go:35.55,41.25 6 1
github.com/dorkusprime/wolfcastle/cmd/daemon/follow.go:41.25,42.58 1 0
github.com/dorkusprime/wolfcastle/cmd/daemon/follow.go:42.58,44.6 1 0
github.com/dorkusprime/wolfcastle/cmd/daemon/follow.go:44.11,46.6 1 0
github.com/dorkusprime/wolfcastle/cmd/daemon/follow.go:49.4,49.15 1 1
github.com/dorkusprime/wolfcastle/cmd/daemon/follow.go:49.15,51.5 1 1
github.com/dorkusprime/wolfcastle/cmd/daemon/follow.go:52.4,54.51 3 0
github.com/dorkusprime/wolfcastle/cmd/daemon/follow.go:60.77,62.16 2 1
github.com/dorkusprime/wolfcastle/cmd/daemon/follow.go:62.16,65.3 2 1
github.com/dorkusprime/wolfcastle/cmd/daemon/follow.go:67.2,69.12 3 1
github.com/dorkusprime/wolfcastle/cmd/daemon/follow.go:74.94,79.6 4 1
github.com/dorkusprime/wolfcastle/cmd/daemon/follow.go:79.6,80.10 1 1
github.com/dorkusprime/wolfcastle/cmd/daemon/follow.go:81.21,82.14 1 0
github.com/dorkusprime/wolfcastle/cmd/daemon/follow.go:83.11,83.11 0 1
github.com/dorkusprime/wolfcastle/cmd/daemon/follow.go:86.3,87.17 2 1
github.com/dorkusprime/wolfcastle/cmd/daemon/follow.go:87.17,88.25 1 1
github.com/dorkusprime/wolfcastle/cmd/daemon/follow.go:88.25,91.5 2 1
github.com/dorkusprime/wolfcastle/cmd/daemon/follow.go:92.4,92.11 1 1
github.com/dorkusprime/wolfcastle/cmd/daemon/follow.go:93.22,94.15 1 1
github.com/dorkusprime/wolfcastle/cmd/daemon/follow.go:95.39,95.39 0 0
github.com/dorkusprime/wolfcastle/cmd/daemon/follow.go:97.4,97.12 1 0
github.com/dorkusprime/wolfcastle/cmd/daemon/follow.go:100.3,100.32 1 1
github.com/dorkusprime/wolfcastle/cmd/daemon/follow.go:100.32,101.25 1 1
github.com/dorkusprime/wolfcastle/cmd/daemon/follow.go:101.25,103.5 1 0
github.com/dorkusprime/wolfcastle/cmd/daemon/follow.go:103.10,105.38 2 1
github.com/dorkusprime/wolfcastle/cmd/daemon/follow.go:105.38,108.6 2 1
github.com/dorkusprime/wolfcastle/cmd/daemon/follow.go:110.4,110.28 1 1
github.com/dorkusprime/wolfcastle/cmd/daemon/follow.go:113.3,113.66 1 1
github.com/dorkusprime/wolfcastle/cmd/daemon/follow.go:113.66,115.4 1 0
github.com/dorkusprime/wolfcastle/cmd/daemon/follow.go:117.3,117.10 1 1
github.com/dorkusprime/wolfcastle/cmd/daemon/follow.go:118.21,119.14 1 1
github.com/dorkusprime/wolfcastle/cmd/daemon/follow.go:120.45,120.45 0 0
github.com/dorkusprime/wolfcastle/cmd/daemon/follow.go:127.70,129.16 2 1
github.com/dorkusprime/wolfcastle/cmd/daemon/follow.go:129.16,131.3 1 1
github.com/dorkusprime/wolfcastle/cmd/daemon/follow.go:132.2,132.15 1 1
github.com/dorkusprime/wolfcastle/cmd/daemon/follow.go:132.15,132.32 1 1
github.com/dorkusprime/wolfcastle/cmd/daemon/follow.go:134.2,136.21 3 1
github.com/dorkusprime/wolfcastle/cmd/daemon/follow.go:136.21,138.3 1 1
github.com/dorkusprime/wolfcastle/cmd/daemon/follow.go:140.2,141.23 2 1
github.com/dorkusprime/wolfcastle/cmd/daemon/follow.go:141.23,143.3 1 1
github.com/dorkusprime/wolfcastle/cmd/daemon/follow.go:145.2,145.40 1 1
github.com/dorkusprime/wolfcastle/cmd/daemon/follow.go:145.40,147.3 1 1
github.com/dorkusprime/wolfcastle/cmd/daemon/follow.go:149.2,149.44 1 1
github.com/dorkusprime/wolfcastle/cmd/daemon/follow.go:149.44,151.3 1 1
github.com/dorkusprime/wolfcastle/cmd/daemon/follow.go:154.67,156.16 2 1
github.com/dorkusprime/wolfcastle/cmd/daemon/follow.go:156.16,158.3 1 1
github.com/dorkusprime/wolfcastle/cmd/daemon/follow.go:159.2,159.15 1 1
github.com/dorkusprime/wolfcastle/cmd/daemon/follow.go:159.15,159.32 1 1
github.com/dorkusprime/wolfcastle/cmd/daemon/follow.go:161.2,162.16 2 1
github.com/dorkusprime/wolfcastle/cmd/daemon/follow.go:162.16,163.46 1 1
github.com/dorkusprime/wolfcastle/cmd/daemon/follow.go:163.46,165.4 1 0
github.com/dorkusprime/wolfcastle/cmd/daemon/follow.go:168.2,169.16 2 1
github.com/dorkusprime/wolfcastle/cmd/daemon/follow.go:169.16,171.3 1 0
github.com/dorkusprime/wolfcastle/cmd/daemon/follow.go:172.2,172.27 1 1
github.com/dorkusprime/wolfcastle/cmd/daemon/follow.go:172.27,174.3 1 1
github.com/dorkusprime/wolfcastle/cmd/daemon/follow.go:176.2,177.21 2 1
github.com/dorkusprime/wolfcastle/cmd/daemon/follow.go:177.21,179.3 1 1
github.com/dorkusprime/wolfcastle/cmd/daemon/follow.go:181.2,181.47 1 1
github.com/dorkusprime/wolfcastle/cmd/daemon/follow.go:181.47,183.3 1 1
github.com/dorkusprime/wolfcastle/cmd/daemon/follow.go:185.2,185.22 1 1
github.com/dorkusprime/wolfcastle/cmd/daemon/follow.go:190.65,192.62 2 1
github.com/dorkusprime/wolfcastle/cmd/daemon/follow.go:192.62,194.3 1 1
github.com/dorkusprime/wolfcastle/cmd/daemon/follow.go:196.2,196.48 1 1
github.com/dorkusprime/wolfcastle/cmd/daemon/follow.go:196.48,197.66 1 1
github.com/dorkusprime/wolfcastle/cmd/daemon/follow.go:197.66,199.4 1 1
github.com/dorkusprime/wolfcastle/cmd/daemon/follow.go:202.2,205.17 4 1
github.com/dorkusprime/wolfcastle/cmd/daemon/follow.go:205.17,207.3 1 1
github.com/dorkusprime/wolfcastle/cmd/daemon/follow.go:209.2,209.13 1 1
github.com/dorkusprime/wolfcastle/cmd/daemon/follow.go:210.21,214.17 4 1
github.com/dorkusprime/wolfcastle/cmd/daemon/follow.go:214.17,216.4 1 1
github.com/dorkusprime/wolfcastle/cmd/daemon/follow.go:216.9,218.4 1 1
github.com/dorkusprime/wolfcastle/cmd/daemon/follow.go:219.24,223.100 4 1
github.com/dorkusprime/wolfcastle/cmd/daemon/follow.go:224.21,227.58 3 1
github.com/dorkusprime/wolfcastle/cmd/daemon/follow.go:228.19,229.46 1 1
github.com/dorkusprime/wolfcastle/cmd/daemon/follow.go:229.46,231.23 2 1
github.com/dorkusprime/wolfcastle/cmd/daemon/follow.go:231.23,233.5 1 1
github.com/dorkusprime/wolfcastle/cmd/daemon/follow.go:235.27,238.82 3 1
github.com/dorkusprime/wolfcastle/cmd/daemon/follow.go:239.20,242.77 3 1
github.com/dorkusprime/wolfcastle/cmd/daemon/follow.go:243.25,245.39 2 1
github.com/dorkusprime/wolfcastle/cmd/daemon/follow.go:246.29,248.71 2 1
github.com/dorkusprime/wolfcastle/cmd/daemon/follow.go:249.31,251.85 2 1
github.com/dorkusprime/wolfcastle/cmd/daemon/follow.go:252.15,256.83 4 1
github.com/dorkusprime/wolfcastle/cmd/daemon/follow.go:257.25,260.89 3 1
github.com/dorkusprime/wolfcastle/cmd/daemon/follow.go:261.22,263.61 2 1
github.com/dorkusprime/wolfcastle/cmd/daemon/follow.go:264.21,266.56 2 1
github.com/dorkusprime/wolfcastle/cmd/daemon/follow.go:267.25,269.58 2 1
github.com/dorkusprime/wolfcastle/cmd/daemon/follow.go:270.10,271.61 1 1
github.com/dorkusprime/wolfcastle/cmd/daemon/follow.go:271.61,273.4 1 1
github.com/dorkusprime/wolfcastle/cmd/daemon/follow.go:273.9,273.23 1 1
github.com/dorkusprime/wolfcastle/cmd/daemon/follow.go:273.23,275.4 1 1
github.com/dorkusprime/wolfcastle/cmd/daemon/follow.go:282.35,284.2 1 1
github.com/dorkusprime/wolfcastle/cmd/daemon/follow.go:286.43,288.2 1 1
github.com/dorkusprime/wolfcastle/cmd/daemon/register.go:13.57,45.2 27 1
github.com/dorkusprime/wolfcastle/cmd/daemon/start.go:20.51,33.55 1 1
github.com/dorkusprime/wolfcastle/cmd/daemon/start.go:33.55,41.15 6 1
github.com/dorkusprime/wolfcastle/cmd/daemon/start.go:41.15,43.5 1 1
github.com/dorkusprime/wolfcastle/cmd/daemon/start.go:45.4,45.48 1 1
github.com/dorkusprime/wolfcastle/cmd/daemon/start.go:45.48,47.5 1 1
github.com/dorkusprime/wolfcastle/cmd/daemon/start.go:50.4,55.28 4 1
github.com/dorkusprime/wolfcastle/cmd/daemon/start.go:55.28,58.19 3 0
github.com/dorkusprime/wolfcastle/cmd/daemon/start.go:58.19,60.6 1 0
github.com/dorkusprime/wolfcastle/cmd/daemon/start.go:61.5,62.87 2 0
github.com/dorkusprime/wolfcastle/cmd/daemon/start.go:64.4,64.17 1 1
github.com/dorkusprime/wolfcastle/cmd/daemon/start.go:64.17,65.29 1 1
github.com/dorkusprime/wolfcastle/cmd/daemon/start.go:65.29,67.6 1 0
github.com/dorkusprime/wolfcastle/cmd/daemon/start.go:71.4,74.69 2 1
github.com/dorkusprime/wolfcastle/cmd/daemon/start.go:74.69,76.5 1 1
github.com/dorkusprime/wolfcastle/cmd/daemon/start.go:77.4,81.50 3 0
github.com/dorkusprime/wolfcastle/cmd/daemon/start.go:81.50,84.5 2 0
github.com/dorkusprime/wolfcastle/cmd/daemon/start.go:85.4,90.21 3 0
github.com/dorkusprime/wolfcastle/cmd/daemon/start.go:90.21,98.23 3 0
github.com/dorkusprime/wolfcastle/cmd/daemon/start.go:98.23,100.6 1 0
github.com/dorkusprime/wolfcastle/cmd/daemon/start.go:101.5,101.27 1 0
github.com/dorkusprime/wolfcastle/cmd/daemon/start.go:101.27,103.34 2 0
github.com/dorkusprime/wolfcastle/cmd/daemon/start.go:103.34,105.7 1 0
github.com/dorkusprime/wolfcastle/cmd/daemon/start.go:107.6,107.48 1 0
github.com/dorkusprime/wolfcastle/cmd/daemon/start.go:112.4,112.21 1 0
github.com/dorkusprime/wolfcastle/cmd/daemon/start.go:112.21,115.27 3 0
github.com/dorkusprime/wolfcastle/cmd/daemon/start.go:115.27,117.42 2 0
github.com/dorkusprime/wolfcastle/cmd/daemon/start.go:117.42,118.51 1 0
github.com/dorkusprime/wolfcastle/cmd/daemon/start.go:118.51,120.8 1 0
github.com/dorkusprime/wolfcastle/cmd/daemon/start.go:122.6,122.85 1 0
github.com/dorkusprime/wolfcastle/cmd/daemon/start.go:124.5,124.28 1 0
github.com/dorkusprime/wolfcastle/cmd/daemon/start.go:124.28,126.6 1 0
github.com/dorkusprime/wolfcastle/cmd/daemon/start.go:129.4,129.18 1 0
github.com/dorkusprime/wolfcastle/cmd/daemon/start.go:129.18,131.5 1 0
github.com/dorkusprime/wolfcastle/cmd/daemon/start.go:133.4,134.18 2 0
github.com/dorkusprime/wolfcastle/cmd/daemon/start.go:134.18,136.5 1 0
github.com/dorkusprime/wolfcastle/cmd/daemon/start.go:140.4,142.17 3 0
github.com/dorkusprime/wolfcastle/cmd/daemon/start.go:142.17,142.43 1 0
github.com/dorkusprime/wolfcastle/cmd/daemon/start.go:144.4,144.52 1 0
github.com/dorkusprime/wolfcastle/cmd/daemon/start.go:151.93,152.26 1 1
github.com/dorkusprime/wolfcastle/cmd/daemon/start.go:152.26,155.17 3 0
github.com/dorkusprime/wolfcastle/cmd/daemon/start.go:155.17,157.4 1 0
github.com/dorkusprime/wolfcastle/cmd/daemon/start.go:160.2,161.21 2 1
github.com/dorkusprime/wolfcastle/cmd/daemon/start.go:161.21,163.3 1 1
github.com/dorkusprime/wolfcastle/cmd/daemon/start.go:164.2,164.26 1 1
github.com/dorkusprime/wolfcastle/cmd/daemon/start.go:164.26,166.3 1 1
github.com/dorkusprime/wolfcastle/cmd/daemon/start.go:168.2,176.16 6 1
github.com/dorkusprime/wolfcastle/cmd/daemon/start.go:176.16,178.3 1 1
github.com/dorkusprime/wolfcastle/cmd/daemon/start.go:179.2,182.37 3 1
github.com/dorkusprime/wolfcastle/cmd/daemon/start.go:182.37,185.3 2 1
github.com/dorkusprime/wolfcastle/cmd/daemon/start.go:188.2,189.99 2 1
github.com/dorkusprime/wolfcastle/cmd/daemon/start.go:189.99,191.3 1 0
github.com/dorkusprime/wolfcastle/cmd/daemon/start.go:193.2,199.12 5 1
github.com/dorkusprime/wolfcastle/cmd/daemon/start.go:202.45,205.56 3 0
github.com/dorkusprime/wolfcastle/cmd/daemon/start.go:205.56,207.3 1 0
github.com/dorkusprime/wolfcastle/cmd/daemon/start.go:207.8,209.3 1 0
github.com/dorkusprime/wolfcastle/cmd/daemon/start.go:212.61,221.18 6 0
github.com/dorkusprime/wolfcastle/cmd/daemon/start.go:221.18,223.3 1 0
github.com/dorkusprime/wolfcastle/cmd/daemon/start.go:223.8,225.3 1 0
github.com/dorkusprime/wolfcastle/cmd/daemon/start.go:226.2,228.53 2 0
github.com/dorkusprime/wolfcastle/cmd/daemon/start.go:228.53,230.3 1 0
github.com/dorkusprime/wolfcastle/cmd/daemon/start.go:232.2,232.19 1 0
github.com/dorkusprime/wolfcastle/cmd/daemon/start.go:235.52,238.24 3 1
github.com/dorkusprime/wolfcastle/cmd/daemon/start.go:238.24,240.3 1 1
github.com/dorkusprime/wolfcastle/cmd/daemon/start.go:241.2,241.16 1 1
github.com/dorkusprime/wolfcastle/cmd/daemon/start.go:241.16,243.3 1 1
github.com/dorkusprime/wolfcastle/cmd/daemon/start.go:244.2,245.16 2 1
github.com/dorkusprime/wolfcastle/cmd/daemon/start.go:245.16,248.3 2 1
github.com/dorkusprime/wolfcastle/cmd/daemon/start.go:249.2,250.16 2 1
github.com/dorkusprime/wolfcastle/cmd/daemon/start.go:250.16,253.3 2 0
github.com/dorkusprime/wolfcastle/cmd/daemon/start.go:254.2,254.58 1 1
github.com/dorkusprime/wolfcastle/cmd/daemon/start.go:254.58,259.3 3 1
github.com/dorkusprime/wolfcastle/cmd/daemon/status.go:21.52,36.55 1 1
github.com/dorkusprime/wolfcastle/cmd/daemon/status.go:36.55,43.16 6 1
github.com/dorkusprime/wolfcastle/cmd/daemon/status.go:43.16,44.49 1 1
github.com/dorkusprime/wolfcastle/cmd/daemon/status.go:44.49,46.6 1 1
github.com/dorkusprime/wolfcastle/cmd/daemon/status.go:49.4,49.13 1 1
github.com/dorkusprime/wolfcastle/cmd/daemon/status.go:49.13,53.5 3 0
github.com/dorkusprime/wolfcastle/cmd/daemon/status.go:55.4,55.15 1 1
github.com/dorkusprime/wolfcastle/cmd/daemon/status.go:55.15,57.5 1 1
github.com/dorkusprime/wolfcastle/cmd/daemon/status.go:59.4,60.18 2 1
github.com/dorkusprime/wolfcastle/cmd/daemon/status.go:60.18,62.5 1 1
github.com/dorkusprime/wolfcastle/cmd/daemon/status.go:64.4,64.54 1 1
github.com/dorkusprime/wolfcastle/cmd/daemon/status.go:76.100,84.37 6 1
github.com/dorkusprime/wolfcastle/cmd/daemon/status.go:84.37,85.61 1 1
github.com/dorkusprime/wolfcastle/cmd/daemon/status.go:85.61,86.12 1 0
github.com/dorkusprime/wolfcastle/cmd/daemon/status.go:88.3,92.35 4 1
github.com/dorkusprime/wolfcastle/cmd/daemon/status.go:92.35,94.18 2 1
github.com/dorkusprime/wolfcastle/cmd/daemon/status.go:94.18,95.13 1 0
github.com/dorkusprime/wolfcastle/cmd/daemon/status.go:97.4,98.18 2 1
github.com/dorkusprime/wolfcastle/cmd/daemon/status.go:98.18,99.13 1 0
github.com/dorkusprime/wolfcastle/cmd/daemon/status.go:101.4,103.36 3 1
github.com/dorkusprime/wolfcastle/cmd/daemon/status.go:103.36,104.34 1 1
github.com/dorkusprime/wolfcastle/cmd/daemon/status.go:104.34,106.6 1 1
github.com/dorkusprime/wolfcastle/cmd/daemon/status.go:108.4,108.43 1 1
github.com/dorkusprime/wolfcastle/cmd/daemon/status.go:108.43,109.41 1 1
github.com/dorkusprime/wolfcastle/cmd/daemon/status.go:109.41,111.6 1 1
github.com/dorkusprime/wolfcastle/cmd/daemon/status.go:116.2,120.20 3 1
github.com/dorkusprime/wolfcastle/cmd/daemon/status.go:120.20,136.3 2 1
github.com/dorkusprime/wolfcastle/cmd/daemon/status.go:139.2,144.46 4 1
github.com/dorkusprime/wolfcastle/cmd/daemon/status.go:144.46,146.3 1 1
github.com/dorkusprime/wolfcastle/cmd/daemon/status.go:147.2,147.48 1 1
github.com/dorkusprime/wolfcastle/cmd/daemon/status.go:147.48,149.3 1 1
github.com/dorkusprime/wolfcastle/cmd/daemon/status.go:150.2,150.45 1 1
github.com/dorkusprime/wolfcastle/cmd/daemon/status.go:150.45,152.3 1 1
github.com/dorkusprime/wolfcastle/cmd/daemon/status.go:153.2,153.48 1 1
github.com/dorkusprime/wolfcastle/cmd/daemon/status.go:153.48,155.3 1 1
github.com/dorkusprime/wolfcastle/cmd/daemon/status.go:156.2,156.16 1 1
github.com/dorkusprime/wolfcastle/cmd/daemon/status.go:156.16,158.3 1 1
github.com/dorkusprime/wolfcastle/cmd/daemon/status.go:158.8,160.3 1 1
github.com/dorkusprime/wolfcastle/cmd/daemon/status.go:161.2,165.36 3 1
github.com/dorkusprime/wolfcastle/cmd/daemon/status.go:165.36,166.56 1 0
github.com/dorkusprime/wolfcastle/cmd/daemon/status.go:166.56,167.12 1 0
github.com/dorkusprime/wolfcastle/cmd/daemon/status.go:169.3,169.59 1 0
github.com/dorkusprime/wolfcastle/cmd/daemon/status.go:173.2,174.62 2 1
github.com/dorkusprime/wolfcastle/cmd/daemon/status.go:174.62,176.40 2 1
github.com/dorkusprime/wolfcastle/cmd/daemon/status.go:176.40,177.23 1 0
github.com/dorkusprime/wolfcastle/cmd/daemon/status.go:178.15,179.15 1 0
github.com/dorkusprime/wolfcastle/cmd/daemon/status.go:180.17,181.17 1 0
github.com/dorkusprime/wolfcastle/cmd/daemon/status.go:184.3,184.37 1 1
github.com/dorkusprime/wolfcastle/cmd/daemon/status.go:184.37,187.4 2 0
github.com/dorkusprime/wolfcastle/cmd/daemon/status.go:190.2,191.12 2 1
github.com/dorkusprime/wolfcastle/cmd/daemon/status.go:195.133,197.9 2 1
github.com/dorkusprime/wolfcastle/cmd/daemon/status.go:197.9,199.3 1 1
github.com/dorkusprime/wolfcastle/cmd/daemon/status.go:202.2,202.55 1 1
github.com/dorkusprime/wolfcastle/cmd/daemon/status.go:202.55,204.21 2 0
github.com/dorkusprime/wolfcastle/cmd/daemon/status.go:204.21,208.4 3 0
github.com/dorkusprime/wolfcastle/cmd/daemon/status.go:211.2,215.45 3 1
github.com/dorkusprime/wolfcastle/cmd/daemon/status.go:215.45,216.47 1 1
github.com/dorkusprime/wolfcastle/cmd/daemon/status.go:216.47,218.4 1 1
github.com/dorkusprime/wolfcastle/cmd/daemon/status.go:219.3,219.9 1 1
github.com/dorkusprime/wolfcastle/cmd/daemon/status.go:223.2,223.18 1 1
github.com/dorkusprime/wolfcastle/cmd/daemon/status.go:223.18,225.3 1 1
github.com/dorkusprime/wolfcastle/cmd/daemon/status.go:226.2,226.32 1 1
github.com/dorkusprime/wolfcastle/cmd/daemon/status.go:226.32,229.18 3 1
github.com/dorkusprime/wolfcastle/cmd/daemon/status.go:229.18,231.4 1 1
github.com/dorkusprime/wolfcastle/cmd/daemon/status.go:235.3,237.30 3 1
github.com/dorkusprime/wolfcastle/cmd/daemon/status.go:237.30,239.4 1 0
github.com/dorkusprime/wolfcastle/cmd/daemon/status.go:241.3,242.62 2 1
github.com/dorkusprime/wolfcastle/cmd/daemon/status.go:242.62,244.4 1 1
github.com/dorkusprime/wolfcastle/cmd/daemon/status.go:245.3,245.60 1 1
github.com/dorkusprime/wolfcastle/cmd/daemon/status.go:245.60,247.4 1 1
github.com/dorkusprime/wolfcastle/cmd/daemon/status.go:250.3,250.106 1 1
github.com/dorkusprime/wolfcastle/cmd/daemon/status.go:250.106,252.4 1 0
github.com/dorkusprime/wolfcastle/cmd/daemon/status.go:254.3,254.77 1 1
github.com/dorkusprime/wolfcastle/cmd/daemon/status.go:258.2,258.37 1 1
github.com/dorkusprime/wolfcastle/cmd/daemon/status.go:258.37,259.32 1 0
github.com/dorkusprime/wolfcastle/cmd/daemon/status.go:259.32,260.27 1 0
github.com/dorkusprime/wolfcastle/cmd/daemon/status.go:260.27,262.5 1 0
github.com/dorkusprime/wolfcastle/cmd/daemon/status.go:262.10,264.5 1 0
github.com/dorkusprime/wolfcastle/cmd/daemon/status.go:279.43,280.26 1 1
github.com/dorkusprime/wolfcastle/cmd/daemon/status.go:280.26,281.12 1 1
github.com/dorkusprime/wolfcastle/cmd/daemon/status.go:282.29,283.16 1 1
github.com/dorkusprime/wolfcastle/cmd/daemon/status.go:284.31,285.16 1 1
github.com/dorkusprime/wolfcastle/cmd/daemon/status.go:286.28,287.16 1 1
github.com/dorkusprime/wolfcastle/cmd/daemon/status.go:288.11,289.16 1 1
github.com/dorkusprime/wolfcastle/cmd/daemon/status.go:292.2,292.11 1 0
github.com/dorkusprime/wolfcastle/cmd/daemon/status.go:293.28,294.41 1 0
github.com/dorkusprime/wolfcastle/cmd/daemon/status.go:295.30,296.42 1 0
github.com/dorkusprime/wolfcastle/cmd/daemon/status.go:297.27,298.39 1 0
github.com/dorkusprime/wolfcastle/cmd/daemon/status.go:299.10,300.39 1 0
github.com/dorkusprime/wolfcastle/cmd/daemon/status.go:305.43,306.26 1 1
github.com/dorkusprime/wolfcastle/cmd/daemon/status.go:306.26,307.12 1 1
github.com/dorkusprime/wolfcastle/cmd/daemon/status.go:308.29,309.16 1 1
github.com/dorkusprime/wolfcastle/cmd/daemon/status.go:310.31,311.16 1 1
github.com/dorkusprime/wolfcastle/cmd/daemon/status.go:312.28,313.16 1 1
github.com/dorkusprime/wolfcastle/cmd/daemon/status.go:314.11,315.16 1 1
github.com/dorkusprime/wolfcastle/cmd/daemon/status.go:318.2,318.11 1 0
github.com/dorkusprime/wolfcastle/cmd/daemon/status.go:319.28,320.41 1 0
github.com/dorkusprime/wolfcastle/cmd/daemon/status.go:321.30,322.42 1 0
github.com/dorkusprime/wolfcastle/cmd/daemon/status.go:323.27,324.39 1 0
github.com/dorkusprime/wolfcastle/cmd/daemon/status.go:325.10,326.39 1 0
github.com/dorkusprime/wolfcastle/cmd/daemon/status.go:331.51,334.16 3 1
github.com/dorkusprime/wolfcastle/cmd/daemon/status.go:334.16,336.3 1 1
github.com/dorkusprime/wolfcastle/cmd/daemon/status.go:337.2,338.16 2 1
github.com/dorkusprime/wolfcastle/cmd/daemon/status.go:338.16,340.3 1 1
github.com/dorkusprime/wolfcastle/cmd/daemon/status.go:341.2,342.16 2 1
github.com/dorkusprime/wolfcastle/cmd/daemon/status.go:342.16,344.3 1 0
github.com/dorkusprime/wolfcastle/cmd/daemon/status.go:345.2,345.55 1 1
github.com/dorkusprime/wolfcastle/cmd/daemon/status.go:345.55,347.3 1 1
github.com/dorkusprime/wolfcastle/cmd/daemon/status.go:348.2,348.45 1 1
github.com/dorkusprime/wolfcastle/cmd/daemon/status.go:351.44,354.16 3 1
github.com/dorkusprime/wolfcastle/cmd/daemon/status.go:354.16,356.3 1 1
github.com/dorkusprime/wolfcastle/cmd/daemon/status.go:358.2,369.32 3 1
github.com/dorkusprime/wolfcastle/cmd/daemon/status.go:369.32,370.21 1 1
github.com/dorkusprime/wolfcastle/cmd/daemon/status.go:370.21,371.12 1 1
github.com/dorkusprime/wolfcastle/cmd/daemon/status.go:373.3,375.17 3 1
github.com/dorkusprime/wolfcastle/cmd/daemon/status.go:375.17,376.12 1 1
github.com/dorkusprime/wolfcastle/cmd/daemon/status.go:378.3,379.31 2 1
github.com/dorkusprime/wolfcastle/cmd/daemon/status.go:379.31,381.4 1 1
github.com/dorkusprime/wolfcastle/cmd/daemon/status.go:382.3,389.5 1 1
github.com/dorkusprime/wolfcastle/cmd/daemon/status.go:392.2,392.20 1 1
github.com/dorkusprime/wolfcastle/cmd/daemon/status.go:392.20,397.3 1 1
github.com/dorkusprime/wolfcastle/cmd/daemon/status.go:397.8,398.26 1 1
github.com/dorkusprime/wolfcastle/cmd/daemon/status.go:398.26,400.4 1 1
github.com/dorkusprime/wolfcastle/cmd/daemon/status.go:400.9,401.32 1 1
github.com/dorkusprime/wolfcastle/cmd/daemon/status.go:401.32,404.5 1 1
github.com/dorkusprime/wolfcastle/cmd/daemon/status.go:407.2,407.12 1 1
github.com/dorkusprime/wolfcastle/cmd/daemon/status.go:413.125,414.23 1 1
github.com/dorkusprime/wolfcastle/cmd/daemon/status.go:414.23,416.3 1 0
github.com/dorkusprime/wolfcastle/cmd/daemon/status.go:417.2,420.25 2 1
github.com/dorkusprime/wolfcastle/cmd/daemon/status.go:420.25,422.16 2 0
github.com/dorkusprime/wolfcastle/cmd/daemon/status.go:422.16,422.63 1 0
github.com/dorkusprime/wolfcastle/cmd/daemon/status.go:425.2,425.6 1 1
github.com/dorkusprime/wolfcastle/cmd/daemon/status.go:425.6,430.26 2 1
github.com/dorkusprime/wolfcastle/cmd/daemon/status.go:430.26,433.4 2 0
github.com/dorkusprime/wolfcastle/cmd/daemon/status.go:435.3,435.14 1 1
github.com/dorkusprime/wolfcastle/cmd/daemon/status.go:435.14,436.45 1 0
github.com/dorkusprime/wolfcastle/cmd/daemon/status.go:436.45,438.5 1 0
github.com/dorkusprime/wolfcastle/cmd/daemon/status.go:439.9,441.18 2 1
github.com/dorkusprime/wolfcastle/cmd/daemon/status.go:441.18,443.5 1 0
github.com/dorkusprime/wolfcastle/cmd/daemon/status.go:443.10,444.67 1 1
github.com/dorkusprime/wolfcastle/cmd/daemon/status.go:444.67,446.6 1 0
github.com/dorkusprime/wolfcastle/cmd/daemon/status.go:455.3,457.10 2 1
github.com/dorkusprime/wolfcastle/cmd/daemon/status.go:458.21,459.14 1 1
github.com/dorkusprime/wolfcastle/cmd/daemon/status.go:460.24,460.24 0 1
github.com/dorkusprime/wolfcastle/cmd/daemon/status.go:466.62,468.9 2 1
github.com/dorkusprime/wolfcastle/cmd/daemon/status.go:468.9,470.3 1 1
github.com/dorkusprime/wolfcastle/cmd/daemon/status.go:471.2,472.39 2 1
github.com/dorkusprime/wolfcastle/cmd/daemon/status.go:472.39,475.3 2 1
github.com/dorkusprime/wolfcastle/cmd/daemon/status.go:476.2,476.14 1 1
github.com/dorkusprime/wolfcastle/cmd/daemon/status.go:480.72,482.20 2 1
github.com/dorkusprime/wolfcastle/cmd/daemon/status.go:482.20,483.23 1 1
github.com/dorkusprime/wolfcastle/cmd/daemon/status.go:483.23,485.4 1 1
github.com/dorkusprime/wolfcastle/cmd/daemon/status.go:486.3,487.10 2 1
github.com/dorkusprime/wolfcastle/cmd/daemon/status.go:487.10,489.4 1 1
github.com/dorkusprime/wolfcastle/cmd/daemon/status.go:490.3,490.25 1 1
github.com/dorkusprime/wolfcastle/cmd/daemon/status.go:492.2,492.14 1 1
github.com/dorkusprime/wolfcastle/cmd/daemon/stop.go:14.50,24.55 1 1
github.com/dorkusprime/wolfcastle/cmd/daemon/stop.go:24.55,28.18 3 1
github.com/dorkusprime/wolfcastle/cmd/daemon/stop.go:28.18,30.5 1 1
github.com/dorkusprime/wolfcastle/cmd/daemon/stop.go:32.4,32.37 1 1
github.com/dorkusprime/wolfcastle/cmd/daemon/stop.go:32.37,35.5 2 1
github.com/dorkusprime/wolfcastle/cmd/daemon/stop.go:37.4,38.18 2 1
github.com/dorkusprime/wolfcastle/cmd/daemon/stop.go:38.18,40.5 1 0
github.com/dorkusprime/wolfcastle/cmd/daemon/stop.go:42.4,43.13 2 1
github.com/dorkusprime/wolfcastle/cmd/daemon/stop.go:43.13,45.5 1 1
github.com/dorkusprime/wolfcastle/cmd/daemon/stop.go:47.4,47.46 1 1
github.com/dorkusprime/wolfcastle/cmd/daemon/stop.go:47.46,49.5 1 0
github.com/dorkusprime/wolfcastle/cmd/daemon/stop.go:51.4,51.22 1 1
github.com/dorkusprime/wolfcastle/cmd/daemon/stop.go:51.22,56.5 1 1
github.com/dorkusprime/wolfcastle/cmd/daemon/stop.go:56.10,57.14 1 1
github.com/dorkusprime/wolfcastle/cmd/daemon/stop.go:57.14,59.6 1 1
github.com/dorkusprime/wolfcastle/cmd/daemon/stop.go:59.11,61.6 1 1
github.com/dorkusprime/wolfcastle/cmd/daemon/stop.go:63.4,63.14 1 1
github.com/dorkusprime/wolfcastle/internal/archive/rollup.go:23.139,27.20 4 1
github.com/dorkusprime/wolfcastle/internal/archive/rollup.go:27.20,30.14 2 1
github.com/dorkusprime/wolfcastle/internal/archive/rollup.go:30.14,32.4 1 1
github.com/dorkusprime/wolfcastle/internal/archive/rollup.go:32.9,34.4 1 1
github.com/dorkusprime/wolfcastle/internal/archive/rollup.go:36.2,43.19 4 1
github.com/dorkusprime/wolfcastle/internal/archive/rollup.go:43.19,47.3 3 1
github.com/dorkusprime/wolfcastle/internal/archive/rollup.go:50.2,51.35 2 1
github.com/dorkusprime/wolfcastle/internal/archive/rollup.go:51.35,52.43 1 1
github.com/dorkusprime/wolfcastle/internal/archive/rollup.go:52.43,54.4 1 1
github.com/dorkusprime/wolfcastle/internal/archive/rollup.go:55.8,57.3 1 1
github.com/dorkusprime/wolfcastle/internal/archive/rollup.go:58.2,64.27 4 1
github.com/dorkusprime/wolfcastle/internal/archive/rollup.go:64.27,67.39 3 1
github.com/dorkusprime/wolfcastle/internal/archive/rollup.go:67.39,69.46 2 1
github.com/dorkusprime/wolfcastle/internal/archive/rollup.go:69.46,71.5 1 1
github.com/dorkusprime/wolfcastle/internal/archive/rollup.go:72.4,72.23 1 1
github.com/dorkusprime/wolfcastle/internal/archive/rollup.go:76.2,76.28 1 1
github.com/dorkusprime/wolfcastle/internal/archive/rollup.go:76.28,78.35 2 1
github.com/dorkusprime/wolfcastle/internal/archive/rollup.go:78.35,80.34 2 1
github.com/dorkusprime/wolfcastle/internal/archive/rollup.go:80.34,82.5 1 1
github.com/dorkusprime/wolfcastle/internal/archive/rollup.go:83.4,84.23 2 1
github.com/dorkusprime/wolfcastle/internal/archive/rollup.go:84.23,86.5 1 1
github.com/dorkusprime/wolfcastle/internal/archive/rollup.go:87.4,87.23 1 1
github.com/dorkusprime/wolfcastle/internal/archive/rollup.go:89.3,89.22 1 1
github.com/dorkusprime/wolfcastle/internal/archive/rollup.go:92.2,92.35 1 1
github.com/dorkusprime/wolfcastle/internal/archive/rollup.go:92.35,94.42 2 1
github.com/dorkusprime/wolfcastle/internal/archive/rollup.go:94.42,96.44 2 1
github.com/dorkusprime/wolfcastle/internal/archive/rollup.go:96.44,98.5 1 1
github.com/dorkusprime/wolfcastle/internal/archive/rollup.go:99.4,99.81 1 1
github.com/dorkusprime/wolfcastle/internal/archive/rollup.go:101.3,101.22 1 1
github.com/dorkusprime/wolfcastle/internal/archive/rollup.go:104.2,104.34 1 1
github.com/dorkusprime/wolfcastle/internal/archive/rollup.go:104.34,107.3 2 1
github.com/dorkusprime/wolfcastle/internal/archive/rollup.go:110.2,115.33 6 1
github.com/dorkusprime/wolfcastle/internal/archive/rollup.go:115.33,117.3 1 1
github.com/dorkusprime/wolfcastle/internal/archive/rollup.go:118.2,120.25 3 1
github.com/dorkusprime/wolfcastle/internal/archive/rollup.go:120.25,122.3 1 1
github.com/dorkusprime/wolfcastle/internal/archive/rollup.go:123.2,123.18 1 1
github.com/dorkusprime/wolfcastle/internal/archive/rollup.go:123.18,125.3 1 1
github.com/dorkusprime/wolfcastle/internal/archive/rollup.go:127.2,130.3 1 1
github.com/dorkusprime/wolfcastle/internal/archive/rollup.go:134.61,135.41 1 1
github.com/dorkusprime/wolfcastle/internal/archive/rollup.go:135.41,137.3 1 1
github.com/dorkusprime/wolfcastle/internal/archive/rollup.go:138.2,138.20 1 1
github.com/dorkusprime/wolfcastle/internal/archive/rollup.go:142.39,145.30 3 1
github.com/dorkusprime/wolfcastle/internal/archive/rollup.go:145.30,146.33 1 1
github.com/dorkusprime/wolfcastle/internal/archive/rollup.go:146.33,147.12 1 1
github.com/dorkusprime/wolfcastle/internal/archive/rollup.go:149.3,150.14 2 1
github.com/dorkusprime/wolfcastle/internal/archive/rollup.go:152.2,152.19 1 1
github.com/dorkusprime/wolfcastle/cmd/cmdutil/app.go:39.51,41.16 2 1
github.com/dorkusprime/wolfcastle/cmd/cmdutil/app.go:41.16,43.3 1 0
github.com/dorkusprime/wolfcastle/cmd/cmdutil/app.go:44.2,45.65 2 1
github.com/dorkusprime/wolfcastle/cmd/cmdutil/app.go:45.65,47.3 1 1
github.com/dorkusprime/wolfcastle/cmd/cmdutil/app.go:48.2,48.107 1 1
github.com/dorkusprime/wolfcastle/cmd/cmdutil/app.go:55.34,58.16 3 1
github.com/dorkusprime/wolfcastle/cmd/cmdutil/app.go:58.16,60.3 1 1
github.com/dorkusprime/wolfcastle/cmd/cmdutil/app.go:61.2,62.16 2 1
github.com/dorkusprime/wolfcastle/cmd/cmdutil/app.go:62.16,64.3 1 1
github.com/dorkusprime/wolfcastle/cmd/cmdutil/app.go:66.2,66.20 1 1
github.com/dorkusprime/wolfcastle/cmd/cmdutil/app.go:66.20,68.3 1 1
github.com/dorkusprime/wolfcastle/cmd/cmdutil/app.go:70.2,71.16 2 1
github.com/dorkusprime/wolfcastle/cmd/cmdutil/app.go:71.16,74.3 1 1
github.com/dorkusprime/wolfcastle/cmd/cmdutil/app.go:74.8,76.3 1 1
github.com/dorkusprime/wolfcastle/cmd/cmdutil/app.go:77.2,77.12 1 1
github.com/dorkusprime/wolfcastle/cmd/cmdutil/app.go:83.39,84.23 1 1
github.com/dorkusprime/wolfcastle/cmd/cmdutil/app.go:84.23,86.3 1 1
github.com/dorkusprime/wolfcastle/cmd/cmdutil/app.go:87.2,87.12 1 1
github.com/dorkusprime/wolfcastle/cmd/cmdutil/app.go:94.61,95.73 1 1
github.com/dorkusprime/wolfcastle/cmd/cmdutil/app.go:95.73,97.3 1 1
github.com/dorkusprime/wolfcastle/cmd/cmdutil/app.go:99.2,106.26 5 1
github.com/dorkusprime/wolfcastle/cmd/cmdutil/app.go:106.26,108.3 1 1
github.com/dorkusprime/wolfcastle/cmd/cmdutil/app.go:111.2,113.16 3 1
github.com/dorkusprime/wolfcastle/cmd/cmdutil/app.go:113.16,115.3 1 1
github.com/dorkusprime/wolfcastle/cmd/cmdutil/app.go:117.2,118.32 2 1
github.com/dorkusprime/wolfcastle/cmd/cmdutil/app.go:118.32,119.61 1 1
github.com/dorkusprime/wolfcastle/cmd/cmdutil/app.go:119.61,120.12 1 1
github.com/dorkusprime/wolfcastle/cmd/cmdutil/app.go:122.3,123.83 2 1
github.com/dorkusprime/wolfcastle/cmd/cmdutil/app.go:126.2,126.23 1 1
github.com/dorkusprime/wolfcastle/cmd/cmdutil/app.go:126.23,128.3 1 1
github.com/dorkusprime/wolfcastle/cmd/cmdutil/app.go:130.2,132.28 3 1
github.com/dorkusprime/wolfcastle/cmd/cmdutil/app.go:132.28,135.3 1 1
github.com/dorkusprime/wolfcastle/cmd/cmdutil/app.go:151.143,153.16 2 1
github.com/dorkusprime/wolfcastle/cmd/cmdutil/app.go:153.16,155.3 1 0
github.com/dorkusprime/wolfcastle/cmd/cmdutil/app.go:156.2,156.32 1 1
github.com/dorkusprime/wolfcastle/cmd/cmdutil/app.go:156.32,158.20 2 1
github.com/dorkusprime/wolfcastle/cmd/cmdutil/app.go:158.20,160.12 2 1
github.com/dorkusprime/wolfcastle/cmd/cmdutil/app.go:162.3,162.46 1 1
github.com/dorkusprime/wolfcastle/cmd/cmdutil/app.go:162.46,163.12 1 1
github.com/dorkusprime/wolfcastle/cmd/cmdutil/app.go:165.3,166.17 2 1
github.com/dorkusprime/wolfcastle/cmd/cmdutil/app.go:166.17,167.12 1 0
github.com/dorkusprime/wolfcastle/cmd/cmdutil/app.go:169.3,170.20 2 1
github.com/dorkusprime/wolfcastle/cmd/cmdutil/app.go:170.20,171.12 1 1
github.com/dorkusprime/wolfcastle/cmd/cmdutil/app.go:174.3,175.32 2 1
github.com/dorkusprime/wolfcastle/cmd/cmdutil/app.go:175.32,176.12 1 1
github.com/dorkusprime/wolfcastle/cmd/cmdutil/app.go:179.3,180.24 2 1
github.com/dorkusprime/wolfcastle/cmd/cmdutil/app.go:180.24,181.12 1 1
github.com/dorkusprime/wolfcastle/cmd/cmdutil/app.go:185.3,187.30 3 1
github.com/dorkusprime/wolfcastle/cmd/cmdutil/app.go:187.30,188.27 1 1
github.com/dorkusprime/wolfcastle/cmd/cmdutil/app.go:188.27,190.5 1 1
github.com/dorkusprime/wolfcastle/cmd/cmdutil/app.go:193.3,199.5 2 1
github.com/dorkusprime/wolfcastle/cmd/cmdutil/app.go:204.37,206.44 2 1
github.com/dorkusprime/wolfcastle/cmd/cmdutil/app.go:206.44,207.44 1 1
github.com/dorkusprime/wolfcastle/cmd/cmdutil/app.go:207.44,208.49 1 1
github.com/dorkusprime/wolfcastle/cmd/cmdutil/app.go:208.49,210.5 1 1
github.com/dorkusprime/wolfcastle/cmd/cmdutil/app.go:211.4,211.13 1 1
github.com/dorkusprime/wolfcastle/cmd/cmdutil/app.go:213.3,213.23 1 1
github.com/dorkusprime/wolfcastle/cmd/cmdutil/app.go:213.23,215.4 1 1
github.com/dorkusprime/wolfcastle/cmd/cmdutil/app.go:217.2,217.15 1 1
github.com/dorkusprime/wolfcastle/cmd/cmdutil/app.go:221.47,223.31 2 1
github.com/dorkusprime/wolfcastle/cmd/cmdutil/app.go:223.31,224.24 1 1
github.com/dorkusprime/wolfcastle/cmd/cmdutil/app.go:224.24,225.12 1 1
github.com/dorkusprime/wolfcastle/cmd/cmdutil/app.go:227.3,227.37 1 1
github.com/dorkusprime/wolfcastle/cmd/cmdutil/app.go:227.37,229.4 1 1
github.com/dorkusprime/wolfcastle/cmd/cmdutil/app.go:231.2,231.12 1 1
github.com/dorkusprime/wolfcastle/cmd/cmdutil/app.go:235.54,236.32 1 1
github.com/dorkusprime/wolfcastle/cmd/cmdutil/app.go:236.32,238.3 1 1
github.com/dorkusprime/wolfcastle/cmd/cmdutil/app.go:239.2,240.19 2 1
github.com/dorkusprime/wolfcastle/cmd/cmdutil/app.go:240.19,241.11 1 1
github.com/dorkusprime/wolfcastle/cmd/cmdutil/app.go:241.11,243.4 1 1
github.com/dorkusprime/wolfcastle/cmd/cmdutil/app.go:245.2,246.16 2 1
github.com/dorkusprime/wolfcastle/cmd/cmdutil/app.go:246.16,248.3 1 0
github.com/dorkusprime/wolfcastle/cmd/cmdutil/app.go:249.2,249.47 1 1
github.com/dorkusprime/wolfcastle/cmd/cmdutil/app.go:253.56,255.27 2 1
github.com/dorkusprime/wolfcastle/cmd/cmdutil/app.go:255.27,256.35 1 1
github.com/dorkusprime/wolfcastle/cmd/cmdutil/app.go:256.35,258.4 1 1
github.com/dorkusprime/wolfcastle/cmd/cmdutil/app.go:260.2,260.14 1 1
github.com/dorkusprime/wolfcastle/cmd/cmdutil/app.go:264.32,265.11 1 1
github.com/dorkusprime/wolfcastle/cmd/cmdutil/app.go:274.69,275.14 1 1
github.com/dorkusprime/wolfcastle/cmd/cmdutil/app.go:277.2,277.14 1 1
github.com/dorkusprime/wolfcastle/cmd/cmdutil/completions.go:15.134,16.105 1 1
github.com/dorkusprime/wolfcastle/cmd/cmdutil/completions.go:16.105,18.17 2 1
github.com/dorkusprime/wolfcastle/cmd/cmdutil/completions.go:18.17,20.4 1 1
github.com/dorkusprime/wolfcastle/cmd/cmdutil/completions.go:22.3,23.31 2 1
github.com/dorkusprime/wolfcastle/cmd/cmdutil/completions.go:23.31,25.4 1 1
github.com/dorkusprime/wolfcastle/cmd/cmdutil/completions.go:26.3,26.51 1 1
github.com/dorkusprime/wolfcastle/cmd/cmdutil/completions.go:33.134,34.105 1 1
github.com/dorkusprime/wolfcastle/cmd/cmdutil/completions.go:34.105,36.17 2 1
github.com/dorkusprime/wolfcastle/cmd/cmdutil/completions.go:36.17,38.4 1 1
github.com/dorkusprime/wolfcastle/cmd/cmdutil/completions.go:40.3,41.17 2 1
github.com/dorkusprime/wolfcastle/cmd/cmdutil/completions.go:41.17,43.4 1 0
github.com/dorkusprime/wolfcastle/cmd/cmdutil/completions.go:45.3,46.38 2 1
github.com/dorkusprime/wolfcastle/cmd/cmdutil/completions.go:46.38,51.36 2 1
github.com/dorkusprime/wolfcastle/cmd/cmdutil/completions.go:51.36,53.19 2 1
github.com/dorkusprime/wolfcastle/cmd/cmdutil/completions.go:53.19,54.14 1 0
github.com/dorkusprime/wolfcastle/cmd/cmdutil/completions.go:56.5,58.19 3 1
github.com/dorkusprime/wolfcastle/cmd/cmdutil/completions.go:58.19,59.14 1 1
github.com/dorkusprime/wolfcastle/cmd/cmdutil/completions.go:61.5,61.35 1 1
github.com/dorkusprime/wolfcastle/cmd/cmdutil/completions.go:61.35,63.6 1 1
github.com/dorkusprime/wolfcastle/cmd/cmdutil/completions.go:66.3,66.51 1 1
github.com/dorkusprime/wolfcastle/cmd/cmdutil/completions.go:73.69,74.25 1 1
github.com/dorkusprime/wolfcastle/cmd/cmdutil/completions.go:74.25,76.3 1 1
github.com/dorkusprime/wolfcastle/cmd/cmdutil/completions.go:78.2,78.41 1 1
github.com/dorkusprime/wolfcastle/cmd/cmdutil/completions.go:78.41,80.3 1 1
github.com/dorkusprime/wolfcastle/cmd/cmdutil/completions.go:81.2,81.25 1 1
github.com/dorkusprime/wolfcastle/cmd/cmdutil/completions.go:81.25,83.3 1 1
github.com/dorkusprime/wolfcastle/cmd/cmdutil/completions.go:84.2,84.37 1 1
github.com/dorkusprime/wolfcastle/cmd/cmdutil/completions.go:88.62,89.25 1 1
github.com/dorkusprime/wolfcastle/cmd/cmdutil/completions.go:89.25,91.3 1 1
github.com/dorkusprime/wolfcastle/cmd/cmdutil/completions.go:92.2,92.41 1 1
github.com/dorkusprime/wolfcastle/cmd/cmdutil/completions.go:92.41,94.3 1 1
github.com/dorkusprime/wolfcastle/cmd/cmdutil/completions.go:95.2,95.25 1 1
github.com/dorkusprime/wolfcastle/cmd/cmdutil/completions.go:95.25,97.3 1 1
github.com/dorkusprime/wolfcastle/cmd/cmdutil/completions.go:98.2,98.26 1 1
github.com/dorkusprime/wolfcastle/cmd/cmdutil/completions.go:104.41,104.70 1 1
github.com/dorkusprime/wolfcastle/internal/errors/errors.go:16.38,16.81 1 1
github.com/dorkusprime/wolfcastle/internal/errors/errors.go:17.38,17.54 1 1
github.com/dorkusprime/wolfcastle/internal/errors/errors.go:26.37,26.79 1 1
github.com/dorkusprime/wolfcastle/internal/errors/errors.go:27.37,27.53 1 1
github.com/dorkusprime/wolfcastle/internal/errors/errors.go:36.42,36.89 1 1
github.com/dorkusprime/wolfcastle/internal/errors/errors.go:37.42,37.58 1 1
github.com/dorkusprime/wolfcastle/internal/errors/errors.go:46.42,46.89 1 1
github.com/dorkusprime/wolfcastle/internal/errors/errors.go:47.42,47.58 1 1
github.com/dorkusprime/wolfcastle/internal/errors/errors.go:50.30,50.63 1 1
github.com/dorkusprime/wolfcastle/internal/errors/errors.go:53.29,53.61 1 1
github.com/dorkusprime/wolfcastle/internal/errors/errors.go:56.34,56.71 1 1
github.com/dorkusprime/wolfcastle/internal/errors/errors.go:59.34,59.71 1 1
github.com/dorkusprime/wolfcastle/internal/output/envelope.go:23.43,25.2 1 1
github.com/dorkusprime/wolfcastle/internal/output/envelope.go:28.56,30.2 1 1
github.com/dorkusprime/wolfcastle/internal/output/envelope.go:34.24,38.2 3 1
github.com/dorkusprime/wolfcastle/internal/output/envelope.go:44.45,48.2 3 1
github.com/dorkusprime/wolfcastle/internal/output/envelope.go:51.45,53.2 1 1
github.com/dorkusprime/wolfcastle/internal/output/spinner.go:44.21,48.14 4 1
github.com/dorkusprime/wolfcastle/internal/output/spinner.go:48.14,50.3 1 0
github.com/dorkusprime/wolfcastle/internal/output/spinner.go:56.22,60.14 4 1
github.com/dorkusprime/wolfcastle/internal/output/spinner.go:60.14,62.3 1 0
github.com/dorkusprime/wolfcastle/internal/output/spinner.go:66.28,71.2 1 1
github.com/dorkusprime/wolfcastle/internal/output/spinner.go:75.27,79.15 3 1
github.com/dorkusprime/wolfcastle/internal/output/spinner.go:79.15,81.3 1 1
github.com/dorkusprime/wolfcastle/internal/output/spinner.go:82.2,84.19 2 1
github.com/dorkusprime/wolfcastle/internal/output/spinner.go:84.19,87.3 2 1
github.com/dorkusprime/wolfcastle/internal/output/spinner.go:89.2,93.12 4 0
github.com/dorkusprime/wolfcastle/internal/output/spinner.go:98.26,100.16 2 1
github.com/dorkusprime/wolfcastle/internal/output/spinner.go:100.16,104.3 3 1
github.com/dorkusprime/wolfcastle/internal/output/spinner.go:105.2,107.9 2 1
github.com/dorkusprime/wolfcastle/internal/output/spinner.go:108.28,108.28 0 0
github.com/dorkusprime/wolfcastle/internal/output/spinner.go:109.10,109.10 0 1
github.com/dorkusprime/wolfcastle/internal/output/spinner.go:111.2,114.24 3 1
github.com/dorkusprime/wolfcastle/internal/output/spinner.go:114.24,116.3 1 0
github.com/dorkusprime/wolfcastle/internal/output/spinner.go:117.2,117.19 1 1
github.com/dorkusprime/wolfcastle/internal/output/spinner.go:122.37,125.2 2 0
github.com/dorkusprime/wolfcastle/internal/output/spinner.go:130.40,131.12 1 0
github.com/dorkusprime/wolfcastle/internal/output/spinner.go:131.12,134.3 2 0
github.com/dorkusprime/wolfcastle/internal/output/spinner.go:137.25,153.6 8 0
github.com/dorkusprime/wolfcastle/internal/output/spinner.go:153.6,154.10 1 0
github.com/dorkusprime/wolfcastle/internal/output/spinner.go:155.17,158.10 2 0
github.com/dorkusprime/wolfcastle/internal/output/spinner.go:159.19,160.23 1 0
github.com/dorkusprime/wolfcastle/internal/output/spinner.go:160.23,161.13 1 0
github.com/dorkusprime/wolfcastle/internal/output/spinner.go:163.4,164.34 2 0
github.com/dorkusprime/wolfcastle/internal/output/spinner.go:171.43,173.23 2 1
github.com/dorkusprime/wolfcastle/internal/output/spinner.go:173.23,175.3 1 1
github.com/dorkusprime/wolfcastle/internal/output/spinner.go:177.2,178.26 2 1
github.com/dorkusprime/wolfcastle/internal/output/spinner.go:178.26,181.3 2 1
github.com/dorkusprime/wolfcastle/internal/output/spinner.go:183.2,183.33 1 1
github.com/dorkusprime/wolfcastle/internal/output/spinner.go:189.24,191.16 2 1
github.com/dorkusprime/wolfcastle/internal/output/spinner.go:191.16,193.3 1 0
github.com/dorkusprime/wolfcastle/internal/output/spinner.go:194.2,194.41 1 1
github.com/dorkusprime/wolfcastle/internal/logging/logger.go:59.41,62.2 2 1
github.com/dorkusprime/wolfcastle/internal/logging/logger.go:65.32,66.32 1 1
github.com/dorkusprime/wolfcastle/internal/logging/logger.go:66.32,68.3 1 1
github.com/dorkusprime/wolfcastle/internal/logging/logger.go:69.2,69.15 1 1
github.com/dorkusprime/wolfcastle/internal/logging/logger.go:89.48,90.50 1 1
github.com/dorkusprime/wolfcastle/internal/logging/logger.go:90.50,92.3 1 1
github.com/dorkusprime/wolfcastle/internal/logging/logger.go:93.2,97.8 1 1
github.com/dorkusprime/wolfcastle/internal/logging/logger.go:103.41,105.2 1 1
github.com/dorkusprime/wolfcastle/internal/logging/logger.go:111.64,120.16 8 1
github.com/dorkusprime/wolfcastle/internal/logging/logger.go:120.16,122.3 1 1
github.com/dorkusprime/wolfcastle/internal/logging/logger.go:123.2,123.12 1 1
github.com/dorkusprime/wolfcastle/internal/logging/logger.go:129.68,130.19 1 1
github.com/dorkusprime/wolfcastle/internal/logging/logger.go:130.19,132.3 1 1
github.com/dorkusprime/wolfcastle/internal/logging/logger.go:134.2,135.21 2 1
github.com/dorkusprime/wolfcastle/internal/logging/logger.go:135.21,137.3 1 1
github.com/dorkusprime/wolfcastle/internal/logging/logger.go:139.2,141.21 3 1
github.com/dorkusprime/wolfcastle/internal/logging/logger.go:141.21,143.3 1 1
github.com/dorkusprime/wolfcastle/internal/logging/logger.go:144.2,145.16 2 1
github.com/dorkusprime/wolfcastle/internal/logging/logger.go:145.16,147.3 1 1
github.com/dorkusprime/wolfcastle/internal/logging/logger.go:148.2,148.60 1 1
github.com/dorkusprime/wolfcastle/internal/logging/logger.go:148.60,150.3 1 1
github.com/dorkusprime/wolfcastle/internal/logging/logger.go:153.2,153.49 1 1
github.com/dorkusprime/wolfcastle/internal/logging/logger.go:153.49,155.3 1 1
github.com/dorkusprime/wolfcastle/internal/logging/logger.go:156.2,156.12 1 1
github.com/dorkusprime/wolfcastle/internal/logging/logger.go:180.67,185.26 3 1
github.com/dorkusprime/wolfcastle/internal/logging/logger.go:185.26,187.3 1 0
github.com/dorkusprime/wolfcastle/internal/logging/logger.go:190.2,190.32 1 1
github.com/dorkusprime/wolfcastle/internal/logging/logger.go:190.32,196.3 5 0
github.com/dorkusprime/wolfcastle/internal/logging/logger.go:199.2,199.17 1 1
github.com/dorkusprime/wolfcastle/internal/logging/logger.go:199.17,200.52 1 1
github.com/dorkusprime/wolfcastle/internal/logging/logger.go:200.52,201.17 1 0
github.com/dorkusprime/wolfcastle/internal/logging/logger.go:201.17,203.5 1 0
github.com/dorkusprime/wolfcastle/internal/logging/logger.go:204.4,207.10 4 0
github.com/dorkusprime/wolfcastle/internal/logging/logger.go:212.2,214.15 3 1
github.com/dorkusprime/wolfcastle/internal/logging/logger.go:214.15,216.3 1 1
github.com/dorkusprime/wolfcastle/internal/logging/logger.go:218.2,219.17 2 1
github.com/dorkusprime/wolfcastle/internal/logging/logger.go:219.17,221.3 1 1
github.com/dorkusprime/wolfcastle/internal/logging/logger.go:221.8,223.3 1 1
github.com/dorkusprime/wolfcastle/internal/logging/logger.go:224.2,224.24 1 1
github.com/dorkusprime/wolfcastle/internal/logging/logger.go:231.46,232.19 1 1
github.com/dorkusprime/wolfcastle/internal/logging/logger.go:232.19,234.3 1 1
github.com/dorkusprime/wolfcastle/internal/logging/logger.go:235.2,235.39 1 1
github.com/dorkusprime/wolfcastle/internal/logging/logger.go:242.59,248.16 3 1
github.com/dorkusprime/wolfcastle/internal/logging/logger.go:248.16,250.3 1 1
github.com/dorkusprime/wolfcastle/internal/logging/logger.go:251.2,251.20 1 1
github.com/dorkusprime/wolfcastle/internal/logging/logger.go:255.26,256.19 1 1
github.com/dorkusprime/wolfcastle/internal/logging/logger.go:256.19,259.3 2 1
github.com/dorkusprime/wolfcastle/internal/logging/logger.go:264.42,265.19 1 1
github.com/dorkusprime/wolfcastle/internal/logging/logger.go:265.19,267.3 1 1
github.com/dorkusprime/wolfcastle/internal/logging/logger.go:268.2,268.22 1 1
github.com/dorkusprime/wolfcastle/internal/logging/logger.go:274.51,276.16 2 1
github.com/dorkusprime/wolfcastle/internal/logging/logger.go:276.16,278.3 1 1
github.com/dorkusprime/wolfcastle/internal/logging/logger.go:279.2,280.28 2 1
github.com/dorkusprime/wolfcastle/internal/logging/logger.go:280.28,281.40 1 1
github.com/dorkusprime/wolfcastle/internal/logging/logger.go:281.40,283.4 1 1
github.com/dorkusprime/wolfcastle/internal/logging/logger.go:285.2,285.20 1 1
github.com/dorkusprime/wolfcastle/internal/logging/logger.go:285.20,287.3 1 1
github.com/dorkusprime/wolfcastle/internal/logging/logger.go:288.2,289.54 2 1
github.com/dorkusprime/wolfcastle/internal/logging/logger.go:293.34,295.2 1 1
github.com/dorkusprime/wolfcastle/internal/logging/logger.go:299.99,301.25 2 1
github.com/dorkusprime/wolfcastle/internal/logging/logger.go:301.25,303.3 1 1
github.com/dorkusprime/wolfcastle/internal/logging/logger.go:305.2,306.16 2 1
github.com/dorkusprime/wolfcastle/internal/logging/logger.go:306.16,308.3 1 1
github.com/dorkusprime/wolfcastle/internal/logging/logger.go:309.2,310.28 2 1
github.com/dorkusprime/wolfcastle/internal/logging/logger.go:310.28,311.40 1 1
github.com/dorkusprime/wolfcastle/internal/logging/logger.go:311.40,313.4 1 1
github.com/dorkusprime/wolfcastle/internal/logging/logger.go:317.2,317.39 1 1
github.com/dorkusprime/wolfcastle/internal/logging/logger.go:317.39,319.3 1 1
github.com/dorkusprime/wolfcastle/internal/logging/logger.go:321.2,324.25 2 1
github.com/dorkusprime/wolfcastle/internal/logging/logger.go:324.25,326.17 2 1
github.com/dorkusprime/wolfcastle/internal/logging/logger.go:326.17,327.12 1 0
github.com/dorkusprime/wolfcastle/internal/logging/logger.go:329.3,329.36 1 1
github.com/dorkusprime/wolfcastle/internal/logging/logger.go:329.36,331.4 1 1
github.com/dorkusprime/wolfcastle/internal/logging/logger.go:335.2,337.28 3 1
github.com/dorkusprime/wolfcastle/internal/logging/logger.go:337.28,338.40 1 1
github.com/dorkusprime/wolfcastle/internal/logging/logger.go:338.40,340.4 1 1
github.com/dorkusprime/wolfcastle/internal/logging/logger.go:342.2,342.26 1 1
github.com/dorkusprime/wolfcastle/internal/logging/logger.go:342.26,343.40 1 1
github.com/dorkusprime/wolfcastle/internal/logging/logger.go:343.40,345.4 1 1
github.com/dorkusprime/wolfcastle/internal/logging/logger.go:346.3,346.47 1 1
github.com/dorkusprime/wolfcastle/internal/logging/logger.go:346.47,348.4 1 1
github.com/dorkusprime/wolfcastle/internal/logging/logger.go:353.2,353.17 1 1
github.com/dorkusprime/wolfcastle/internal/logging/logger.go:353.17,356.29 3 1
github.com/dorkusprime/wolfcastle/internal/logging/logger.go:356.29,357.59 1 1
github.com/dorkusprime/wolfcastle/internal/logging/logger.go:357.59,359.5 1 1
github.com/dorkusprime/wolfcastle/internal/logging/logger.go:362.3,362.28 1 1
github.com/dorkusprime/wolfcastle/internal/logging/logger.go:362.28,363.49 1 1
github.com/dorkusprime/wolfcastle/internal/logging/logger.go:363.49,365.5 1 1
github.com/dorkusprime/wolfcastle/internal/logging/logger.go:366.4,366.57 1 1
github.com/dorkusprime/wolfcastle/internal/logging/logger.go:366.57,368.45 2 1
github.com/dorkusprime/wolfcastle/internal/logging/logger.go:368.45,370.14 1 1
github.com/dorkusprime/wolfcastle/internal/logging/logger.go:376.2,376.12 1 1
github.com/dorkusprime/wolfcastle/internal/logging/logger.go:387.40,388.32 1 1
github.com/dorkusprime/wolfcastle/internal/logging/logger.go:388.32,390.3 1 1
github.com/dorkusprime/wolfcastle/internal/logging/logger.go:394.37,396.16 2 1
github.com/dorkusprime/wolfcastle/internal/logging/logger.go:396.16,398.3 1 1
github.com/dorkusprime/wolfcastle/internal/logging/logger.go:399.2,399.15 1 1
github.com/dorkusprime/wolfcastle/internal/logging/logger.go:399.15,399.33 1 1
github.com/dorkusprime/wolfcastle/internal/logging/logger.go:401.2,403.16 3 1
github.com/dorkusprime/wolfcastle/internal/logging/logger.go:403.16,405.3 1 1
github.com/dorkusprime/wolfcastle/internal/logging/logger.go:407.2,408.43 2 1
github.com/dorkusprime/wolfcastle/internal/logging/logger.go:408.43,413.3 4 0
github.com/dorkusprime/wolfcastle/internal/logging/logger.go:414.2,414.35 1 1
github.com/dorkusprime/wolfcastle/internal/logging/logger.go:414.35,418.3 3 0
github.com/dorkusprime/wolfcastle/internal/logging/logger.go:419.2,419.36 1 1
github.com/dorkusprime/wolfcastle/internal/logging/logger.go:419.36,422.3 2 0
github.com/dorkusprime/wolfcastle/internal/logging/logger.go:423.2,424.23 2 1
github.com/dorkusprime/wolfcastle/internal/logging/logger.go:431.115,432.6 1 1
github.com/dorkusprime/wolfcastle/internal/logging/logger.go:432.6,433.10 1 1
github.com/dorkusprime/wolfcastle/internal/logging/logger.go:434.15,435.13 1 1
github.com/dorkusprime/wolfcastle/internal/logging/logger.go:436.11,436.11 0 1
github.com/dorkusprime/wolfcastle/internal/logging/logger.go:438.3,439.42 2 1
github.com/dorkusprime/wolfcastle/internal/logging/logger.go:439.42,441.4 1 1
github.com/dorkusprime/wolfcastle/internal/logging/logger.go:442.3,442.10 1 1
github.com/dorkusprime/wolfcastle/internal/logging/logger.go:443.15,444.13 1 1
github.com/dorkusprime/wolfcastle/internal/logging/logger.go:445.35,445.35 0 1
github.com/dorkusprime/wolfcastle/internal/logging/logger.go:452.42,454.16 2 1
github.com/dorkusprime/wolfcastle/internal/logging/logger.go:454.16,456.3 1 1
github.com/dorkusprime/wolfcastle/internal/logging/logger.go:457.2,458.28 2 1
github.com/dorkusprime/wolfcastle/internal/logging/logger.go:458.28,459.40 1 1
github.com/dorkusprime/wolfcastle/internal/logging/logger.go:459.40,460.12 1 1
github.com/dorkusprime/wolfcastle/internal/logging/logger.go:462.3,463.77 2 1
github.com/dorkusprime/wolfcastle/internal/logging/logger.go:463.77,465.4 1 1
github.com/dorkusprime/wolfcastle/internal/logging/logger.go:467.2,467.16 1 1
github.com/dorkusprime/wolfcastle/cmd/project/create.go:16.52,29.55 1 1
github.com/dorkusprime/wolfcastle/cmd/project/create.go:29.55,30.48 1 1
github.com/dorkusprime/wolfcastle/cmd/project/create.go:30.48,32.5 1 1
github.com/dorkusprime/wolfcastle/cmd/project/create.go:33.4,41.50 7 1
github.com/dorkusprime/wolfcastle/cmd/project/create.go:41.50,43.5 1 1
github.com/dorkusprime/wolfcastle/cmd/project/create.go:46.4,47.20 2 1
github.com/dorkusprime/wolfcastle/cmd/project/create.go:48.16,49.24 1 1
github.com/dorkusprime/wolfcastle/cmd/project/create.go:50.24,51.32 1 1
github.com/dorkusprime/wolfcastle/cmd/project/create.go:52.12,53.87 1 1
github.com/dorkusprime/wolfcastle/cmd/project/create.go:58.4,59.46 2 1
github.com/dorkusprime/wolfcastle/cmd/project/create.go:59.46,62.19 2 1
github.com/dorkusprime/wolfcastle/cmd/project/create.go:62.19,63.29 1 1
github.com/dorkusprime/wolfcastle/cmd/project/create.go:63.29,65.7 1 1
github.com/dorkusprime/wolfcastle/cmd/project/create.go:66.6,66.32 1 0
github.com/dorkusprime/wolfcastle/cmd/project/create.go:70.5,70.25 1 1
github.com/dorkusprime/wolfcastle/cmd/project/create.go:70.25,72.13 2 1
github.com/dorkusprime/wolfcastle/cmd/project/create.go:72.13,74.7 1 1
github.com/dorkusprime/wolfcastle/cmd/project/create.go:75.6,75.44 1 1
github.com/dorkusprime/wolfcastle/cmd/project/create.go:75.44,77.21 2 1
github.com/dorkusprime/wolfcastle/cmd/project/create.go:77.21,79.8 1 0
github.com/dorkusprime/wolfcastle/cmd/project/create.go:80.7,82.21 3 1
github.com/dorkusprime/wolfcastle/cmd/project/create.go:82.21,84.8 1 1
github.com/dorkusprime/wolfcastle/cmd/project/create.go:85.7,86.43 2 1
github.com/dorkusprime/wolfcastle/cmd/project/create.go:86.43,87.22 1 1
github.com/dorkusprime/wolfcastle/cmd/project/create.go:87.22,89.9 1 1
github.com/dorkusprime/wolfcastle/cmd/project/create.go:91.7,91.28 1 1
github.com/dorkusprime/wolfcastle/cmd/project/create.go:91.28,93.8 1 1
github.com/dorkusprime/wolfcastle/cmd/project/create.go:94.7,96.102 3 1
github.com/dorkusprime/wolfcastle/cmd/project/create.go:96.102,98.8 1 1
github.com/dorkusprime/wolfcastle/cmd/project/create.go:99.7,100.42 2 1
github.com/dorkusprime/wolfcastle/cmd/project/create.go:105.5,106.19 2 1
github.com/dorkusprime/wolfcastle/cmd/project/create.go:106.19,108.6 1 1
github.com/dorkusprime/wolfcastle/cmd/project/create.go:109.5,115.37 2 1
github.com/dorkusprime/wolfcastle/cmd/project/create.go:115.37,116.21 1 1
github.com/dorkusprime/wolfcastle/cmd/project/create.go:116.21,118.7 1 0
github.com/dorkusprime/wolfcastle/cmd/project/create.go:118.12,118.34 1 1
github.com/dorkusprime/wolfcastle/cmd/project/create.go:118.34,120.7 1 0
github.com/dorkusprime/wolfcastle/cmd/project/create.go:120.12,122.7 1 1
github.com/dorkusprime/wolfcastle/cmd/project/create.go:126.5,127.19 2 1
github.com/dorkusprime/wolfcastle/cmd/project/create.go:127.19,129.6 1 0
github.com/dorkusprime/wolfcastle/cmd/project/create.go:130.5,131.54 2 1
github.com/dorkusprime/wolfcastle/cmd/project/create.go:131.54,133.6 1 1
github.com/dorkusprime/wolfcastle/cmd/project/create.go:134.5,134.89 1 1
github.com/dorkusprime/wolfcastle/cmd/project/create.go:134.89,136.6 1 1
github.com/dorkusprime/wolfcastle/cmd/project/create.go:139.5,139.29 1 1
github.com/dorkusprime/wolfcastle/cmd/project/create.go:139.29,141.6 1 1
github.com/dorkusprime/wolfcastle/cmd/project/create.go:144.5,145.23 2 1
github.com/dorkusprime/wolfcastle/cmd/project/create.go:145.23,147.6 1 1
github.com/dorkusprime/wolfcastle/cmd/project/create.go:148.5,149.96 2 1
github.com/dorkusprime/wolfcastle/cmd/project/create.go:149.96,151.6 1 1
github.com/dorkusprime/wolfcastle/cmd/project/create.go:154.5,154.25 1 1
github.com/dorkusprime/wolfcastle/cmd/project/create.go:154.25,158.20 4 1
github.com/dorkusprime/wolfcastle/cmd/project/create.go:158.20,164.102 2 1
github.com/dorkusprime/wolfcastle/cmd/project/create.go:164.102,166.8 1 0
github.com/dorkusprime/wolfcastle/cmd/project/create.go:171.5,171.45 1 1
github.com/dorkusprime/wolfcastle/cmd/project/create.go:171.45,175.6 3 1
github.com/dorkusprime/wolfcastle/cmd/project/create.go:177.5,177.66 1 1
github.com/dorkusprime/wolfcastle/cmd/project/create.go:178.19,180.5 1 1
github.com/dorkusprime/wolfcastle/cmd/project/create.go:182.4,182.22 1 1
github.com/dorkusprime/wolfcastle/cmd/project/create.go:182.22,188.5 1 1
github.com/dorkusprime/wolfcastle/cmd/project/create.go:188.10,190.5 1 1
github.com/dorkusprime/wolfcastle/cmd/project/create.go:193.4,193.57 1 1
github.com/dorkusprime/wolfcastle/cmd/project/create.go:193.57,195.26 2 1
github.com/dorkusprime/wolfcastle/cmd/project/create.go:195.26,197.6 1 1
github.com/dorkusprime/wolfcastle/cmd/project/create.go:198.5,198.57 1 1
github.com/dorkusprime/wolfcastle/cmd/project/create.go:201.4,201.14 1 1
github.com/dorkusprime/wolfcastle/cmd/project/create.go:205.2,210.12 5 1
github.com/dorkusprime/wolfcastle/cmd/project/register.go:13.57,33.2 6 1
github.com/dorkusprime/wolfcastle/internal/invoke/format.go:13.45,27.63 2 1
github.com/dorkusprime/wolfcastle/internal/invoke/format.go:27.63,28.21 1 1
github.com/dorkusprime/wolfcastle/internal/invoke/format.go:28.21,30.4 1 1
github.com/dorkusprime/wolfcastle/internal/invoke/format.go:31.3,31.13 1 1
github.com/dorkusprime/wolfcastle/internal/invoke/format.go:34.2,34.23 1 1
github.com/dorkusprime/wolfcastle/internal/invoke/format.go:35.19,37.46 2 1
github.com/dorkusprime/wolfcastle/internal/invoke/format.go:37.46,38.18 1 1
github.com/dorkusprime/wolfcastle/internal/invoke/format.go:39.16,40.21 1 1
github.com/dorkusprime/wolfcastle/internal/invoke/format.go:40.21,42.6 1 1
github.com/dorkusprime/wolfcastle/internal/invoke/format.go:43.20,44.21 1 1
github.com/dorkusprime/wolfcastle/internal/invoke/format.go:44.21,45.54 1 1
github.com/dorkusprime/wolfcastle/internal/invoke/format.go:45.54,46.59 1 1
github.com/dorkusprime/wolfcastle/internal/invoke/format.go:46.59,48.8 1 1
github.com/dorkusprime/wolfcastle/internal/invoke/format.go:48.13,48.61 1 1
github.com/dorkusprime/wolfcastle/internal/invoke/format.go:48.61,49.25 1 1
github.com/dorkusprime/wolfcastle/internal/invoke/format.go:49.25,51.9 1 1
github.com/dorkusprime/wolfcastle/internal/invoke/format.go:52.8,52.71 1 1
github.com/dorkusprime/wolfcastle/internal/invoke/format.go:53.13,55.8 1 1
github.com/dorkusprime/wolfcastle/internal/invoke/format.go:56.12,58.7 1 1
github.com/dorkusprime/wolfcastle/internal/invoke/format.go:62.3,62.21 1 1
github.com/dorkusprime/wolfcastle/internal/invoke/format.go:62.21,64.4 1 1
github.com/dorkusprime/wolfcastle/internal/invoke/format.go:65.16,66.28 1 1
github.com/dorkusprime/wolfcastle/internal/invoke/format.go:66.28,68.4 1 1
github.com/dorkusprime/wolfcastle/internal/invoke/format.go:69.16,70.33 1 1
github.com/dorkusprime/wolfcastle/internal/invoke/format.go:70.33,72.4 1 1
github.com/dorkusprime/wolfcastle/internal/invoke/format.go:75.2,75.11 1 1
github.com/dorkusprime/wolfcastle/internal/invoke/invoker.go:40.33,41.11 1 1
github.com/dorkusprime/wolfcastle/internal/invoke/invoker.go:42.22,43.31 1 1
github.com/dorkusprime/wolfcastle/internal/invoke/invoker.go:44.19,45.28 1 1
github.com/dorkusprime/wolfcastle/internal/invoke/invoker.go:46.21,47.30 1 1
github.com/dorkusprime/wolfcastle/internal/invoke/invoker.go:48.18,49.27 1 0
github.com/dorkusprime/wolfcastle/internal/invoke/invoker.go:50.22,51.31 1 0
github.com/dorkusprime/wolfcastle/internal/invoke/invoker.go:52.10,53.16 1 1
github.com/dorkusprime/wolfcastle/internal/invoke/invoker.go:94.42,96.2 1 1
github.com/dorkusprime/wolfcastle/internal/invoke/invoker.go:101.167,103.25 2 1
github.com/dorkusprime/wolfcastle/internal/invoke/invoker.go:103.25,105.3 1 1
github.com/dorkusprime/wolfcastle/internal/invoke/invoker.go:105.8,107.3 1 1
github.com/dorkusprime/wolfcastle/internal/invoke/invoker.go:108.2,117.39 6 1
github.com/dorkusprime/wolfcastle/internal/invoke/invoker.go:117.39,134.17 8 1
github.com/dorkusprime/wolfcastle/internal/invoke/invoker.go:134.17,135.48 1 1
github.com/dorkusprime/wolfcastle/internal/invoke/invoker.go:135.48,137.5 1 1
github.com/dorkusprime/wolfcastle/internal/invoke/invoker.go:137.10,139.5 1 1
github.com/dorkusprime/wolfcastle/internal/invoke/invoker.go:142.3,142.21 1 1
github.com/dorkusprime/wolfcastle/internal/invoke/invoker.go:147.2,148.16 2 1
github.com/dorkusprime/wolfcastle/internal/invoke/invoker.go:148.16,150.3 1 0
github.com/dorkusprime/wolfcastle/internal/invoke/invoker.go:152.2,152.36 1 1
github.com/dorkusprime/wolfcastle/internal/invoke/invoker.go:152.36,154.3 1 1
github.com/dorkusprime/wolfcastle/internal/invoke/invoker.go:156.2,162.21 5 1
github.com/dorkusprime/wolfcastle/internal/invoke/invoker.go:162.21,171.23 5 1
github.com/dorkusprime/wolfcastle/internal/invoke/invoker.go:171.23,173.4 1 1
github.com/dorkusprime/wolfcastle/internal/invoke/invoker.go:176.3,176.20 1 1
github.com/dorkusprime/wolfcastle/internal/invoke/invoker.go:176.20,178.4 1 1
github.com/dorkusprime/wolfcastle/internal/invoke/invoker.go:180.2,180.46 1 1
github.com/dorkusprime/wolfcastle/internal/invoke/invoker.go:180.46,182.3 1 0
github.com/dorkusprime/wolfcastle/internal/invoke/invoker.go:184.2,190.16 5 1
github.com/dorkusprime/wolfcastle/internal/invoke/invoker.go:190.16,191.47 1 1
github.com/dorkusprime/wolfcastle/internal/invoke/invoker.go:191.47,193.4 1 1
github.com/dorkusprime/wolfcastle/internal/invoke/invoker.go:193.9,195.4 1 0
github.com/dorkusprime/wolfcastle/internal/invoke/invoker.go:198.2,198.20 1 1
github.com/dorkusprime/wolfcastle/internal/invoke/invoker.go:203.51,204.51 1 1
github.com/dorkusprime/wolfcastle/internal/invoke/invoker.go:204.51,206.3 1 1
github.com/dorkusprime/wolfcastle/internal/invoke/invoker.go:220.52,224.41 2 1
github.com/dorkusprime/wolfcastle/internal/invoke/invoker.go:224.41,225.10 1 1
github.com/dorkusprime/wolfcastle/internal/invoke/invoker.go:226.57,227.42 1 1
github.com/dorkusprime/wolfcastle/internal/invoke/invoker.go:228.54,229.39 1 1
github.com/dorkusprime/wolfcastle/internal/invoke/invoker.go:230.53,231.38 1 0
github.com/dorkusprime/wolfcastle/internal/invoke/invoker.go:232.57,233.42 1 0
github.com/dorkusprime/wolfcastle/internal/invoke/invoker.go:234.56,235.41 1 1
github.com/dorkusprime/wolfcastle/internal/invoke/invoker.go:240.2,240.55 1 1
github.com/dorkusprime/wolfcastle/internal/invoke/invoker.go:240.55,242.17 2 1
github.com/dorkusprime/wolfcastle/internal/invoke/invoker.go:242.17,244.4 1 1
github.com/dorkusprime/wolfcastle/internal/invoke/invoker.go:254.111,256.2 1 1
github.com/dorkusprime/wolfcastle/internal/invoke/invoker.go:260.105,262.2 1 1
github.com/dorkusprime/wolfcastle/internal/invoke/invoker.go:267.135,269.2 1 1
github.com/dorkusprime/wolfcastle/internal/invoke/procattr_unix.go:9.48,11.2 1 1
github.com/dorkusprime/wolfcastle/internal/invoke/retry.go:43.102,49.2 1 1
github.com/dorkusprime/wolfcastle/internal/invoke/retry.go:53.165,58.20 4 1
github.com/dorkusprime/wolfcastle/internal/invoke/retry.go:58.20,60.3 1 1
github.com/dorkusprime/wolfcastle/internal/invoke/retry.go:62.2,62.32 1 1
github.com/dorkusprime/wolfcastle/internal/invoke/retry.go:62.32,64.17 2 1
github.com/dorkusprime/wolfcastle/internal/invoke/retry.go:64.17,66.4 1 1
github.com/dorkusprime/wolfcastle/internal/invoke/retry.go:70.3,70.23 1 1
github.com/dorkusprime/wolfcastle/internal/invoke/retry.go:70.23,72.4 1 1
github.com/dorkusprime/wolfcastle/internal/invoke/retry.go:75.3,75.65 1 1
github.com/dorkusprime/wolfcastle/internal/invoke/retry.go:75.65,76.23 1 1
github.com/dorkusprime/wolfcastle/internal/invoke/retry.go:76.23,78.5 1 1
github.com/dorkusprime/wolfcastle/internal/invoke/retry.go:79.4,79.88 1 1
github.com/dorkusprime/wolfcastle/internal/invoke/retry.go:82.3,82.22 1 1
github.com/dorkusprime/wolfcastle/internal/invoke/retry.go:82.22,84.4 1 1
github.com/dorkusprime/wolfcastle/internal/invoke/retry.go:90.3,90.10 1 1
github.com/dorkusprime/wolfcastle/internal/invoke/retry.go:91.21,92.86 1 0
github.com/dorkusprime/wolfcastle/internal/invoke/retry.go:93.11,94.18 1 1
github.com/dorkusprime/wolfcastle/internal/invoke/retry.go:96.3,96.23 1 1
github.com/dorkusprime/wolfcastle/internal/invoke/retry.go:96.23,98.4 1 1
github.com/dorkusprime/wolfcastle/internal/invoke/retry.go:101.3,102.23 2 1
github.com/dorkusprime/wolfcastle/internal/invoke/retry.go:102.23,104.4 1 1
github.com/dorkusprime/wolfcastle/internal/invoke/retry.go:111.39,112.16 1 1
github.com/dorkusprime/wolfcastle/internal/invoke/retry.go:112.16,114.3 1 1
github.com/dorkusprime/wolfcastle/internal/invoke/retry.go:115.2,115.82 1 1
github.com/dorkusprime/wolfcastle/internal/invoke/retry.go:115.82,117.3 1 1
github.com/dorkusprime/wolfcastle/internal/invoke/retry.go:118.2,118.13 1 1
github.com/dorkusprime/wolfcastle/internal/invoke/terminal_unix.go:15.24,25.16 3 1
github.com/dorkusprime/wolfcastle/internal/invoke/terminal_unix.go:25.16,27.3 1 1
github.com/dorkusprime/wolfcastle/internal/invoke/terminal_unix.go:29.2,37.3 2 0
github.com/dorkusprime/wolfcastle/internal/pipeline/context.go:31.112,33.2 1 1
github.com/dorkusprime/wolfcastle/internal/pipeline/context.go:38.141,40.2 1 1
github.com/dorkusprime/wolfcastle/internal/pipeline/context.go:44.154,46.2 1 1
github.com/dorkusprime/wolfcastle/internal/pipeline/context.go:48.150,50.19 2 1
github.com/dorkusprime/wolfcastle/internal/pipeline/context.go:50.19,52.3 1 1
github.com/dorkusprime/wolfcastle/internal/pipeline/context.go:53.2,61.29 6 1
github.com/dorkusprime/wolfcastle/internal/pipeline/context.go:61.29,62.21 1 1
github.com/dorkusprime/wolfcastle/internal/pipeline/context.go:62.21,63.12 1 1
[...]
github.com/dorkusprime/wolfcastle/internal/daemon/lock.go:112.52,114.3 1 0
github.com/dorkusprime/wolfcastle/internal/daemon/lock.go:115.2,115.19 1 1
github.com/dorkusprime/wolfcastle/internal/daemon/pid.go:13.43,16.2 2 1
github.com/dorkusprime/wolfcastle/internal/daemon/pid.go:19.49,22.16 3 1
github.com/dorkusprime/wolfcastle/internal/daemon/pid.go:22.16,24.3 1 1
github.com/dorkusprime/wolfcastle/internal/daemon/pid.go:25.2,25.54 1 1
github.com/dorkusprime/wolfcastle/internal/daemon/pid.go:30.38,32.2 1 1
github.com/dorkusprime/wolfcastle/internal/daemon/pid.go:35.37,37.16 2 1
github.com/dorkusprime/wolfcastle/internal/daemon/pid.go:37.16,39.3 1 0
github.com/dorkusprime/wolfcastle/internal/daemon/pid.go:40.2,41.19 2 1
github.com/dorkusprime/wolfcastle/internal/daemon/planning.go:19.86,20.41 1 1
github.com/dorkusprime/wolfcastle/internal/daemon/planning.go:20.41,22.3 1 1
github.com/dorkusprime/wolfcastle/internal/daemon/planning.go:25.2,26.23 2 1
github.com/dorkusprime/wolfcastle/internal/daemon/planning.go:26.23,28.3 1 0
github.com/dorkusprime/wolfcastle/internal/daemon/planning.go:28.8,28.30 1 1
github.com/dorkusprime/wolfcastle/internal/daemon/planning.go:28.30,30.3 1 1
github.com/dorkusprime/wolfcastle/internal/daemon/planning.go:32.2,32.29 1 1
github.com/dorkusprime/wolfcastle/internal/daemon/planning.go:32.29,34.17 2 1
github.com/dorkusprime/wolfcastle/internal/daemon/planning.go:34.17,36.4 1 1
github.com/dorkusprime/wolfcastle/internal/daemon/planning.go:38.2,38.16 1 1
github.com/dorkusprime/wolfcastle/internal/daemon/planning.go:42.96,44.48 2 1
github.com/dorkusprime/wolfcastle/internal/daemon/planning.go:44.48,46.3 1 1
github.com/dorkusprime/wolfcastle/internal/daemon/planning.go:48.2,48.42 1 1
github.com/dorkusprime/wolfcastle/internal/daemon/planning.go:48.42,50.17 2 1
github.com/dorkusprime/wolfcastle/internal/daemon/planning.go:50.17,52.4 1 0
github.com/dorkusprime/wolfcastle/internal/daemon/planning.go:59.3,60.46 2 1
github.com/dorkusprime/wolfcastle/internal/daemon/planning.go:60.46,62.31 2 1
github.com/dorkusprime/wolfcastle/internal/daemon/planning.go:62.31,63.19 1 0
github.com/dorkusprime/wolfcastle/internal/daemon/planning.go:63.19,65.11 2 0
github.com/dorkusprime/wolfcastle/internal/daemon/planning.go:68.4,68.25 1 1
github.com/dorkusprime/wolfcastle/internal/daemon/planning.go:68.25,71.5 2 1
github.com/dorkusprime/wolfcastle/internal/daemon/planning.go:73.3,73.20 1 1
github.com/dorkusprime/wolfcastle/internal/daemon/planning.go:73.20,75.4 1 1
github.com/dorkusprime/wolfcastle/internal/daemon/planning.go:77.3,77.44 1 0
github.com/dorkusprime/wolfcastle/internal/daemon/planning.go:77.44,79.19 2 0
github.com/dorkusprime/wolfcastle/internal/daemon/planning.go:79.19,81.5 1 0
github.com/dorkusprime/wolfcastle/internal/daemon/planning.go:85.2,85.16 1 0
github.com/dorkusprime/wolfcastle/internal/daemon/planning.go:89.121,91.19 2 1
github.com/dorkusprime/wolfcastle/internal/daemon/planning.go:91.19,93.3 1 1
github.com/dorkusprime/wolfcastle/internal/daemon/planning.go:98.2,113.28 8 1
github.com/dorkusprime/wolfcastle/internal/daemon/planning.go:113.28,115.3 1 0
github.com/dorkusprime/wolfcastle/internal/daemon/planning.go:116.2,117.9 2 1
github.com/dorkusprime/wolfcastle/internal/daemon/planning.go:117.9,120.3 2 0
github.com/dorkusprime/wolfcastle/internal/daemon/planning.go:123.2,128.16 2 1
github.com/dorkusprime/wolfcastle/internal/daemon/planning.go:128.16,131.3 2 0
github.com/dorkusprime/wolfcastle/internal/daemon/planning.go:133.2,142.16 3 1
github.com/dorkusprime/wolfcastle/internal/daemon/planning.go:142.16,146.3 3 0
github.com/dorkusprime/wolfcastle/internal/daemon/planning.go:148.2,159.16 4 1
github.com/dorkusprime/wolfcastle/internal/daemon/planning.go:160.29,164.68 2 1
github.com/dorkusprime/wolfcastle/internal/daemon/planning.go:164.68,167.48 3 1
github.com/dorkusprime/wolfcastle/internal/daemon/planning.go:167.48,169.5 1 0
github.com/dorkusprime/wolfcastle/internal/daemon/planning.go:169.10,171.5 1 1
github.com/dorkusprime/wolfcastle/internal/daemon/planning.go:172.4,172.14 1 1
github.com/dorkusprime/wolfcastle/internal/daemon/planning.go:175.28,178.68 2 1
github.com/dorkusprime/wolfcastle/internal/daemon/planning.go:178.68,183.4 4 1
github.com/dorkusprime/wolfcastle/internal/daemon/planning.go:185.29,189.68 2 1
github.com/dorkusprime/wolfcastle/internal/daemon/planning.go:189.68,193.4 3 1
github.com/dorkusprime/wolfcastle/internal/daemon/planning.go:195.10,201.44 2 0
github.com/dorkusprime/wolfcastle/internal/daemon/planning.go:204.2,205.12 2 1
github.com/dorkusprime/wolfcastle/internal/daemon/planning.go:209.50,210.17 1 1
github.com/dorkusprime/wolfcastle/internal/daemon/planning.go:211.19,212.25 1 1
github.com/dorkusprime/wolfcastle/internal/daemon/planning.go:213.23,214.29 1 1
github.com/dorkusprime/wolfcastle/internal/daemon/planning.go:215.27,216.26 1 1
github.com/dorkusprime/wolfcastle/internal/daemon/planning.go:217.10,218.27 1 1
github.com/dorkusprime/wolfcastle/internal/daemon/planning.go:223.71,224.67 1 1
github.com/dorkusprime/wolfcastle/internal/daemon/planning.go:224.67,232.34 3 1
github.com/dorkusprime/wolfcastle/internal/daemon/planning.go:232.34,234.4 1 0
github.com/dorkusprime/wolfcastle/internal/daemon/planning.go:235.3,235.13 1 1
github.com/dorkusprime/wolfcastle/internal/daemon/planning.go:241.65,242.67 1 1
github.com/dorkusprime/wolfcastle/internal/daemon/planning.go:242.67,243.28 1 1
github.com/dorkusprime/wolfcastle/internal/daemon/planning.go:243.28,245.4 1 1
github.com/dorkusprime/wolfcastle/internal/daemon/planning.go:246.3,249.22 3 1
github.com/dorkusprime/wolfcastle/internal/daemon/planning.go:249.22,251.4 1 0
github.com/dorkusprime/wolfcastle/internal/daemon/planning.go:252.3,252.22 1 1
github.com/dorkusprime/wolfcastle/internal/daemon/planning.go:252.22,254.4 1 0
github.com/dorkusprime/wolfcastle/internal/daemon/planning.go:256.3,256.44 1 1
github.com/dorkusprime/wolfcastle/internal/daemon/planning.go:256.44,265.4 3 1
github.com/dorkusprime/wolfcastle/internal/daemon/planning.go:266.3,266.13 1 1
github.com/dorkusprime/wolfcastle/internal/daemon/planning.go:272.89,273.41 1 1
github.com/dorkusprime/wolfcastle/internal/daemon/planning.go:273.41,275.3 1 0
github.com/dorkusprime/wolfcastle/internal/daemon/planning.go:278.2,279.9 2 1
github.com/dorkusprime/wolfcastle/internal/daemon/planning.go:279.9,281.3 1 0
github.com/dorkusprime/wolfcastle/internal/daemon/planning.go:282.2,283.22 2 1
github.com/dorkusprime/wolfcastle/internal/daemon/planning.go:283.22,285.3 1 0
github.com/dorkusprime/wolfcastle/internal/daemon/planning.go:287.2,288.55 2 1
github.com/dorkusprime/wolfcastle/internal/daemon/planning.go:288.55,290.3 1 0
github.com/dorkusprime/wolfcastle/internal/daemon/planning.go:292.2,293.16 2 1
github.com/dorkusprime/wolfcastle/internal/daemon/planning.go:293.16,295.3 1 0
github.com/dorkusprime/wolfcastle/internal/daemon/planning.go:298.2,300.42 3 1
github.com/dorkusprime/wolfcastle/internal/daemon/planning.go:300.42,302.10 2 1
github.com/dorkusprime/wolfcastle/internal/daemon/planning.go:302.10,303.12 1 0
github.com/dorkusprime/wolfcastle/internal/daemon/planning.go:305.3,305.46 1 1
github.com/dorkusprime/wolfcastle/internal/daemon/planning.go:305.46,308.4 2 1
github.com/dorkusprime/wolfcastle/internal/daemon/planning.go:308.9,308.54 1 1
github.com/dorkusprime/wolfcastle/internal/daemon/planning.go:308.54,310.4 1 0
github.com/dorkusprime/wolfcastle/internal/daemon/planning.go:313.2,313.54 1 1
github.com/dorkusprime/wolfcastle/internal/daemon/planning.go:313.54,315.70 1 1
github.com/dorkusprime/wolfcastle/internal/daemon/planning.go:315.70,319.29 3 1
github.com/dorkusprime/wolfcastle/internal/daemon/planning.go:319.29,321.5 1 0
github.com/dorkusprime/wolfcastle/internal/daemon/planning.go:322.4,322.14 1 1
github.com/dorkusprime/wolfcastle/internal/daemon/planning.go:324.3,328.5 1 1
github.com/dorkusprime/wolfcastle/internal/daemon/planning.go:332.2,332.16 1 1
github.com/dorkusprime/wolfcastle/internal/daemon/planning.go:332.16,334.70 1 1
github.com/dorkusprime/wolfcastle/internal/daemon/planning.go:334.70,335.25 1 1
github.com/dorkusprime/wolfcastle/internal/daemon/planning.go:335.25,339.5 3 1
github.com/dorkusprime/wolfcastle/internal/daemon/planning.go:340.4,340.14 1 0
github.com/dorkusprime/wolfcastle/internal/daemon/planning.go:342.3,346.5 1 1
github.com/dorkusprime/wolfcastle/internal/daemon/planning.go:351.45,354.17 2 1
github.com/dorkusprime/wolfcastle/internal/daemon/planning.go:354.17,356.3 1 1
github.com/dorkusprime/wolfcastle/internal/daemon/planning.go:357.2,357.30 1 1
github.com/dorkusprime/wolfcastle/internal/daemon/planning.go:363.60,364.41 1 1
github.com/dorkusprime/wolfcastle/internal/daemon/planning.go:364.41,366.3 1 1
github.com/dorkusprime/wolfcastle/internal/daemon/planning.go:369.2,369.37 1 1
github.com/dorkusprime/wolfcastle/internal/daemon/planning.go:369.37,370.43 1 1
github.com/dorkusprime/wolfcastle/internal/daemon/planning.go:370.43,371.12 1 1
github.com/dorkusprime/wolfcastle/internal/daemon/planning.go:373.3,374.17 2 1
github.com/dorkusprime/wolfcastle/internal/daemon/planning.go:374.17,375.12 1 0
github.com/dorkusprime/wolfcastle/internal/daemon/planning.go:377.3,377.52 1 1
github.com/dorkusprime/wolfcastle/internal/daemon/planning.go:377.52,378.65 1 1
github.com/dorkusprime/wolfcastle/internal/daemon/planning.go:378.65,382.5 3 1
github.com/dorkusprime/wolfcastle/internal/daemon/propagate.go:17.106,18.39 1 1
github.com/dorkusprime/wolfcastle/internal/daemon/propagate.go:18.39,21.17 2 1
github.com/dorkusprime/wolfcastle/internal/daemon/propagate.go:21.17,24.4 1 1
github.com/dorkusprime/wolfcastle/internal/daemon/propagate.go:27.3,27.48 1 1
github.com/dorkusprime/wolfcastle/internal/daemon/propagate.go:27.48,30.4 2 1
github.com/dorkusprime/wolfcastle/internal/daemon/propagate.go:32.3,32.59 1 1
github.com/dorkusprime/wolfcastle/internal/daemon/propagate.go:32.59,34.18 2 1
github.com/dorkusprime/wolfcastle/internal/daemon/propagate.go:34.18,36.5 1 0
github.com/dorkusprime/wolfcastle/internal/daemon/propagate.go:37.4,37.112 1 1
github.com/dorkusprime/wolfcastle/internal/daemon/propagate.go:41.3,41.60 1 1
github.com/dorkusprime/wolfcastle/internal/daemon/propagate.go:41.60,43.18 2 1
github.com/dorkusprime/wolfcastle/internal/daemon/propagate.go:43.18,45.5 1 0
github.com/dorkusprime/wolfcastle/internal/daemon/propagate.go:46.4,46.116 1 1
github.com/dorkusprime/wolfcastle/internal/daemon/propagate.go:49.3,49.92 1 1
github.com/dorkusprime/wolfcastle/internal/daemon/propagate.go:49.92,51.4 1 1
github.com/dorkusprime/wolfcastle/internal/daemon/propagate.go:55.3,57.67 2 1
github.com/dorkusprime/wolfcastle/internal/daemon/propagate.go:63.66,65.16 2 1
github.com/dorkusprime/wolfcastle/internal/daemon/propagate.go:65.16,67.3 1 1
github.com/dorkusprime/wolfcastle/internal/daemon/propagate.go:68.2,68.39 1 1
github.com/dorkusprime/wolfcastle/internal/daemon/propagate.go:68.39,69.27 1 1
github.com/dorkusprime/wolfcastle/internal/daemon/propagate.go:69.27,71.4 1 1
github.com/dorkusprime/wolfcastle/internal/daemon/propagate.go:73.2,73.8 1 1
github.com/dorkusprime/wolfcastle/internal/daemon/retry.go:18.172,23.32 4 1
github.com/dorkusprime/wolfcastle/internal/daemon/retry.go:23.32,25.17 2 1
github.com/dorkusprime/wolfcastle/internal/daemon/retry.go:25.17,27.4 1 1
github.com/dorkusprime/wolfcastle/internal/daemon/retry.go:30.3,30.23 1 1
github.com/dorkusprime/wolfcastle/internal/daemon/retry.go:30.23,32.4 1 1
github.com/dorkusprime/wolfcastle/internal/daemon/retry.go:35.3,35.53 1 1
github.com/dorkusprime/wolfcastle/internal/daemon/retry.go:35.53,43.4 2 1
github.com/dorkusprime/wolfcastle/internal/daemon/retry.go:45.3,54.10 3 1
github.com/dorkusprime/wolfcastle/internal/daemon/retry.go:55.21,56.28 1 1
github.com/dorkusprime/wolfcastle/internal/daemon/retry.go:57.28,57.28 0 1
github.com/dorkusprime/wolfcastle/internal/daemon/retry.go:61.3,62.23 2 1
github.com/dorkusprime/wolfcastle/internal/daemon/retry.go:62.23,64.4 1 0
github.com/dorkusprime/wolfcastle/internal/daemon/stages.go:22.52,28.16 3 1
github.com/dorkusprime/wolfcastle/internal/daemon/stages.go:28.16,29.16 1 1
github.com/dorkusprime/wolfcastle/internal/daemon/stages.go:29.16,29.39 1 1
github.com/dorkusprime/wolfcastle/internal/daemon/stages.go:30.3,30.52 1 1
github.com/dorkusprime/wolfcastle/internal/daemon/stages.go:30.52,34.4 3 1
github.com/dorkusprime/wolfcastle/internal/daemon/stages.go:35.3,35.22 1 0
github.com/dorkusprime/wolfcastle/internal/daemon/stages.go:39.2,40.28 2 0
github.com/dorkusprime/wolfcastle/internal/daemon/stages.go:45.87,50.35 3 1
github.com/dorkusprime/wolfcastle/internal/daemon/stages.go:50.35,53.3 2 1
github.com/dorkusprime/wolfcastle/internal/daemon/stages.go:55.2,55.6 1 1
github.com/dorkusprime/wolfcastle/internal/daemon/stages.go:55.6,56.10 1 1
github.com/dorkusprime/wolfcastle/internal/daemon/stages.go:57.21,58.10 1 1
github.com/dorkusprime/wolfcastle/internal/daemon/stages.go:59.38,60.11 1 1
github.com/dorkusprime/wolfcastle/internal/daemon/stages.go:60.11,62.5 1 0
github.com/dorkusprime/wolfcastle/internal/daemon/stages.go:64.4,64.49 1 1
github.com/dorkusprime/wolfcastle/internal/daemon/stages.go:64.49,65.13 1 1
github.com/dorkusprime/wolfcastle/internal/daemon/stages.go:67.4,67.54 1 1
github.com/dorkusprime/wolfcastle/internal/daemon/stages.go:67.54,68.13 1 1
github.com/dorkusprime/wolfcastle/internal/daemon/stages.go:70.4,70.37 1 1
github.com/dorkusprime/wolfcastle/internal/daemon/stages.go:70.37,73.5 2 1
github.com/dorkusprime/wolfcastle/internal/daemon/stages.go:74.36,75.11 1 0
github.com/dorkusprime/wolfcastle/internal/daemon/stages.go:75.11,77.5 1 0
github.com/dorkusprime/wolfcastle/internal/daemon/stages.go:78.4,78.53 1 0
github.com/dorkusprime/wolfcastle/internal/daemon/stages.go:84.59,86.23 2 1
github.com/dorkusprime/wolfcastle/internal/daemon/stages.go:86.23,88.3 1 1
github.com/dorkusprime/wolfcastle/internal/daemon/stages.go:89.2,89.23 1 1
github.com/dorkusprime/wolfcastle/internal/daemon/stages.go:89.23,91.3 1 1
github.com/dorkusprime/wolfcastle/internal/daemon/stages.go:93.2,96.6 3 1
github.com/dorkusprime/wolfcastle/internal/daemon/stages.go:96.6,97.10 1 1
github.com/dorkusprime/wolfcastle/internal/daemon/stages.go:98.21,99.10 1 1
github.com/dorkusprime/wolfcastle/internal/daemon/stages.go:100.11,100.11 0 1
github.com/dorkusprime/wolfcastle/internal/daemon/stages.go:103.3,103.36 1 1
github.com/dorkusprime/wolfcastle/internal/daemon/stages.go:103.36,106.4 2 1
github.com/dorkusprime/wolfcastle/internal/daemon/stages.go:108.3,108.43 1 1
github.com/dorkusprime/wolfcastle/internal/daemon/stages.go:108.43,110.4 1 1
github.com/dorkusprime/wolfcastle/internal/daemon/stages.go:115.65,118.49 2 1
github.com/dorkusprime/wolfcastle/internal/daemon/stages.go:118.49,119.50 1 1
github.com/dorkusprime/wolfcastle/internal/daemon/stages.go:119.50,121.55 2 1
github.com/dorkusprime/wolfcastle/internal/daemon/stages.go:121.55,123.5 1 0
github.com/dorkusprime/wolfcastle/internal/daemon/stages.go:124.4,125.9 2 1
github.com/dorkusprime/wolfcastle/internal/daemon/stages.go:131.58,133.16 2 1
github.com/dorkusprime/wolfcastle/internal/daemon/stages.go:133.16,135.3 1 1
github.com/dorkusprime/wolfcastle/internal/daemon/stages.go:136.2,136.39 1 1
github.com/dorkusprime/wolfcastle/internal/daemon/stages.go:136.39,137.27 1 1
github.com/dorkusprime/wolfcastle/internal/daemon/stages.go:137.27,139.4 1 1
github.com/dorkusprime/wolfcastle/internal/daemon/stages.go:141.2,141.14 1 1
github.com/dorkusprime/wolfcastle/internal/daemon/stages.go:148.88,151.16 3 1
github.com/dorkusprime/wolfcastle/internal/daemon/stages.go:151.16,153.3 1 0
github.com/dorkusprime/wolfcastle/internal/daemon/stages.go:156.2,157.39 2 1
github.com/dorkusprime/wolfcastle/internal/daemon/stages.go:157.39,158.27 1 1
github.com/dorkusprime/wolfcastle/internal/daemon/stages.go:158.27,160.4 1 1
github.com/dorkusprime/wolfcastle/internal/daemon/stages.go:162.2,162.24 1 1
github.com/dorkusprime/wolfcastle/internal/daemon/stages.go:162.24,164.3 1 1
github.com/dorkusprime/wolfcastle/internal/daemon/stages.go:168.2,169.40 2 1
github.com/dorkusprime/wolfcastle/internal/daemon/stages.go:169.40,171.3 1 0
github.com/dorkusprime/wolfcastle/internal/daemon/stages.go:173.2,174.9 2 1
github.com/dorkusprime/wolfcastle/internal/daemon/stages.go:174.9,176.3 1 1
github.com/dorkusprime/wolfcastle/internal/daemon/stages.go:179.2,183.38 3 1
github.com/dorkusprime/wolfcastle/internal/daemon/stages.go:183.38,186.38 3 1
github.com/dorkusprime/wolfcastle/internal/daemon/stages.go:186.38,188.26 2 1
github.com/dorkusprime/wolfcastle/internal/daemon/stages.go:188.26,190.5 1 0
github.com/dorkusprime/wolfcastle/internal/daemon/stages.go:190.10,192.5 1 1
github.com/dorkusprime/wolfcastle/internal/daemon/stages.go:194.3,194.29 1 1
github.com/dorkusprime/wolfcastle/internal/daemon/stages.go:197.2,199.32 3 1
github.com/dorkusprime/wolfcastle/internal/daemon/stages.go:199.32,203.3 3 1
github.com/dorkusprime/wolfcastle/internal/daemon/stages.go:205.2,206.16 2 1
github.com/dorkusprime/wolfcastle/internal/daemon/stages.go:206.16,208.3 1 1
github.com/dorkusprime/wolfcastle/internal/daemon/stages.go:210.2,213.50 3 1
github.com/dorkusprime/wolfcastle/internal/daemon/stages.go:213.50,217.3 3 1
github.com/dorkusprime/wolfcastle/internal/daemon/stages.go:219.2,220.16 2 1
github.com/dorkusprime/wolfcastle/internal/daemon/stages.go:220.16,222.3 1 1
github.com/dorkusprime/wolfcastle/internal/daemon/stages.go:224.2,232.26 2 1
github.com/dorkusprime/wolfcastle/internal/daemon/stages.go:232.26,235.3 2 1
github.com/dorkusprime/wolfcastle/internal/daemon/stages.go:238.2,238.40 1 1
github.com/dorkusprime/wolfcastle/internal/daemon/stages.go:238.40,240.3 1 0
github.com/dorkusprime/wolfcastle/internal/daemon/stages.go:245.2,246.32 2 1
github.com/dorkusprime/wolfcastle/internal/daemon/stages.go:246.32,248.3 1 1
github.com/dorkusprime/wolfcastle/internal/daemon/stages.go:249.2,249.72 1 1
github.com/dorkusprime/wolfcastle/internal/daemon/stages.go:249.72,250.32 1 1
github.com/dorkusprime/wolfcastle/internal/daemon/stages.go:250.32,251.74 1 1
github.com/dorkusprime/wolfcastle/internal/daemon/stages.go:251.74,253.5 1 1
github.com/dorkusprime/wolfcastle/internal/daemon/stages.go:255.3,255.13 1 1
github.com/dorkusprime/wolfcastle/internal/daemon/stages.go:256.17,258.3 1 1
github.com/dorkusprime/wolfcastle/internal/daemon/stages.go:260.2,265.9 2 1
github.com/dorkusprime/wolfcastle/internal/daemon/stages.go:266.37,266.37 0 1
github.com/dorkusprime/wolfcastle/internal/daemon/stages.go:267.10,267.10 0 0
github.com/dorkusprime/wolfcastle/internal/daemon/stages.go:270.2,270.12 1 1
github.com/dorkusprime/wolfcastle/internal/daemon/stages.go:276.53,277.51 1 1
github.com/dorkusprime/wolfcastle/internal/daemon/stages.go:277.51,279.43 2 1
github.com/dorkusprime/wolfcastle/internal/daemon/stages.go:279.43,280.12 1 1
github.com/dorkusprime/wolfcastle/internal/daemon/stages.go:284.3,285.21 2 1
github.com/dorkusprime/wolfcastle/internal/daemon/stages.go:285.21,286.12 1 0
github.com/dorkusprime/wolfcastle/internal/daemon/stages.go:288.3,289.19 2 1
github.com/dorkusprime/wolfcastle/internal/daemon/stages.go:289.19,290.12 1 0
github.com/dorkusprime/wolfcastle/internal/daemon/stages.go:292.3,297.47 4 1
github.com/dorkusprime/wolfcastle/internal/daemon/stages.go:297.47,298.12 1 0
github.com/dorkusprime/wolfcastle/internal/daemon/stages.go:300.3,303.76 2 1
github.com/dorkusprime/wolfcastle/internal/daemon/stages.go:303.76,306.4 2 1
github.com/dorkusprime/wolfcastle/internal/daemon/stages.go:306.18,312.12 2 1
github.com/dorkusprime/wolfcastle/internal/daemon/stages.go:315.3,319.5 1 1
github.com/dorkusprime/wolfcastle/internal/daemon/stages.go:325.78,326.25 1 1
github.com/dorkusprime/wolfcastle/internal/daemon/stages.go:326.25,328.17 2 1
github.com/dorkusprime/wolfcastle/internal/daemon/stages.go:328.17,330.4 1 1
github.com/dorkusprime/wolfcastle/internal/daemon/stages.go:332.2,332.42 1 1
