mode: set
github.com/dorkusprime/wolfcastle/internal/git/git.go:29.42,31.2 1 1
github.com/dorkusprime/wolfcastle/internal/git/git.go:36.51,40.16 4 1
github.com/dorkusprime/wolfcastle/internal/git/git.go:40.16,42.3 1 1
github.com/dorkusprime/wolfcastle/internal/git/git.go:45.2,47.46 3 1
github.com/dorkusprime/wolfcastle/internal/git/git.go:47.46,49.3 1 1
github.com/dorkusprime/wolfcastle/internal/git/git.go:52.2,55.19 4 1
github.com/dorkusprime/wolfcastle/internal/git/git.go:55.19,57.3 1 0
github.com/dorkusprime/wolfcastle/internal/git/git.go:58.2,58.47 1 1
github.com/dorkusprime/wolfcastle/internal/git/git.go:63.33,67.16 4 1
github.com/dorkusprime/wolfcastle/internal/git/git.go:67.16,69.3 1 1
github.com/dorkusprime/wolfcastle/internal/git/git.go:70.2,70.39 1 1
github.com/dorkusprime/wolfcastle/internal/git/git.go:74.33,78.2 3 1
github.com/dorkusprime/wolfcastle/internal/git/git.go:82.56,86.16 4 1
github.com/dorkusprime/wolfcastle/internal/git/git.go:86.16,88.3 1 1
github.com/dorkusprime/wolfcastle/internal/git/git.go:89.2,89.56 1 1
github.com/dorkusprime/wolfcastle/internal/git/git.go:89.56,91.17 2 1
github.com/dorkusprime/wolfcastle/internal/git/git.go:91.17,92.12 1 1
github.com/dorkusprime/wolfcastle/internal/git/git.go:95.3,96.20 2 1
github.com/dorkusprime/wolfcastle/internal/git/git.go:96.20,98.4 1 1
github.com/dorkusprime/wolfcastle/internal/git/git.go:100.3,100.51 1 1
github.com/dorkusprime/wolfcastle/internal/git/git.go:100.51,102.4 1 1
github.com/dorkusprime/wolfcastle/internal/git/git.go:103.3,103.44 1 1
github.com/dorkusprime/wolfcastle/internal/git/git.go:103.44,105.4 1 1
github.com/dorkusprime/wolfcastle/internal/git/git.go:107.2,107.14 1 1
github.com/dorkusprime/wolfcastle/internal/git/git.go:112.56,114.2 1 1
github.com/dorkusprime/wolfcastle/internal/git/git.go:117.61,121.2 3 1
github.com/dorkusprime/wolfcastle/internal/git/git.go:124.53,128.2 3 1
github.com/dorkusprime/wolfcastle/internal/git/git.go:130.60,131.29 1 1
github.com/dorkusprime/wolfcastle/internal/git/git.go:131.29,132.33 1 1
github.com/dorkusprime/wolfcastle/internal/git/git.go:132.33,134.4 1 1
github.com/dorkusprime/wolfcastle/internal/git/git.go:136.2,136.14 1 1
